{"uid":"7e40cd25bb9006a9","name":"Carga exitosa del archivo masivo y descarga de resultados","fullName":"Carga masiva de cotización: Carga exitosa del archivo masivo y descarga de resultados","historyId":"a26915b69921168eea35294074258aa7","time":{"start":1763839432324,"stop":1763839447837,"duration":15513},"status":"broken","statusMessage":"selenium.common.exceptions.StaleElementReferenceException: Message: stale element reference: stale element not found in the current frame\n  (Session info: chrome=142.0.7444.60); For documentation on this error, please visit: https://www.selenium.dev/documentation/webdriver/troubleshooting/errors#staleelementreferenceexception\nStacktrace:\nSymbols not available. Dumping unresolved backtrace:\n\t0x7ff6e98f7a35\n\t0x7ff6e98f7a90\n\t0x7ff6e96716ad\n\t0x7ff6e967948f\n\t0x7ff6e967c4ef\n\t0x7ff6e967c5af\n\t0x7ff6e96d223b\n\t0x7ff6e96cfcde\n\t0x7ff6e96ccc11\n\t0x7ff6e96cbad0\n\t0x7ff6e96bd2c8\n\t0x7ff6e96f297a\n\t0x7ff6e96bcb56\n\t0x7ff6e971b8fb\n\t0x7ff6e96bb068\n\t0x7ff6e96bbe93\n\t0x7ff6e9bb29d0\n\t0x7ff6e9bace50\n\t0x7ff6e9bccc45\n\t0x7ff6e99130ce\n\t0x7ff6e991adbf\n\t0x7ff6e9900c14\n\t0x7ff6e9900dcf\n\t0x7ff6e98e6828\n\t0x7ff84c27e8d7\n\t0x7ff84e50c53c\n\n","statusTrace":"  File \"C:\\actions-runner\\_tool\\Python\\3.13.9\\x64\\Lib\\site-packages\\behave\\model.py\", line 1991, in run\n    match.run(runner.context)\n    ~~~~~~~~~^^^^^^^^^^^^^^^^\n  File \"C:\\actions-runner\\_tool\\Python\\3.13.9\\x64\\Lib\\site-packages\\behave\\matchers.py\", line 105, in run\n    self.func(context, *args, **kwargs)\n    ~~~~~~~~~^^^^^^^^^^^^^^^^^^^^^^^^^^\n  File \"features\\steps\\crear_cotizacion_masiva.steps.py\", line 16, in step_upload_file\n    context.page.upload_cotizacion_file(context)\n    ~~~~~~~~~~~~~~~~~~~~~~~~~~~~~~~~~~~^^^^^^^^^\n  File \"D:\\a\\AndinaCoreTesting\\AndinaCoreTesting\\pages\\cotizacion_masiva_page.py\", line 59, in upload_cotizacion_file\n    ).click()\n      ~~~~~^^\n  File \"C:\\actions-runner\\_tool\\Python\\3.13.9\\x64\\Lib\\site-packages\\selenium\\webdriver\\remote\\webelement.py\", line 119, in click\n    self._execute(Command.CLICK_ELEMENT)\n    ~~~~~~~~~~~~~^^^^^^^^^^^^^^^^^^^^^^^\n  File \"C:\\actions-runner\\_tool\\Python\\3.13.9\\x64\\Lib\\site-packages\\selenium\\webdriver\\remote\\webelement.py\", line 572, in _execute\n    return self._parent.execute(command, params)\n           ~~~~~~~~~~~~~~~~~~~~^^^^^^^^^^^^^^^^^\n  File \"C:\\actions-runner\\_tool\\Python\\3.13.9\\x64\\Lib\\site-packages\\selenium\\webdriver\\remote\\webdriver.py\", line 458, in execute\n    self.error_handler.check_response(response)\n    ~~~~~~~~~~~~~~~~~~~~~~~~~~~~~~~~~^^^^^^^^^^\n  File \"C:\\actions-runner\\_tool\\Python\\3.13.9\\x64\\Lib\\site-packages\\selenium\\webdriver\\remote\\errorhandler.py\", line 233, in check_response\n    raise exception_class(message, screen, stacktrace)\n","flaky":false,"newFailed":false,"newBroken":false,"newPassed":false,"retriesCount":1,"retriesStatusChange":false,"beforeStages":[],"testStage":{"status":"broken","statusMessage":"selenium.common.exceptions.StaleElementReferenceException: Message: stale element reference: stale element not found in the current frame\n  (Session info: chrome=142.0.7444.60); For documentation on this error, please visit: https://www.selenium.dev/documentation/webdriver/troubleshooting/errors#staleelementreferenceexception\nStacktrace:\nSymbols not available. Dumping unresolved backtrace:\n\t0x7ff6e98f7a35\n\t0x7ff6e98f7a90\n\t0x7ff6e96716ad\n\t0x7ff6e967948f\n\t0x7ff6e967c4ef\n\t0x7ff6e967c5af\n\t0x7ff6e96d223b\n\t0x7ff6e96cfcde\n\t0x7ff6e96ccc11\n\t0x7ff6e96cbad0\n\t0x7ff6e96bd2c8\n\t0x7ff6e96f297a\n\t0x7ff6e96bcb56\n\t0x7ff6e971b8fb\n\t0x7ff6e96bb068\n\t0x7ff6e96bbe93\n\t0x7ff6e9bb29d0\n\t0x7ff6e9bace50\n\t0x7ff6e9bccc45\n\t0x7ff6e99130ce\n\t0x7ff6e991adbf\n\t0x7ff6e9900c14\n\t0x7ff6e9900dcf\n\t0x7ff6e98e6828\n\t0x7ff84c27e8d7\n\t0x7ff84e50c53c\n\n","statusTrace":"  File \"C:\\actions-runner\\_tool\\Python\\3.13.9\\x64\\Lib\\site-packages\\behave\\model.py\", line 1991, in run\n    match.run(runner.context)\n    ~~~~~~~~~^^^^^^^^^^^^^^^^\n  File \"C:\\actions-runner\\_tool\\Python\\3.13.9\\x64\\Lib\\site-packages\\behave\\matchers.py\", line 105, in run\n    self.func(context, *args, **kwargs)\n    ~~~~~~~~~^^^^^^^^^^^^^^^^^^^^^^^^^^\n  File \"features\\steps\\crear_cotizacion_masiva.steps.py\", line 16, in step_upload_file\n    context.page.upload_cotizacion_file(context)\n    ~~~~~~~~~~~~~~~~~~~~~~~~~~~~~~~~~~~^^^^^^^^^\n  File \"D:\\a\\AndinaCoreTesting\\AndinaCoreTesting\\pages\\cotizacion_masiva_page.py\", line 59, in upload_cotizacion_file\n    ).click()\n      ~~~~~^^\n  File \"C:\\actions-runner\\_tool\\Python\\3.13.9\\x64\\Lib\\site-packages\\selenium\\webdriver\\remote\\webelement.py\", line 119, in click\n    self._execute(Command.CLICK_ELEMENT)\n    ~~~~~~~~~~~~~^^^^^^^^^^^^^^^^^^^^^^^\n  File \"C:\\actions-runner\\_tool\\Python\\3.13.9\\x64\\Lib\\site-packages\\selenium\\webdriver\\remote\\webelement.py\", line 572, in _execute\n    return self._parent.execute(command, params)\n           ~~~~~~~~~~~~~~~~~~~~^^^^^^^^^^^^^^^^^\n  File \"C:\\actions-runner\\_tool\\Python\\3.13.9\\x64\\Lib\\site-packages\\selenium\\webdriver\\remote\\webdriver.py\", line 458, in execute\n    self.error_handler.check_response(response)\n    ~~~~~~~~~~~~~~~~~~~~~~~~~~~~~~~~~^^^^^^^^^^\n  File \"C:\\actions-runner\\_tool\\Python\\3.13.9\\x64\\Lib\\site-packages\\selenium\\webdriver\\remote\\errorhandler.py\", line 233, in check_response\n    raise exception_class(message, screen, stacktrace)\n","steps":[{"name":"Dado que abro la página de login","time":{"start":1763839433806,"stop":1763839434600,"duration":794},"status":"passed","steps":[],"attachments":[],"parameters":[],"shouldDisplayMessage":false,"attachmentsCount":0,"attachmentStep":false,"stepsCount":0,"hasContent":false},{"name":"Y usando la identidad del archivo .env","time":{"start":1763839434600,"stop":1763839442025,"duration":7425},"status":"passed","steps":[],"attachments":[],"parameters":[],"shouldDisplayMessage":false,"attachmentsCount":0,"attachmentStep":false,"stepsCount":0,"hasContent":false},{"name":"Cuando navego a la página de cotización","time":{"start":1763839442025,"stop":1763839442412,"duration":387},"status":"passed","steps":[],"attachments":[],"parameters":[],"shouldDisplayMessage":false,"attachmentsCount":0,"attachmentStep":false,"stepsCount":0,"hasContent":false},{"name":"Y subo el archivo plano de cotización","time":{"start":1763839442412,"stop":1763839445601,"duration":3189},"status":"broken","statusMessage":"selenium.common.exceptions.StaleElementReferenceException: Message: stale element reference: stale element not found in the current frame\n  (Session info: chrome=142.0.7444.60); For documentation on this error, please visit: https://www.selenium.dev/documentation/webdriver/troubleshooting/errors#staleelementreferenceexception\nStacktrace:\nSymbols not available. Dumping unresolved backtrace:\n\t0x7ff6e98f7a35\n\t0x7ff6e98f7a90\n\t0x7ff6e96716ad\n\t0x7ff6e967948f\n\t0x7ff6e967c4ef\n\t0x7ff6e967c5af\n\t0x7ff6e96d223b\n\t0x7ff6e96cfcde\n\t0x7ff6e96ccc11\n\t0x7ff6e96cbad0\n\t0x7ff6e96bd2c8\n\t0x7ff6e96f297a\n\t0x7ff6e96bcb56\n\t0x7ff6e971b8fb\n\t0x7ff6e96bb068\n\t0x7ff6e96bbe93\n\t0x7ff6e9bb29d0\n\t0x7ff6e9bace50\n\t0x7ff6e9bccc45\n\t0x7ff6e99130ce\n\t0x7ff6e991adbf\n\t0x7ff6e9900c14\n\t0x7ff6e9900dcf\n\t0x7ff6e98e6828\n\t0x7ff84c27e8d7\n\t0x7ff84e50c53c\n\n","statusTrace":"  File \"C:\\actions-runner\\_tool\\Python\\3.13.9\\x64\\Lib\\site-packages\\behave\\model.py\", line 1991, in run\n    match.run(runner.context)\n    ~~~~~~~~~^^^^^^^^^^^^^^^^\n  File \"C:\\actions-runner\\_tool\\Python\\3.13.9\\x64\\Lib\\site-packages\\behave\\matchers.py\", line 105, in run\n    self.func(context, *args, **kwargs)\n    ~~~~~~~~~^^^^^^^^^^^^^^^^^^^^^^^^^^\n  File \"features\\steps\\crear_cotizacion_masiva.steps.py\", line 16, in step_upload_file\n    context.page.upload_cotizacion_file(context)\n    ~~~~~~~~~~~~~~~~~~~~~~~~~~~~~~~~~~~^^^^^^^^^\n  File \"D:\\a\\AndinaCoreTesting\\AndinaCoreTesting\\pages\\cotizacion_masiva_page.py\", line 59, in upload_cotizacion_file\n    ).click()\n      ~~~~~^^\n  File \"C:\\actions-runner\\_tool\\Python\\3.13.9\\x64\\Lib\\site-packages\\selenium\\webdriver\\remote\\webelement.py\", line 119, in click\n    self._execute(Command.CLICK_ELEMENT)\n    ~~~~~~~~~~~~~^^^^^^^^^^^^^^^^^^^^^^^\n  File \"C:\\actions-runner\\_tool\\Python\\3.13.9\\x64\\Lib\\site-packages\\selenium\\webdriver\\remote\\webelement.py\", line 572, in _execute\n    return self._parent.execute(command, params)\n           ~~~~~~~~~~~~~~~~~~~~^^^^^^^^^^^^^^^^^\n  File \"C:\\actions-runner\\_tool\\Python\\3.13.9\\x64\\Lib\\site-packages\\selenium\\webdriver\\remote\\webdriver.py\", line 458, in execute\n    self.error_handler.check_response(response)\n    ~~~~~~~~~~~~~~~~~~~~~~~~~~~~~~~~~^^^^^^^^^^\n  File \"C:\\actions-runner\\_tool\\Python\\3.13.9\\x64\\Lib\\site-packages\\selenium\\webdriver\\remote\\errorhandler.py\", line 233, in check_response\n    raise exception_class(message, screen, stacktrace)\n","steps":[],"attachments":[{"uid":"dc7f2c6ccf50d026","name":"Cargando el archivo de cotizacion","source":"dc7f2c6ccf50d026.png","type":"image/png","size":149183}],"parameters":[],"shouldDisplayMessage":true,"attachmentsCount":1,"attachmentStep":false,"stepsCount":0,"hasContent":true},{"name":"Entonces se descarga un archivo de resultados de cargue de cotizacion masiva","time":{"start":1763839447837,"stop":1763839447837,"duration":0},"status":"skipped","steps":[],"attachments":[],"parameters":[],"shouldDisplayMessage":false,"attachmentsCount":0,"attachmentStep":false,"stepsCount":0,"hasContent":false}],"attachments":[],"parameters":[],"shouldDisplayMessage":false,"attachmentsCount":1,"attachmentStep":false,"stepsCount":5,"hasContent":true},"afterStages":[],"labels":[{"name":"severity","value":"normal"},{"name":"tag","value":"crear_cotizacion_masiva"},{"name":"feature","value":"Carga masiva de cotización"},{"name":"framework","value":"behave"},{"name":"language","value":"cpython3"},{"name":"resultFormat","value":"allure2"}],"parameters":[],"links":[],"hidden":false,"retry":false,"extra":{"severity":"normal","retries":[{"uid":"9aed39b69ab76552","status":"broken","statusDetails":"selenium.common.exceptions.StaleElementReferenceException: Message: stale element reference: stale element not found in the current frame\n  (Session info: chrome=142.0.7444.60); For documentation on this error, please visit: https://www.selenium.dev/documentation/webdriver/troubleshooting/errors#staleelementreferenceexception\nStacktrace:\nSymbols not available. Dumping unresolved backtrace:\n\t0x7ff6e98f7a35\n\t0x7ff6e98f7a90\n\t0x7ff6e96716ad\n\t0x7ff6e967948f\n\t0x7ff6e967c4ef\n\t0x7ff6e967c5af\n\t0x7ff6e96d223b\n\t0x7ff6e96cf69f\n\t0x7ff6e96ccc11\n\t0x7ff6e96cbad0\n\t0x7ff6e96bd2c8\n\t0x7ff6e96f297a\n\t0x7ff6e96bcb56\n\t0x7ff6e971b8fb\n\t0x7ff6e96bb068\n\t0x7ff6e96bbe93\n\t0x7ff6e9bb29d0\n\t0x7ff6e9bace50\n\t0x7ff6e9bccc45\n\t0x7ff6e99130ce\n\t0x7ff6e991adbf\n\t0x7ff6e9900c14\n\t0x7ff6e9900dcf\n\t0x7ff6e98e6828\n\t0x7ff84c27e8d7\n\t0x7ff84e50c53c\n\n","time":{"start":1763839377403,"stop":1763839404774,"duration":27371}}],"categories":[{"name":"Test defects","matchedStatuses":[]}],"tags":["crear_cotizacion_masiva"]},"source":"7e40cd25bb9006a9.json","parameterValues":[]}