{"uid":"d1c9059ae7eabba7","name":"Crear y eliminar vigencias para una lista de parámetros","fullName":"Edicion de parametros: Crear y eliminar vigencias para una lista de parámetros","historyId":"08a2efc5cdbcf3db7ceb4c2618ddd288","time":{"start":1763607947702,"stop":1763607965260,"duration":17558},"status":"broken","statusMessage":"selenium.common.exceptions.ElementClickInterceptedException: Message: element click intercepted: Element <button data-v-8ae3e4d2=\"\" data-v-3d668036=\"\" class=\"q-btn q-btn-item non-selectable no-outline q-btn--flat q-btn--rectangle q-btn--actionable q-focusable q-hoverable q-btn--no-uppercase btn__secundary\" tabindex=\"0\" type=\"button\">...</button> is not clickable at point (1616, 330). Other element would receive the click: <div class=\"q-dialog__backdrop fixed-full\" aria-hidden=\"true\" tabindex=\"-1\" style=\"--q-transition-duration: 300ms;\"></div>\n  (Session info: chrome=142.0.7444.60); For documentation on this error, please visit: https://www.selenium.dev/documentation/webdriver/troubleshooting/errors#elementclickinterceptedexception\nStacktrace:\nSymbols not available. Dumping unresolved backtrace:\n\t0x7ff7ad667a35\n\t0x7ff7ad667a90\n\t0x7ff7ad3e16ad\n\t0x7ff7ad442359\n\t0x7ff7ad43fcde\n\t0x7ff7ad43cc11\n\t0x7ff7ad43bad0\n\t0x7ff7ad42d2c8\n\t0x7ff7ad46297a\n\t0x7ff7ad42cb56\n\t0x7ff7ad48b8fb\n\t0x7ff7ad42b068\n\t0x7ff7ad42be93\n\t0x7ff7ad9229d0\n\t0x7ff7ad91ce50\n\t0x7ff7ad93cc45\n\t0x7ff7ad6830ce\n\t0x7ff7ad68adbf\n\t0x7ff7ad670c14\n\t0x7ff7ad670dcf\n\t0x7ff7ad656828\n\t0x7ff9e9dfe8d7\n\t0x7ff9ea7cc53c\n\n","statusTrace":"  File \"C:\\actions-runner\\_tool\\Python\\3.13.9\\x64\\Lib\\site-packages\\behave\\model.py\", line 1991, in run\n    match.run(runner.context)\n    ~~~~~~~~~^^^^^^^^^^^^^^^^\n  File \"C:\\actions-runner\\_tool\\Python\\3.13.9\\x64\\Lib\\site-packages\\behave\\matchers.py\", line 105, in run\n    self.func(context, *args, **kwargs)\n    ~~~~~~~~~^^^^^^^^^^^^^^^^^^^^^^^^^^\n  File \"features\\steps\\parametria.steps.py\", line 49, in crear_vigencias\n    context.page.click_boton_atras()\n    ~~~~~~~~~~~~~~~~~~~~~~~~~~~~~~^^\n  File \"D:\\a\\AndinaCoreTesting\\AndinaCoreTesting\\pages\\parametria_page.py\", line 72, in click_boton_atras\n    boton_atras.click()\n    ~~~~~~~~~~~~~~~~~^^\n  File \"C:\\actions-runner\\_tool\\Python\\3.13.9\\x64\\Lib\\site-packages\\selenium\\webdriver\\remote\\webelement.py\", line 119, in click\n    self._execute(Command.CLICK_ELEMENT)\n    ~~~~~~~~~~~~~^^^^^^^^^^^^^^^^^^^^^^^\n  File \"C:\\actions-runner\\_tool\\Python\\3.13.9\\x64\\Lib\\site-packages\\selenium\\webdriver\\remote\\webelement.py\", line 572, in _execute\n    return self._parent.execute(command, params)\n           ~~~~~~~~~~~~~~~~~~~~^^^^^^^^^^^^^^^^^\n  File \"C:\\actions-runner\\_tool\\Python\\3.13.9\\x64\\Lib\\site-packages\\selenium\\webdriver\\remote\\webdriver.py\", line 458, in execute\n    self.error_handler.check_response(response)\n    ~~~~~~~~~~~~~~~~~~~~~~~~~~~~~~~~~^^^^^^^^^^\n  File \"C:\\actions-runner\\_tool\\Python\\3.13.9\\x64\\Lib\\site-packages\\selenium\\webdriver\\remote\\errorhandler.py\", line 233, in check_response\n    raise exception_class(message, screen, stacktrace)\n","flaky":false,"newFailed":false,"newBroken":false,"newPassed":false,"retriesCount":0,"retriesStatusChange":false,"beforeStages":[],"testStage":{"status":"broken","statusMessage":"selenium.common.exceptions.ElementClickInterceptedException: Message: element click intercepted: Element <button data-v-8ae3e4d2=\"\" data-v-3d668036=\"\" class=\"q-btn q-btn-item non-selectable no-outline q-btn--flat q-btn--rectangle q-btn--actionable q-focusable q-hoverable q-btn--no-uppercase btn__secundary\" tabindex=\"0\" type=\"button\">...</button> is not clickable at point (1616, 330). Other element would receive the click: <div class=\"q-dialog__backdrop fixed-full\" aria-hidden=\"true\" tabindex=\"-1\" style=\"--q-transition-duration: 300ms;\"></div>\n  (Session info: chrome=142.0.7444.60); For documentation on this error, please visit: https://www.selenium.dev/documentation/webdriver/troubleshooting/errors#elementclickinterceptedexception\nStacktrace:\nSymbols not available. Dumping unresolved backtrace:\n\t0x7ff7ad667a35\n\t0x7ff7ad667a90\n\t0x7ff7ad3e16ad\n\t0x7ff7ad442359\n\t0x7ff7ad43fcde\n\t0x7ff7ad43cc11\n\t0x7ff7ad43bad0\n\t0x7ff7ad42d2c8\n\t0x7ff7ad46297a\n\t0x7ff7ad42cb56\n\t0x7ff7ad48b8fb\n\t0x7ff7ad42b068\n\t0x7ff7ad42be93\n\t0x7ff7ad9229d0\n\t0x7ff7ad91ce50\n\t0x7ff7ad93cc45\n\t0x7ff7ad6830ce\n\t0x7ff7ad68adbf\n\t0x7ff7ad670c14\n\t0x7ff7ad670dcf\n\t0x7ff7ad656828\n\t0x7ff9e9dfe8d7\n\t0x7ff9ea7cc53c\n\n","statusTrace":"  File \"C:\\actions-runner\\_tool\\Python\\3.13.9\\x64\\Lib\\site-packages\\behave\\model.py\", line 1991, in run\n    match.run(runner.context)\n    ~~~~~~~~~^^^^^^^^^^^^^^^^\n  File \"C:\\actions-runner\\_tool\\Python\\3.13.9\\x64\\Lib\\site-packages\\behave\\matchers.py\", line 105, in run\n    self.func(context, *args, **kwargs)\n    ~~~~~~~~~^^^^^^^^^^^^^^^^^^^^^^^^^^\n  File \"features\\steps\\parametria.steps.py\", line 49, in crear_vigencias\n    context.page.click_boton_atras()\n    ~~~~~~~~~~~~~~~~~~~~~~~~~~~~~~^^\n  File \"D:\\a\\AndinaCoreTesting\\AndinaCoreTesting\\pages\\parametria_page.py\", line 72, in click_boton_atras\n    boton_atras.click()\n    ~~~~~~~~~~~~~~~~~^^\n  File \"C:\\actions-runner\\_tool\\Python\\3.13.9\\x64\\Lib\\site-packages\\selenium\\webdriver\\remote\\webelement.py\", line 119, in click\n    self._execute(Command.CLICK_ELEMENT)\n    ~~~~~~~~~~~~~^^^^^^^^^^^^^^^^^^^^^^^\n  File \"C:\\actions-runner\\_tool\\Python\\3.13.9\\x64\\Lib\\site-packages\\selenium\\webdriver\\remote\\webelement.py\", line 572, in _execute\n    return self._parent.execute(command, params)\n           ~~~~~~~~~~~~~~~~~~~~^^^^^^^^^^^^^^^^^\n  File \"C:\\actions-runner\\_tool\\Python\\3.13.9\\x64\\Lib\\site-packages\\selenium\\webdriver\\remote\\webdriver.py\", line 458, in execute\n    self.error_handler.check_response(response)\n    ~~~~~~~~~~~~~~~~~~~~~~~~~~~~~~~~~^^^^^^^^^^\n  File \"C:\\actions-runner\\_tool\\Python\\3.13.9\\x64\\Lib\\site-packages\\selenium\\webdriver\\remote\\errorhandler.py\", line 233, in check_response\n    raise exception_class(message, screen, stacktrace)\n","steps":[{"name":"Dado que abro la página de login","time":{"start":1763607949111,"stop":1763607949985,"duration":874},"status":"passed","steps":[],"attachments":[],"parameters":[],"shouldDisplayMessage":false,"attachmentsCount":0,"attachmentStep":false,"stepsCount":0,"hasContent":false},{"name":"Y usando la identidad del archivo .env","time":{"start":1763607949985,"stop":1763607958043,"duration":8058},"status":"passed","steps":[],"attachments":[],"parameters":[],"shouldDisplayMessage":false,"attachmentsCount":0,"attachmentStep":false,"stepsCount":0,"hasContent":false},{"name":"Dado que estoy en la página de parámetros de actualización periódica","time":{"start":1763607958043,"stop":1763607959262,"duration":1219},"status":"passed","steps":[],"attachments":[{"uid":"54e9595e1a04a9c4","name":"Listado_parametros","source":"54e9595e1a04a9c4.png","type":"image/png","size":86818}],"parameters":[],"shouldDisplayMessage":false,"attachmentsCount":1,"attachmentStep":false,"stepsCount":0,"hasContent":true},{"name":"Cuando creo vigencias para:","time":{"start":1763607959262,"stop":1763607963057,"duration":3795},"status":"broken","statusMessage":"selenium.common.exceptions.ElementClickInterceptedException: Message: element click intercepted: Element <button data-v-8ae3e4d2=\"\" data-v-3d668036=\"\" class=\"q-btn q-btn-item non-selectable no-outline q-btn--flat q-btn--rectangle q-btn--actionable q-focusable q-hoverable q-btn--no-uppercase btn__secundary\" tabindex=\"0\" type=\"button\">...</button> is not clickable at point (1616, 330). Other element would receive the click: <div class=\"q-dialog__backdrop fixed-full\" aria-hidden=\"true\" tabindex=\"-1\" style=\"--q-transition-duration: 300ms;\"></div>\n  (Session info: chrome=142.0.7444.60); For documentation on this error, please visit: https://www.selenium.dev/documentation/webdriver/troubleshooting/errors#elementclickinterceptedexception\nStacktrace:\nSymbols not available. Dumping unresolved backtrace:\n\t0x7ff7ad667a35\n\t0x7ff7ad667a90\n\t0x7ff7ad3e16ad\n\t0x7ff7ad442359\n\t0x7ff7ad43fcde\n\t0x7ff7ad43cc11\n\t0x7ff7ad43bad0\n\t0x7ff7ad42d2c8\n\t0x7ff7ad46297a\n\t0x7ff7ad42cb56\n\t0x7ff7ad48b8fb\n\t0x7ff7ad42b068\n\t0x7ff7ad42be93\n\t0x7ff7ad9229d0\n\t0x7ff7ad91ce50\n\t0x7ff7ad93cc45\n\t0x7ff7ad6830ce\n\t0x7ff7ad68adbf\n\t0x7ff7ad670c14\n\t0x7ff7ad670dcf\n\t0x7ff7ad656828\n\t0x7ff9e9dfe8d7\n\t0x7ff9ea7cc53c\n\n","statusTrace":"  File \"C:\\actions-runner\\_tool\\Python\\3.13.9\\x64\\Lib\\site-packages\\behave\\model.py\", line 1991, in run\n    match.run(runner.context)\n    ~~~~~~~~~^^^^^^^^^^^^^^^^\n  File \"C:\\actions-runner\\_tool\\Python\\3.13.9\\x64\\Lib\\site-packages\\behave\\matchers.py\", line 105, in run\n    self.func(context, *args, **kwargs)\n    ~~~~~~~~~^^^^^^^^^^^^^^^^^^^^^^^^^^\n  File \"features\\steps\\parametria.steps.py\", line 49, in crear_vigencias\n    context.page.click_boton_atras()\n    ~~~~~~~~~~~~~~~~~~~~~~~~~~~~~~^^\n  File \"D:\\a\\AndinaCoreTesting\\AndinaCoreTesting\\pages\\parametria_page.py\", line 72, in click_boton_atras\n    boton_atras.click()\n    ~~~~~~~~~~~~~~~~~^^\n  File \"C:\\actions-runner\\_tool\\Python\\3.13.9\\x64\\Lib\\site-packages\\selenium\\webdriver\\remote\\webelement.py\", line 119, in click\n    self._execute(Command.CLICK_ELEMENT)\n    ~~~~~~~~~~~~~^^^^^^^^^^^^^^^^^^^^^^^\n  File \"C:\\actions-runner\\_tool\\Python\\3.13.9\\x64\\Lib\\site-packages\\selenium\\webdriver\\remote\\webelement.py\", line 572, in _execute\n    return self._parent.execute(command, params)\n           ~~~~~~~~~~~~~~~~~~~~^^^^^^^^^^^^^^^^^\n  File \"C:\\actions-runner\\_tool\\Python\\3.13.9\\x64\\Lib\\site-packages\\selenium\\webdriver\\remote\\webdriver.py\", line 458, in execute\n    self.error_handler.check_response(response)\n    ~~~~~~~~~~~~~~~~~~~~~~~~~~~~~~~~~^^^^^^^^^^\n  File \"C:\\actions-runner\\_tool\\Python\\3.13.9\\x64\\Lib\\site-packages\\selenium\\webdriver\\remote\\errorhandler.py\", line 233, in check_response\n    raise exception_class(message, screen, stacktrace)\n","steps":[],"attachments":[{"uid":"3df7dfd172015c8a","name":".table","source":"3df7dfd172015c8a.csv","type":"text/csv","size":139},{"uid":"2b083bffcd3504df","name":"Editar_parametro_SMMLV","source":"2b083bffcd3504df.png","type":"image/png","size":94750}],"parameters":[],"shouldDisplayMessage":true,"attachmentsCount":2,"attachmentStep":false,"stepsCount":0,"hasContent":true},{"name":"Entonces todas las vigencias quedan creadas","time":{"start":1763607965260,"stop":1763607965260,"duration":0},"status":"skipped","steps":[],"attachments":[],"parameters":[],"shouldDisplayMessage":false,"attachmentsCount":0,"attachmentStep":false,"stepsCount":0,"hasContent":false},{"name":"Y elimino las vigencias creadas","time":{"start":1763607965260,"stop":1763607965260,"duration":0},"status":"skipped","steps":[],"attachments":[],"parameters":[],"shouldDisplayMessage":false,"attachmentsCount":0,"attachmentStep":false,"stepsCount":0,"hasContent":false}],"attachments":[],"parameters":[],"shouldDisplayMessage":false,"attachmentsCount":3,"attachmentStep":false,"stepsCount":6,"hasContent":true},"afterStages":[],"labels":[{"name":"severity","value":"normal"},{"name":"tag","value":"parametros"},{"name":"feature","value":"Edicion de parametros"},{"name":"framework","value":"behave"},{"name":"language","value":"cpython3"},{"name":"resultFormat","value":"allure2"}],"parameters":[],"links":[],"hidden":false,"retry":false,"extra":{"severity":"normal","retries":[],"categories":[{"name":"Test defects","matchedStatuses":[]}],"tags":["parametros"]},"source":"d1c9059ae7eabba7.json","parameterValues":[]}