{"a26915b69921168eea35294074258aa7":{"statistic":{"failed":0,"broken":0,"skipped":0,"passed":1,"unknown":0,"total":1},"items":[{"uid":"4705ae67c9c8ba62","status":"passed","time":{"start":1763607900800,"stop":1763607933108,"duration":32308}}]},"31e7a94ee5afd31ddf266e898b634f47":{"statistic":{"failed":0,"broken":1,"skipped":0,"passed":0,"unknown":0,"total":1},"items":[{"uid":"ec3b9d101767607a","status":"broken","statusDetails":"selenium.common.exceptions.StaleElementReferenceException: Message: stale element reference: stale element not found in the current frame\n  (Session info: chrome=142.0.7444.60); For documentation on this error, please visit: https://www.selenium.dev/documentation/webdriver/troubleshooting/errors#staleelementreferenceexception\nStacktrace:\nSymbols not available. Dumping unresolved backtrace:\n\t0x7ff7ad667a35\n\t0x7ff7ad667a90\n\t0x7ff7ad3e16ad\n\t0x7ff7ad3e948f\n\t0x7ff7ad3ec4ef\n\t0x7ff7ad3ec5af\n\t0x7ff7ad44223b\n\t0x7ff7ad43fcde\n\t0x7ff7ad43cc11\n\t0x7ff7ad43bad0\n\t0x7ff7ad42d2c8\n\t0x7ff7ad46297a\n\t0x7ff7ad42cb56\n\t0x7ff7ad48b8fb\n\t0x7ff7ad42b068\n\t0x7ff7ad42be93\n\t0x7ff7ad9229d0\n\t0x7ff7ad91ce50\n\t0x7ff7ad93cc45\n\t0x7ff7ad6830ce\n\t0x7ff7ad68adbf\n\t0x7ff7ad670c14\n\t0x7ff7ad670dcf\n\t0x7ff7ad656828\n\t0x7ff9e9dfe8d7\n\t0x7ff9ea7cc53c\n\n","time":{"start":1763607977758,"stop":1763607994316,"duration":16558}}]},"9ec6cf1bd68c952121a09b3ca3bdd5d7":{"statistic":{"failed":0,"broken":0,"skipped":0,"passed":1,"unknown":0,"total":1},"items":[{"uid":"871f2a055448d757","status":"passed","time":{"start":1763607965261,"stop":1763607977756,"duration":12495}}]},"ea326f9293d0f56ccd7f08eff0ecd7ee":{"statistic":{"failed":0,"broken":0,"skipped":0,"passed":1,"unknown":0,"total":1},"items":[{"uid":"e777f74b121e59f4","status":"passed","time":{"start":1763607933110,"stop":1763607947701,"duration":14591}}]},"08a2efc5cdbcf3db7ceb4c2618ddd288":{"statistic":{"failed":0,"broken":1,"skipped":0,"passed":0,"unknown":0,"total":1},"items":[{"uid":"d1c9059ae7eabba7","status":"broken","statusDetails":"selenium.common.exceptions.ElementClickInterceptedException: Message: element click intercepted: Element <button data-v-8ae3e4d2=\"\" data-v-3d668036=\"\" class=\"q-btn q-btn-item non-selectable no-outline q-btn--flat q-btn--rectangle q-btn--actionable q-focusable q-hoverable q-btn--no-uppercase btn__secundary\" tabindex=\"0\" type=\"button\">...</button> is not clickable at point (1616, 330). Other element would receive the click: <div class=\"q-dialog__backdrop fixed-full\" aria-hidden=\"true\" tabindex=\"-1\" style=\"--q-transition-duration: 300ms;\"></div>\n  (Session info: chrome=142.0.7444.60); For documentation on this error, please visit: https://www.selenium.dev/documentation/webdriver/troubleshooting/errors#elementclickinterceptedexception\nStacktrace:\nSymbols not available. Dumping unresolved backtrace:\n\t0x7ff7ad667a35\n\t0x7ff7ad667a90\n\t0x7ff7ad3e16ad\n\t0x7ff7ad442359\n\t0x7ff7ad43fcde\n\t0x7ff7ad43cc11\n\t0x7ff7ad43bad0\n\t0x7ff7ad42d2c8\n\t0x7ff7ad46297a\n\t0x7ff7ad42cb56\n\t0x7ff7ad48b8fb\n\t0x7ff7ad42b068\n\t0x7ff7ad42be93\n\t0x7ff7ad9229d0\n\t0x7ff7ad91ce50\n\t0x7ff7ad93cc45\n\t0x7ff7ad6830ce\n\t0x7ff7ad68adbf\n\t0x7ff7ad670c14\n\t0x7ff7ad670dcf\n\t0x7ff7ad656828\n\t0x7ff9e9dfe8d7\n\t0x7ff9ea7cc53c\n\n","time":{"start":1763607947702,"stop":1763607965260,"duration":17558}}]}}