{"uid":"758f16c91f5e7c7d","name":"R01- C01 Carga exitosa del archivo masivo y descarga de resultados","fullName":"R01 Carga masiva de cotización: R01- C01 Carga exitosa del archivo masivo y descarga de resultados","historyId":"8de1de020f3f82878de3ae1c80f5d074","time":{"start":1764041352660,"stop":1764041423083,"duration":70423},"status":"broken","statusMessage":"playwright._impl._errors.TimeoutError: Locator.click: Timeout 20000ms exceeded.\nCall log:\n  - waiting for locator(\"//*[contains(text(), 'Generar cotización')]\")\n\n","statusTrace":"  File \"C:\\actions-runner\\_tool\\Python\\3.13.9\\x64\\Lib\\site-packages\\behave\\model.py\", line 1991, in run\n    match.run(runner.context)\n    ~~~~~~~~~^^^^^^^^^^^^^^^^\n  File \"C:\\actions-runner\\_tool\\Python\\3.13.9\\x64\\Lib\\site-packages\\behave\\matchers.py\", line 105, in run\n    self.func(context, *args, **kwargs)\n    ~~~~~~~~~^^^^^^^^^^^^^^^^^^^^^^^^^^\n  File \"features\\steps\\crear_cotizacion_masiva.steps.py\", line 15, in step_upload_file\n    context.cotizacion_page.upload_cotizacion_file(context)\n    ~~~~~~~~~~~~~~~~~~~~~~~~~~~~~~~~~~~~~~~~~~~~~~^^^^^^^^^\n  File \"D:\\a\\AndinaCoreTesting\\AndinaCoreTesting\\pages\\cotizacion_masiva_page.py\", line 19, in upload_cotizacion_file\n    self.page.locator(\"//*[contains(text(), 'Generar cotización')]\").click(\n    ~~~~~~~~~~~~~~~~~~~~~~~~~~~~~~~~~~~~~~~~~~~~~~~~~~~~~~~~~~~~~~~~~~~~~~^\n        timeout=20_000\n        ^^^^^^^^^^^^^^\n    )\n    ^\n  File \"C:\\actions-runner\\_tool\\Python\\3.13.9\\x64\\Lib\\site-packages\\playwright\\sync_api\\_generated.py\", line 15573, in click\n    self._sync(\n    ~~~~~~~~~~^\n        self._impl_obj.click(\n        ^^^^^^^^^^^^^^^^^^^^^\n    ...<9 lines>...\n        )\n        ^\n    )\n    ^\n  File \"C:\\actions-runner\\_tool\\Python\\3.13.9\\x64\\Lib\\site-packages\\playwright\\_impl\\_sync_base.py\", line 115, in _sync\n    return task.result()\n           ~~~~~~~~~~~^^\n  File \"C:\\actions-runner\\_tool\\Python\\3.13.9\\x64\\Lib\\site-packages\\playwright\\_impl\\_locator.py\", line 160, in click\n    return await self._frame.click(self._selector, strict=True, **params)\n           ^^^^^^^^^^^^^^^^^^^^^^^^^^^^^^^^^^^^^^^^^^^^^^^^^^^^^^^^^^^^^^\n  File \"C:\\actions-runner\\_tool\\Python\\3.13.9\\x64\\Lib\\site-packages\\playwright\\_impl\\_frame.py\", line 549, in click\n    await self._channel.send(\"click\", self._timeout, locals_to_params(locals()))\n  File \"C:\\actions-runner\\_tool\\Python\\3.13.9\\x64\\Lib\\site-packages\\playwright\\_impl\\_connection.py\", line 69, in send\n    return await self._connection.wrap_api_call(\n           ^^^^^^^^^^^^^^^^^^^^^^^^^^^^^^^^^^^^^\n    ...<3 lines>...\n    )\n    ^\n  File \"C:\\actions-runner\\_tool\\Python\\3.13.9\\x64\\Lib\\site-packages\\playwright\\_impl\\_connection.py\", line 559, in wrap_api_call\n    raise rewrite_error(error, f\"{parsed_st['apiName']}: {error}\") from None\n","flaky":false,"newFailed":false,"newBroken":false,"newPassed":false,"retriesCount":0,"retriesStatusChange":false,"beforeStages":[],"testStage":{"status":"broken","statusMessage":"playwright._impl._errors.TimeoutError: Locator.click: Timeout 20000ms exceeded.\nCall log:\n  - waiting for locator(\"//*[contains(text(), 'Generar cotización')]\")\n\n","statusTrace":"  File \"C:\\actions-runner\\_tool\\Python\\3.13.9\\x64\\Lib\\site-packages\\behave\\model.py\", line 1991, in run\n    match.run(runner.context)\n    ~~~~~~~~~^^^^^^^^^^^^^^^^\n  File \"C:\\actions-runner\\_tool\\Python\\3.13.9\\x64\\Lib\\site-packages\\behave\\matchers.py\", line 105, in run\n    self.func(context, *args, **kwargs)\n    ~~~~~~~~~^^^^^^^^^^^^^^^^^^^^^^^^^^\n  File \"features\\steps\\crear_cotizacion_masiva.steps.py\", line 15, in step_upload_file\n    context.cotizacion_page.upload_cotizacion_file(context)\n    ~~~~~~~~~~~~~~~~~~~~~~~~~~~~~~~~~~~~~~~~~~~~~~^^^^^^^^^\n  File \"D:\\a\\AndinaCoreTesting\\AndinaCoreTesting\\pages\\cotizacion_masiva_page.py\", line 19, in upload_cotizacion_file\n    self.page.locator(\"//*[contains(text(), 'Generar cotización')]\").click(\n    ~~~~~~~~~~~~~~~~~~~~~~~~~~~~~~~~~~~~~~~~~~~~~~~~~~~~~~~~~~~~~~~~~~~~~~^\n        timeout=20_000\n        ^^^^^^^^^^^^^^\n    )\n    ^\n  File \"C:\\actions-runner\\_tool\\Python\\3.13.9\\x64\\Lib\\site-packages\\playwright\\sync_api\\_generated.py\", line 15573, in click\n    self._sync(\n    ~~~~~~~~~~^\n        self._impl_obj.click(\n        ^^^^^^^^^^^^^^^^^^^^^\n    ...<9 lines>...\n        )\n        ^\n    )\n    ^\n  File \"C:\\actions-runner\\_tool\\Python\\3.13.9\\x64\\Lib\\site-packages\\playwright\\_impl\\_sync_base.py\", line 115, in _sync\n    return task.result()\n           ~~~~~~~~~~~^^\n  File \"C:\\actions-runner\\_tool\\Python\\3.13.9\\x64\\Lib\\site-packages\\playwright\\_impl\\_locator.py\", line 160, in click\n    return await self._frame.click(self._selector, strict=True, **params)\n           ^^^^^^^^^^^^^^^^^^^^^^^^^^^^^^^^^^^^^^^^^^^^^^^^^^^^^^^^^^^^^^\n  File \"C:\\actions-runner\\_tool\\Python\\3.13.9\\x64\\Lib\\site-packages\\playwright\\_impl\\_frame.py\", line 549, in click\n    await self._channel.send(\"click\", self._timeout, locals_to_params(locals()))\n  File \"C:\\actions-runner\\_tool\\Python\\3.13.9\\x64\\Lib\\site-packages\\playwright\\_impl\\_connection.py\", line 69, in send\n    return await self._connection.wrap_api_call(\n           ^^^^^^^^^^^^^^^^^^^^^^^^^^^^^^^^^^^^^\n    ...<3 lines>...\n    )\n    ^\n  File \"C:\\actions-runner\\_tool\\Python\\3.13.9\\x64\\Lib\\site-packages\\playwright\\_impl\\_connection.py\", line 559, in wrap_api_call\n    raise rewrite_error(error, f\"{parsed_st['apiName']}: {error}\") from None\n","steps":[{"name":"Dado que abro la página de login","time":{"start":1764041372991,"stop":1764041374335,"duration":1344},"status":"passed","steps":[],"attachments":[],"parameters":[],"stepsCount":0,"attachmentStep":false,"hasContent":false,"attachmentsCount":0,"shouldDisplayMessage":false},{"name":"Y usando la identidad del archivo .env","time":{"start":1764041374335,"stop":1764041383898,"duration":9563},"status":"passed","steps":[],"attachments":[],"parameters":[],"stepsCount":0,"attachmentStep":false,"hasContent":false,"attachmentsCount":0,"shouldDisplayMessage":false},{"name":"Cuando navego a la página de cotización","time":{"start":1764041383898,"stop":1764041402388,"duration":18490},"status":"passed","steps":[],"attachments":[],"parameters":[],"stepsCount":0,"attachmentStep":false,"hasContent":false,"attachmentsCount":0,"shouldDisplayMessage":false},{"name":"Cuando subo el archivo plano de cotización","time":{"start":1764041402388,"stop":1764041422509,"duration":20121},"status":"broken","statusMessage":"playwright._impl._errors.TimeoutError: Locator.click: Timeout 20000ms exceeded.\nCall log:\n  - waiting for locator(\"//*[contains(text(), 'Generar cotización')]\")\n\n","statusTrace":"  File \"C:\\actions-runner\\_tool\\Python\\3.13.9\\x64\\Lib\\site-packages\\behave\\model.py\", line 1991, in run\n    match.run(runner.context)\n    ~~~~~~~~~^^^^^^^^^^^^^^^^\n  File \"C:\\actions-runner\\_tool\\Python\\3.13.9\\x64\\Lib\\site-packages\\behave\\matchers.py\", line 105, in run\n    self.func(context, *args, **kwargs)\n    ~~~~~~~~~^^^^^^^^^^^^^^^^^^^^^^^^^^\n  File \"features\\steps\\crear_cotizacion_masiva.steps.py\", line 15, in step_upload_file\n    context.cotizacion_page.upload_cotizacion_file(context)\n    ~~~~~~~~~~~~~~~~~~~~~~~~~~~~~~~~~~~~~~~~~~~~~~^^^^^^^^^\n  File \"D:\\a\\AndinaCoreTesting\\AndinaCoreTesting\\pages\\cotizacion_masiva_page.py\", line 19, in upload_cotizacion_file\n    self.page.locator(\"//*[contains(text(), 'Generar cotización')]\").click(\n    ~~~~~~~~~~~~~~~~~~~~~~~~~~~~~~~~~~~~~~~~~~~~~~~~~~~~~~~~~~~~~~~~~~~~~~^\n        timeout=20_000\n        ^^^^^^^^^^^^^^\n    )\n    ^\n  File \"C:\\actions-runner\\_tool\\Python\\3.13.9\\x64\\Lib\\site-packages\\playwright\\sync_api\\_generated.py\", line 15573, in click\n    self._sync(\n    ~~~~~~~~~~^\n        self._impl_obj.click(\n        ^^^^^^^^^^^^^^^^^^^^^\n    ...<9 lines>...\n        )\n        ^\n    )\n    ^\n  File \"C:\\actions-runner\\_tool\\Python\\3.13.9\\x64\\Lib\\site-packages\\playwright\\_impl\\_sync_base.py\", line 115, in _sync\n    return task.result()\n           ~~~~~~~~~~~^^\n  File \"C:\\actions-runner\\_tool\\Python\\3.13.9\\x64\\Lib\\site-packages\\playwright\\_impl\\_locator.py\", line 160, in click\n    return await self._frame.click(self._selector, strict=True, **params)\n           ^^^^^^^^^^^^^^^^^^^^^^^^^^^^^^^^^^^^^^^^^^^^^^^^^^^^^^^^^^^^^^\n  File \"C:\\actions-runner\\_tool\\Python\\3.13.9\\x64\\Lib\\site-packages\\playwright\\_impl\\_frame.py\", line 549, in click\n    await self._channel.send(\"click\", self._timeout, locals_to_params(locals()))\n  File \"C:\\actions-runner\\_tool\\Python\\3.13.9\\x64\\Lib\\site-packages\\playwright\\_impl\\_connection.py\", line 69, in send\n    return await self._connection.wrap_api_call(\n           ^^^^^^^^^^^^^^^^^^^^^^^^^^^^^^^^^^^^^\n    ...<3 lines>...\n    )\n    ^\n  File \"C:\\actions-runner\\_tool\\Python\\3.13.9\\x64\\Lib\\site-packages\\playwright\\_impl\\_connection.py\", line 559, in wrap_api_call\n    raise rewrite_error(error, f\"{parsed_st['apiName']}: {error}\") from None\n","steps":[],"attachments":[],"parameters":[],"stepsCount":0,"attachmentStep":false,"hasContent":true,"attachmentsCount":0,"shouldDisplayMessage":true},{"name":"Entonces se descarga un archivo de resultados de cargue de cotizacion masiva","time":{"start":1764041423083,"stop":1764041423083,"duration":0},"status":"skipped","steps":[],"attachments":[],"parameters":[],"stepsCount":0,"attachmentStep":false,"hasContent":false,"attachmentsCount":0,"shouldDisplayMessage":false}],"attachments":[],"parameters":[],"stepsCount":5,"attachmentStep":false,"hasContent":true,"attachmentsCount":0,"shouldDisplayMessage":false},"afterStages":[],"labels":[{"name":"severity","value":"normal"},{"name":"tag","value":"cotizacion"},{"name":"feature","value":"R01 Carga masiva de cotización"},{"name":"framework","value":"behave"},{"name":"language","value":"cpython3"},{"name":"resultFormat","value":"allure2"}],"parameters":[],"links":[],"hidden":false,"retry":false,"extra":{"severity":"normal","retries":[],"categories":[{"name":"Test defects","matchedStatuses":[]}],"history":{"statistic":{"failed":0,"broken":5,"skipped":0,"passed":1,"unknown":0,"total":6},"items":[{"uid":"d1275699e6ff4d51","reportUrl":"https://marturo77.github.io/AndinaCoreReporting/latest//#testresult/d1275699e6ff4d51","status":"broken","statusDetails":"playwright._impl._errors.TimeoutError: Locator.click: Timeout 20000ms exceeded.\nCall log:\n  - waiting for locator(\"//*[contains(text(), 'Clic aquí para cargar su archivo')]\")\n    - locator resolved to <p data-v-5060792a=\"\" class=\"q-ml-md q-mr-md q-mt-md q-mb-sm\">Clic aquí para cargar su archivo</p>\n  - attempting click action\n    2 × waiting for element to be visible, enabled and stable\n      - element is not stable\n    - retrying click action\n    - waiting 20ms\n    - waiting for element to be visible, enabled and stable\n    - element is not stable\n  - retrying click action\n    - waiting 100ms\n    - waiting for element to be visible, enabled and stable\n  - element was detached from the DOM, retrying\n\n","time":{"start":1764037065924,"stop":1764037126503,"duration":60579}},{"uid":"71124cde7b274c98","reportUrl":"https://marturo77.github.io/AndinaCoreReporting/latest//#testresult/71124cde7b274c98","status":"passed","time":{"start":1763911845312,"stop":1763911893790,"duration":48478}},{"uid":"3ee3dfeec00e8647","reportUrl":"https://marturo77.github.io/AndinaCoreReporting/latest//#testresult/3ee3dfeec00e8647","status":"broken","statusDetails":"selenium.common.exceptions.StaleElementReferenceException: Message: stale element reference: stale element not found in the current frame\n  (Session info: chrome=142.0.7444.60); For documentation on this error, please visit: https://www.selenium.dev/documentation/webdriver/troubleshooting/errors#staleelementreferenceexception\nStacktrace:\nSymbols not available. Dumping unresolved backtrace:\n\t0x7ff7d41b7a35\n\t0x7ff7d41b7a90\n\t0x7ff7d3f316ad\n\t0x7ff7d3f3948f\n\t0x7ff7d3f3c4ef\n\t0x7ff7d3f3c5af\n\t0x7ff7d3f9223b\n\t0x7ff7d3f8fcde\n\t0x7ff7d3f8cc11\n\t0x7ff7d3f8bad0\n\t0x7ff7d3f7d6a6\n\t0x7ff7d3fb297a\n\t0x7ff7d3f7cb56\n\t0x7ff7d3fdb8fb\n\t0x7ff7d3f7b068\n\t0x7ff7d3f7be93\n\t0x7ff7d44729d0\n\t0x7ff7d446ce50\n\t0x7ff7d448cc45\n\t0x7ff7d41d30ce\n\t0x7ff7d41dadbf\n\t0x7ff7d41c0c14\n\t0x7ff7d41c0dcf\n\t0x7ff7d41a6828\n\t0x7ff9d4aae8d7\n\t0x7ff9d668c53c\n\n","time":{"start":1763861502367,"stop":1763861530532,"duration":28165}},{"uid":"ea8c4ecc55322d4","reportUrl":"https://marturo77.github.io/AndinaCoreReporting/latest//#testresult/ea8c4ecc55322d4","status":"broken","statusDetails":"selenium.common.exceptions.StaleElementReferenceException: Message: stale element reference: stale element not found in the current frame\n  (Session info: chrome=142.0.7444.60); For documentation on this error, please visit: https://www.selenium.dev/documentation/webdriver/troubleshooting/errors#staleelementreferenceexception\nStacktrace:\nSymbols not available. Dumping unresolved backtrace:\n\t0x7ff75a867a35\n\t0x7ff75a867a90\n\t0x7ff75a5e16ad\n\t0x7ff75a5e948f\n\t0x7ff75a5ec4ef\n\t0x7ff75a5ec5af\n\t0x7ff75a64223b\n\t0x7ff75a63fcde\n\t0x7ff75a63cc11\n\t0x7ff75a63bad0\n\t0x7ff75a62d6a6\n\t0x7ff75a66297a\n\t0x7ff75a62cb56\n\t0x7ff75a68b8fb\n\t0x7ff75a62b068\n\t0x7ff75a62be93\n\t0x7ff75ab229d0\n\t0x7ff75ab1ce50\n\t0x7ff75ab3cc45\n\t0x7ff75a8830ce\n\t0x7ff75a88adbf\n\t0x7ff75a870c14\n\t0x7ff75a870dcf\n\t0x7ff75a856828\n\t0x7ffa9d4de8d7\n\t0x7ffa9ec8c53c\n\n","time":{"start":1763860345294,"stop":1763860369821,"duration":24527}},{"uid":"5dd9b965d779e78b","reportUrl":"https://marturo77.github.io/AndinaCoreReporting/latest//#testresult/5dd9b965d779e78b","status":"broken","statusDetails":"selenium.common.exceptions.StaleElementReferenceException: Message: stale element reference: stale element not found in the current frame\n  (Session info: chrome=142.0.7444.60); For documentation on this error, please visit: https://www.selenium.dev/documentation/webdriver/troubleshooting/errors#staleelementreferenceexception\nStacktrace:\nSymbols not available. Dumping unresolved backtrace:\n\t0x7ff66cac7a35\n\t0x7ff66cac7a90\n\t0x7ff66c8416ad\n\t0x7ff66c84948f\n\t0x7ff66c84c4ef\n\t0x7ff66c84c5af\n\t0x7ff66c8a223b\n\t0x7ff66c89fcde\n\t0x7ff66c89cc11\n\t0x7ff66c89bad0\n\t0x7ff66c88d6a6\n\t0x7ff66c8c297a\n\t0x7ff66c88cb56\n\t0x7ff66c8eb8fb\n\t0x7ff66c88b068\n\t0x7ff66c88be93\n\t0x7ff66cd829d0\n\t0x7ff66cd7ce50\n\t0x7ff66cd9cc45\n\t0x7ff66cae30ce\n\t0x7ff66caeadbf\n\t0x7ff66cad0c14\n\t0x7ff66cad0dcf\n\t0x7ff66cab6828\n\t0x7ffc0adde8d7\n\t0x7ffc0b06c53c\n\n","time":{"start":1763849832164,"stop":1763849856147,"duration":23983}}]},"tags":["cotizacion"]},"source":"758f16c91f5e7c7d.json","parameterValues":[]}