{"uid":"f8aa7d3559fe56ae","name":"Comparacion de resultados de cotización masiva con archivo de referencia","fullName":"Validacion de resultado cotizacion masiva: Comparacion de resultados de cotización masiva con archivo de referencia","historyId":"31e7a94ee5afd31ddf266e898b634f47","time":{"start":1763844932189,"stop":1763844964900,"duration":32711},"status":"broken","statusMessage":"selenium.common.exceptions.StaleElementReferenceException: Message: stale element reference: stale element not found in the current frame\n  (Session info: chrome=142.0.7444.60); For documentation on this error, please visit: https://www.selenium.dev/documentation/webdriver/troubleshooting/errors#staleelementreferenceexception\nStacktrace:\nSymbols not available. Dumping unresolved backtrace:\n\t0x7ff720407a35\n\t0x7ff720407a90\n\t0x7ff7201816ad\n\t0x7ff72018948f\n\t0x7ff72018c4ef\n\t0x7ff72018c5af\n\t0x7ff7201dc3fd\n\t0x7ff7201db3a9\n\t0x7ff7201cd2c8\n\t0x7ff72020297a\n\t0x7ff7201ccb56\n\t0x7ff72022b8fb\n\t0x7ff7201cb068\n\t0x7ff7201cbe93\n\t0x7ff7206c29d0\n\t0x7ff7206bce50\n\t0x7ff7206dcc45\n\t0x7ff7204230ce\n\t0x7ff72042adbf\n\t0x7ff720410c14\n\t0x7ff720410dcf\n\t0x7ff7203f6828\n\t0x7ffdddf9e8d7\n\t0x7ffddf6ac53c\n\n","statusTrace":"  File \"C:\\actions-runner\\_tool\\Python\\3.13.9\\x64\\Lib\\site-packages\\behave\\model.py\", line 1991, in run\n    match.run(runner.context)\n    ~~~~~~~~~^^^^^^^^^^^^^^^^\n  File \"C:\\actions-runner\\_tool\\Python\\3.13.9\\x64\\Lib\\site-packages\\behave\\matchers.py\", line 105, in run\n    self.func(context, *args, **kwargs)\n    ~~~~~~~~~^^^^^^^^^^^^^^^^^^^^^^^^^^\n  File \"features\\steps\\crear_cotizacion_masiva.steps.py\", line 16, in step_upload_file\n    context.page.upload_cotizacion_file(context)\n    ~~~~~~~~~~~~~~~~~~~~~~~~~~~~~~~~~~~^^^^^^^^^\n  File \"D:\\a\\AndinaCoreTesting\\AndinaCoreTesting\\pages\\cotizacion_masiva_page.py\", line 59, in upload_cotizacion_file\n    ).click()\n      ~~~~~^^\n  File \"C:\\actions-runner\\_tool\\Python\\3.13.9\\x64\\Lib\\site-packages\\selenium\\webdriver\\remote\\webelement.py\", line 119, in click\n    self._execute(Command.CLICK_ELEMENT)\n    ~~~~~~~~~~~~~^^^^^^^^^^^^^^^^^^^^^^^\n  File \"C:\\actions-runner\\_tool\\Python\\3.13.9\\x64\\Lib\\site-packages\\selenium\\webdriver\\remote\\webelement.py\", line 572, in _execute\n    return self._parent.execute(command, params)\n           ~~~~~~~~~~~~~~~~~~~~^^^^^^^^^^^^^^^^^\n  File \"C:\\actions-runner\\_tool\\Python\\3.13.9\\x64\\Lib\\site-packages\\selenium\\webdriver\\remote\\webdriver.py\", line 458, in execute\n    self.error_handler.check_response(response)\n    ~~~~~~~~~~~~~~~~~~~~~~~~~~~~~~~~~^^^^^^^^^^\n  File \"C:\\actions-runner\\_tool\\Python\\3.13.9\\x64\\Lib\\site-packages\\selenium\\webdriver\\remote\\errorhandler.py\", line 233, in check_response\n    raise exception_class(message, screen, stacktrace)\n","flaky":false,"newFailed":false,"newBroken":false,"newPassed":false,"retriesCount":0,"retriesStatusChange":false,"beforeStages":[],"testStage":{"status":"broken","statusMessage":"selenium.common.exceptions.StaleElementReferenceException: Message: stale element reference: stale element not found in the current frame\n  (Session info: chrome=142.0.7444.60); For documentation on this error, please visit: https://www.selenium.dev/documentation/webdriver/troubleshooting/errors#staleelementreferenceexception\nStacktrace:\nSymbols not available. Dumping unresolved backtrace:\n\t0x7ff720407a35\n\t0x7ff720407a90\n\t0x7ff7201816ad\n\t0x7ff72018948f\n\t0x7ff72018c4ef\n\t0x7ff72018c5af\n\t0x7ff7201dc3fd\n\t0x7ff7201db3a9\n\t0x7ff7201cd2c8\n\t0x7ff72020297a\n\t0x7ff7201ccb56\n\t0x7ff72022b8fb\n\t0x7ff7201cb068\n\t0x7ff7201cbe93\n\t0x7ff7206c29d0\n\t0x7ff7206bce50\n\t0x7ff7206dcc45\n\t0x7ff7204230ce\n\t0x7ff72042adbf\n\t0x7ff720410c14\n\t0x7ff720410dcf\n\t0x7ff7203f6828\n\t0x7ffdddf9e8d7\n\t0x7ffddf6ac53c\n\n","statusTrace":"  File \"C:\\actions-runner\\_tool\\Python\\3.13.9\\x64\\Lib\\site-packages\\behave\\model.py\", line 1991, in run\n    match.run(runner.context)\n    ~~~~~~~~~^^^^^^^^^^^^^^^^\n  File \"C:\\actions-runner\\_tool\\Python\\3.13.9\\x64\\Lib\\site-packages\\behave\\matchers.py\", line 105, in run\n    self.func(context, *args, **kwargs)\n    ~~~~~~~~~^^^^^^^^^^^^^^^^^^^^^^^^^^\n  File \"features\\steps\\crear_cotizacion_masiva.steps.py\", line 16, in step_upload_file\n    context.page.upload_cotizacion_file(context)\n    ~~~~~~~~~~~~~~~~~~~~~~~~~~~~~~~~~~~^^^^^^^^^\n  File \"D:\\a\\AndinaCoreTesting\\AndinaCoreTesting\\pages\\cotizacion_masiva_page.py\", line 59, in upload_cotizacion_file\n    ).click()\n      ~~~~~^^\n  File \"C:\\actions-runner\\_tool\\Python\\3.13.9\\x64\\Lib\\site-packages\\selenium\\webdriver\\remote\\webelement.py\", line 119, in click\n    self._execute(Command.CLICK_ELEMENT)\n    ~~~~~~~~~~~~~^^^^^^^^^^^^^^^^^^^^^^^\n  File \"C:\\actions-runner\\_tool\\Python\\3.13.9\\x64\\Lib\\site-packages\\selenium\\webdriver\\remote\\webelement.py\", line 572, in _execute\n    return self._parent.execute(command, params)\n           ~~~~~~~~~~~~~~~~~~~~^^^^^^^^^^^^^^^^^\n  File \"C:\\actions-runner\\_tool\\Python\\3.13.9\\x64\\Lib\\site-packages\\selenium\\webdriver\\remote\\webdriver.py\", line 458, in execute\n    self.error_handler.check_response(response)\n    ~~~~~~~~~~~~~~~~~~~~~~~~~~~~~~~~~^^^^^^^^^^\n  File \"C:\\actions-runner\\_tool\\Python\\3.13.9\\x64\\Lib\\site-packages\\selenium\\webdriver\\remote\\errorhandler.py\", line 233, in check_response\n    raise exception_class(message, screen, stacktrace)\n","steps":[{"name":"Dado que abro la página de login","time":{"start":1763844934653,"stop":1763844942833,"duration":8180},"status":"passed","steps":[],"attachments":[],"parameters":[],"attachmentsCount":0,"shouldDisplayMessage":false,"stepsCount":0,"attachmentStep":false,"hasContent":false},{"name":"Y usando la identidad del archivo .env","time":{"start":1763844942834,"stop":1763844951745,"duration":8911},"status":"passed","steps":[],"attachments":[],"parameters":[],"attachmentsCount":0,"shouldDisplayMessage":false,"stepsCount":0,"attachmentStep":false,"hasContent":false},{"name":"Cuando navego a la página de cotización","time":{"start":1763844951745,"stop":1763844952158,"duration":413},"status":"passed","steps":[],"attachments":[],"parameters":[],"attachmentsCount":0,"shouldDisplayMessage":false,"stepsCount":0,"attachmentStep":false,"hasContent":false},{"name":"Y subo el archivo plano de cotización","time":{"start":1763844952158,"stop":1763844960605,"duration":8447},"status":"broken","statusMessage":"selenium.common.exceptions.StaleElementReferenceException: Message: stale element reference: stale element not found in the current frame\n  (Session info: chrome=142.0.7444.60); For documentation on this error, please visit: https://www.selenium.dev/documentation/webdriver/troubleshooting/errors#staleelementreferenceexception\nStacktrace:\nSymbols not available. Dumping unresolved backtrace:\n\t0x7ff720407a35\n\t0x7ff720407a90\n\t0x7ff7201816ad\n\t0x7ff72018948f\n\t0x7ff72018c4ef\n\t0x7ff72018c5af\n\t0x7ff7201dc3fd\n\t0x7ff7201db3a9\n\t0x7ff7201cd2c8\n\t0x7ff72020297a\n\t0x7ff7201ccb56\n\t0x7ff72022b8fb\n\t0x7ff7201cb068\n\t0x7ff7201cbe93\n\t0x7ff7206c29d0\n\t0x7ff7206bce50\n\t0x7ff7206dcc45\n\t0x7ff7204230ce\n\t0x7ff72042adbf\n\t0x7ff720410c14\n\t0x7ff720410dcf\n\t0x7ff7203f6828\n\t0x7ffdddf9e8d7\n\t0x7ffddf6ac53c\n\n","statusTrace":"  File \"C:\\actions-runner\\_tool\\Python\\3.13.9\\x64\\Lib\\site-packages\\behave\\model.py\", line 1991, in run\n    match.run(runner.context)\n    ~~~~~~~~~^^^^^^^^^^^^^^^^\n  File \"C:\\actions-runner\\_tool\\Python\\3.13.9\\x64\\Lib\\site-packages\\behave\\matchers.py\", line 105, in run\n    self.func(context, *args, **kwargs)\n    ~~~~~~~~~^^^^^^^^^^^^^^^^^^^^^^^^^^\n  File \"features\\steps\\crear_cotizacion_masiva.steps.py\", line 16, in step_upload_file\n    context.page.upload_cotizacion_file(context)\n    ~~~~~~~~~~~~~~~~~~~~~~~~~~~~~~~~~~~^^^^^^^^^\n  File \"D:\\a\\AndinaCoreTesting\\AndinaCoreTesting\\pages\\cotizacion_masiva_page.py\", line 59, in upload_cotizacion_file\n    ).click()\n      ~~~~~^^\n  File \"C:\\actions-runner\\_tool\\Python\\3.13.9\\x64\\Lib\\site-packages\\selenium\\webdriver\\remote\\webelement.py\", line 119, in click\n    self._execute(Command.CLICK_ELEMENT)\n    ~~~~~~~~~~~~~^^^^^^^^^^^^^^^^^^^^^^^\n  File \"C:\\actions-runner\\_tool\\Python\\3.13.9\\x64\\Lib\\site-packages\\selenium\\webdriver\\remote\\webelement.py\", line 572, in _execute\n    return self._parent.execute(command, params)\n           ~~~~~~~~~~~~~~~~~~~~^^^^^^^^^^^^^^^^^\n  File \"C:\\actions-runner\\_tool\\Python\\3.13.9\\x64\\Lib\\site-packages\\selenium\\webdriver\\remote\\webdriver.py\", line 458, in execute\n    self.error_handler.check_response(response)\n    ~~~~~~~~~~~~~~~~~~~~~~~~~~~~~~~~~^^^^^^^^^^\n  File \"C:\\actions-runner\\_tool\\Python\\3.13.9\\x64\\Lib\\site-packages\\selenium\\webdriver\\remote\\errorhandler.py\", line 233, in check_response\n    raise exception_class(message, screen, stacktrace)\n","steps":[],"attachments":[{"uid":"e23b407bb3000dcd","name":"Cargando el archivo de cotizacion","source":"e23b407bb3000dcd.png","type":"image/png","size":151057}],"parameters":[],"attachmentsCount":1,"shouldDisplayMessage":true,"stepsCount":0,"attachmentStep":false,"hasContent":true},{"name":"Entonces se descarga un archivo de resultados de cargue de cotizacion masiva","time":{"start":1763844964900,"stop":1763844964900,"duration":0},"status":"skipped","steps":[],"attachments":[],"parameters":[],"attachmentsCount":0,"shouldDisplayMessage":false,"stepsCount":0,"attachmentStep":false,"hasContent":false},{"name":"Y comparo los archivos de resultado descargado y archivo de referencia","time":{"start":1763844964900,"stop":1763844964900,"duration":0},"status":"skipped","steps":[],"attachments":[],"parameters":[],"attachmentsCount":0,"shouldDisplayMessage":false,"stepsCount":0,"attachmentStep":false,"hasContent":false},{"name":"Entonces la informacion es igual al archivo de referencia","time":{"start":1763844964900,"stop":1763844964900,"duration":0},"status":"skipped","steps":[],"attachments":[],"parameters":[],"attachmentsCount":0,"shouldDisplayMessage":false,"stepsCount":0,"attachmentStep":false,"hasContent":false}],"attachments":[],"parameters":[],"attachmentsCount":1,"shouldDisplayMessage":false,"stepsCount":7,"attachmentStep":false,"hasContent":true},"afterStages":[],"labels":[{"name":"severity","value":"normal"},{"name":"tag","value":"validacion_cotizacion_masiva"},{"name":"feature","value":"Validacion de resultado cotizacion masiva"},{"name":"framework","value":"behave"},{"name":"language","value":"cpython3"},{"name":"resultFormat","value":"allure2"}],"parameters":[],"links":[],"hidden":false,"retry":false,"extra":{"severity":"normal","retries":[],"categories":[{"name":"Test defects","matchedStatuses":[]}],"history":{"statistic":{"failed":0,"broken":3,"skipped":0,"passed":0,"unknown":0,"total":3},"items":[{"uid":"a6cd0fd0dd921932","status":"broken","statusDetails":"selenium.common.exceptions.TimeoutException: Message: \nStacktrace:\nSymbols not available. Dumping unresolved backtrace:\n\t0x7ff73fcc7a35\n\t0x7ff73fcc7a90\n\t0x7ff73fa416ad\n\t0x7ff73fa9a13e\n\t0x7ff73fa9a44c\n\t0x7ff73faeebe7\n\t0x7ff73faeb8fb\n\t0x7ff73fa8b068\n\t0x7ff73fa8be93\n\t0x7ff73ff829d0\n\t0x7ff73ff7ce50\n\t0x7ff73ff9cc45\n\t0x7ff73fce30ce\n\t0x7ff73fceadbf\n\t0x7ff73fcd0c14\n\t0x7ff73fcd0dcf\n\t0x7ff73fcb6828\n\t0x7ffddcb7e8d7\n\t0x7ffdde72c53c\n\n","time":{"start":1763841901033,"stop":1763841941552,"duration":40519}},{"uid":"67738fa44ebd3e19","status":"broken","statusDetails":"selenium.common.exceptions.StaleElementReferenceException: Message: stale element reference: stale element not found in the current frame\n  (Session info: chrome=142.0.7444.60); For documentation on this error, please visit: https://www.selenium.dev/documentation/webdriver/troubleshooting/errors#staleelementreferenceexception\nStacktrace:\nSymbols not available. Dumping unresolved backtrace:\n\t0x7ff6e98f7a35\n\t0x7ff6e98f7a90\n\t0x7ff6e96716ad\n\t0x7ff6e967948f\n\t0x7ff6e967c882\n\t0x7ff6e971ccc3\n\t0x7ff6e96f297a\n\t0x7ff6e971b8fb\n\t0x7ff6e96bb068\n\t0x7ff6e96bbe93\n\t0x7ff6e9bb29d0\n\t0x7ff6e9bace50\n\t0x7ff6e9bccc45\n\t0x7ff6e99130ce\n\t0x7ff6e991adbf\n\t0x7ff6e9900c14\n\t0x7ff6e9900dcf\n\t0x7ff6e98e6828\n\t0x7ff84c27e8d7\n\t0x7ff84e50c53c\n\n","time":{"start":1763839751184,"stop":1763839767357,"duration":16173}}]},"tags":["validacion_cotizacion_masiva"]},"source":"f8aa7d3559fe56ae.json","parameterValues":[]}