{"uid":"24795eb2c75702e4","name":"R30 Crear y eliminar vigencias para una lista de parámetros","fullName":"R30 Parametros: R30 Crear y eliminar vigencias para una lista de parámetros","historyId":"19e10d9c2110016469ce26405b23b8f3","time":{"start":1763729582314,"stop":1763729622852,"duration":40538},"status":"broken","statusMessage":"selenium.common.exceptions.TimeoutException: Message: \nStacktrace:\nSymbols not available. Dumping unresolved backtrace:\n\t0x7ff757727a35\n\t0x7ff757727a90\n\t0x7ff7574a16ad\n\t0x7ff7574fa13e\n\t0x7ff7574fa44c\n\t0x7ff75754ebe7\n\t0x7ff75754b8fb\n\t0x7ff7574eb068\n\t0x7ff7574ebe93\n\t0x7ff7579e29d0\n\t0x7ff7579dce50\n\t0x7ff7579fcc45\n\t0x7ff7577430ce\n\t0x7ff75774adbf\n\t0x7ff757730c14\n\t0x7ff757730dcf\n\t0x7ff757716828\n\t0x7ffbc5bce8d7\n\t0x7ffbc6aec53c\n\n","statusTrace":"  File \"C:\\actions-runner\\_tool\\Python\\3.13.9\\x64\\Lib\\site-packages\\behave\\model.py\", line 1991, in run\n    match.run(runner.context)\n    ~~~~~~~~~^^^^^^^^^^^^^^^^\n  File \"C:\\actions-runner\\_tool\\Python\\3.13.9\\x64\\Lib\\site-packages\\behave\\matchers.py\", line 105, in run\n    self.func(context, *args, **kwargs)\n    ~~~~~~~~~^^^^^^^^^^^^^^^^^^^^^^^^^^\n  File \"features\\steps\\parametria.steps.py\", line 47, in crear_vigencias\n    context.page.click_editar_parametro(context,parametro)\n    ~~~~~~~~~~~~~~~~~~~~~~~~~~~~~~~~~~~^^^^^^^^^^^^^^^^^^^\n  File \"D:\\a\\AndinaCoreTesting\\AndinaCoreTesting\\pages\\parametria_page.py\", line 61, in click_editar_parametro\n    boton = WebDriverWait(self.driver, 20).until(\n        EC.element_to_be_clickable((By.XPATH, xpath))\n    )\n  File \"C:\\actions-runner\\_tool\\Python\\3.13.9\\x64\\Lib\\site-packages\\selenium\\webdriver\\support\\wait.py\", line 138, in until\n    raise TimeoutException(message, screen, stacktrace)\n","flaky":false,"newFailed":false,"newBroken":false,"newPassed":false,"retriesCount":0,"retriesStatusChange":false,"beforeStages":[],"testStage":{"status":"broken","statusMessage":"selenium.common.exceptions.TimeoutException: Message: \nStacktrace:\nSymbols not available. Dumping unresolved backtrace:\n\t0x7ff757727a35\n\t0x7ff757727a90\n\t0x7ff7574a16ad\n\t0x7ff7574fa13e\n\t0x7ff7574fa44c\n\t0x7ff75754ebe7\n\t0x7ff75754b8fb\n\t0x7ff7574eb068\n\t0x7ff7574ebe93\n\t0x7ff7579e29d0\n\t0x7ff7579dce50\n\t0x7ff7579fcc45\n\t0x7ff7577430ce\n\t0x7ff75774adbf\n\t0x7ff757730c14\n\t0x7ff757730dcf\n\t0x7ff757716828\n\t0x7ffbc5bce8d7\n\t0x7ffbc6aec53c\n\n","statusTrace":"  File \"C:\\actions-runner\\_tool\\Python\\3.13.9\\x64\\Lib\\site-packages\\behave\\model.py\", line 1991, in run\n    match.run(runner.context)\n    ~~~~~~~~~^^^^^^^^^^^^^^^^\n  File \"C:\\actions-runner\\_tool\\Python\\3.13.9\\x64\\Lib\\site-packages\\behave\\matchers.py\", line 105, in run\n    self.func(context, *args, **kwargs)\n    ~~~~~~~~~^^^^^^^^^^^^^^^^^^^^^^^^^^\n  File \"features\\steps\\parametria.steps.py\", line 47, in crear_vigencias\n    context.page.click_editar_parametro(context,parametro)\n    ~~~~~~~~~~~~~~~~~~~~~~~~~~~~~~~~~~~^^^^^^^^^^^^^^^^^^^\n  File \"D:\\a\\AndinaCoreTesting\\AndinaCoreTesting\\pages\\parametria_page.py\", line 61, in click_editar_parametro\n    boton = WebDriverWait(self.driver, 20).until(\n        EC.element_to_be_clickable((By.XPATH, xpath))\n    )\n  File \"C:\\actions-runner\\_tool\\Python\\3.13.9\\x64\\Lib\\site-packages\\selenium\\webdriver\\support\\wait.py\", line 138, in until\n    raise TimeoutException(message, screen, stacktrace)\n","steps":[{"name":"Dado que abro la página de login","time":{"start":1763729583683,"stop":1763729584626,"duration":943},"status":"passed","steps":[],"attachments":[],"parameters":[],"shouldDisplayMessage":false,"attachmentsCount":0,"hasContent":false,"attachmentStep":false,"stepsCount":0},{"name":"Y usando la identidad del archivo .env","time":{"start":1763729584626,"stop":1763729592586,"duration":7960},"status":"passed","steps":[],"attachments":[],"parameters":[],"shouldDisplayMessage":false,"attachmentsCount":0,"hasContent":false,"attachmentStep":false,"stepsCount":0},{"name":"Dado que estoy en la página de parámetros de actualización periódica","time":{"start":1763729592586,"stop":1763729593975,"duration":1389},"status":"passed","steps":[],"attachments":[{"uid":"21339e66266af69e","name":"Listado_parametros","source":"21339e66266af69e.png","type":"image/png","size":85062}],"parameters":[],"shouldDisplayMessage":false,"attachmentsCount":1,"hasContent":true,"attachmentStep":false,"stepsCount":0},{"name":"Cuando creo vigencias para:","time":{"start":1763729593976,"stop":1763729620417,"duration":26441},"status":"broken","statusMessage":"selenium.common.exceptions.TimeoutException: Message: \nStacktrace:\nSymbols not available. Dumping unresolved backtrace:\n\t0x7ff757727a35\n\t0x7ff757727a90\n\t0x7ff7574a16ad\n\t0x7ff7574fa13e\n\t0x7ff7574fa44c\n\t0x7ff75754ebe7\n\t0x7ff75754b8fb\n\t0x7ff7574eb068\n\t0x7ff7574ebe93\n\t0x7ff7579e29d0\n\t0x7ff7579dce50\n\t0x7ff7579fcc45\n\t0x7ff7577430ce\n\t0x7ff75774adbf\n\t0x7ff757730c14\n\t0x7ff757730dcf\n\t0x7ff757716828\n\t0x7ffbc5bce8d7\n\t0x7ffbc6aec53c\n\n","statusTrace":"  File \"C:\\actions-runner\\_tool\\Python\\3.13.9\\x64\\Lib\\site-packages\\behave\\model.py\", line 1991, in run\n    match.run(runner.context)\n    ~~~~~~~~~^^^^^^^^^^^^^^^^\n  File \"C:\\actions-runner\\_tool\\Python\\3.13.9\\x64\\Lib\\site-packages\\behave\\matchers.py\", line 105, in run\n    self.func(context, *args, **kwargs)\n    ~~~~~~~~~^^^^^^^^^^^^^^^^^^^^^^^^^^\n  File \"features\\steps\\parametria.steps.py\", line 47, in crear_vigencias\n    context.page.click_editar_parametro(context,parametro)\n    ~~~~~~~~~~~~~~~~~~~~~~~~~~~~~~~~~~~^^^^^^^^^^^^^^^^^^^\n  File \"D:\\a\\AndinaCoreTesting\\AndinaCoreTesting\\pages\\parametria_page.py\", line 61, in click_editar_parametro\n    boton = WebDriverWait(self.driver, 20).until(\n        EC.element_to_be_clickable((By.XPATH, xpath))\n    )\n  File \"C:\\actions-runner\\_tool\\Python\\3.13.9\\x64\\Lib\\site-packages\\selenium\\webdriver\\support\\wait.py\", line 138, in until\n    raise TimeoutException(message, screen, stacktrace)\n","steps":[],"attachments":[{"uid":"1e88b0c3efbc5663","name":".table","source":"1e88b0c3efbc5663.csv","type":"text/csv","size":168},{"uid":"2cd38dbf77afdf48","name":"Listado_parametros reserva matematica","source":"2cd38dbf77afdf48.png","type":"image/png","size":86127}],"parameters":[],"shouldDisplayMessage":true,"attachmentsCount":2,"hasContent":true,"attachmentStep":false,"stepsCount":0},{"name":"Entonces todas las vigencias quedan creadas","time":{"start":1763729622852,"stop":1763729622852,"duration":0},"status":"skipped","steps":[],"attachments":[],"parameters":[],"shouldDisplayMessage":false,"attachmentsCount":0,"hasContent":false,"attachmentStep":false,"stepsCount":0}],"attachments":[],"parameters":[],"shouldDisplayMessage":false,"attachmentsCount":3,"hasContent":true,"attachmentStep":false,"stepsCount":5},"afterStages":[],"labels":[{"name":"severity","value":"normal"},{"name":"tag","value":"parametros"},{"name":"feature","value":"R30 Parametros"},{"name":"framework","value":"behave"},{"name":"language","value":"cpython3"},{"name":"resultFormat","value":"allure2"}],"parameters":[],"links":[],"hidden":false,"retry":false,"extra":{"severity":"normal","retries":[],"categories":[{"name":"Test defects","matchedStatuses":[]}],"tags":["parametros"]},"source":"24795eb2c75702e4.json","parameterValues":[]}