{"uid":"b44efee09eead915","name":"Crear y eliminar vigencias para reserva matematica","fullName":"Edicion de parametros: Crear y eliminar vigencias para reserva matematica","historyId":"3e9c5f8e41b6ec3447d12f92bba5a11c","time":{"start":1763083770243,"stop":1763083812033,"duration":41790},"status":"broken","statusMessage":"selenium.common.exceptions.TimeoutException: Message: \nStacktrace:\nSymbols not available. Dumping unresolved backtrace:\n\t0x7ff674547a35\n\t0x7ff674547a90\n\t0x7ff6742c16ad\n\t0x7ff67431a13e\n\t0x7ff67431a44c\n\t0x7ff67436ebe7\n\t0x7ff67436b8fb\n\t0x7ff67430b068\n\t0x7ff67430be93\n\t0x7ff6748029d0\n\t0x7ff6747fce50\n\t0x7ff67481cc45\n\t0x7ff6745630ce\n\t0x7ff67456adbf\n\t0x7ff674550c14\n\t0x7ff674550dcf\n\t0x7ff674536828\n\t0x7ff86072e8d7\n\t0x7ff86128c53c\n\n","statusTrace":"  File \"C:\\actions-runner\\_tool\\Python\\3.13.9\\x64\\Lib\\site-packages\\behave\\model.py\", line 1991, in run\n    match.run(runner.context)\n    ~~~~~~~~~^^^^^^^^^^^^^^^^\n  File \"C:\\actions-runner\\_tool\\Python\\3.13.9\\x64\\Lib\\site-packages\\behave\\matchers.py\", line 105, in run\n    self.func(context, *args, **kwargs)\n    ~~~~~~~~~^^^^^^^^^^^^^^^^^^^^^^^^^^\n  File \"features\\steps\\parametria.steps.py\", line 41, in crear_vigencias\n    context.page.crear_vigencia(\n    ~~~~~~~~~~~~~~~~~~~~~~~~~~~^\n        context=context,\n        ^^^^^^^^^^^^^^^^\n    ...<3 lines>...\n        valor=valor_normalizado\n        ^^^^^^^^^^^^^^^^^^^^^^^\n    )\n    ^\n  File \"D:\\a\\AndinaCoreTesting\\AndinaCoreTesting\\pages\\parametria_page.py\", line 74, in crear_vigencia\n    self.click_editar_parametro(context,parametro)\n    ~~~~~~~~~~~~~~~~~~~~~~~~~~~^^^^^^^^^^^^^^^^^^^\n  File \"D:\\a\\AndinaCoreTesting\\AndinaCoreTesting\\pages\\parametria_page.py\", line 55, in click_editar_parametro\n    boton = WebDriverWait(self.driver, 20).until(\n        EC.element_to_be_clickable((By.XPATH, xpath))\n    )\n  File \"C:\\actions-runner\\_tool\\Python\\3.13.9\\x64\\Lib\\site-packages\\selenium\\webdriver\\support\\wait.py\", line 138, in until\n    raise TimeoutException(message, screen, stacktrace)\n","flaky":false,"newFailed":false,"newBroken":false,"newPassed":false,"retriesCount":0,"retriesStatusChange":false,"beforeStages":[],"testStage":{"status":"broken","statusMessage":"selenium.common.exceptions.TimeoutException: Message: \nStacktrace:\nSymbols not available. Dumping unresolved backtrace:\n\t0x7ff674547a35\n\t0x7ff674547a90\n\t0x7ff6742c16ad\n\t0x7ff67431a13e\n\t0x7ff67431a44c\n\t0x7ff67436ebe7\n\t0x7ff67436b8fb\n\t0x7ff67430b068\n\t0x7ff67430be93\n\t0x7ff6748029d0\n\t0x7ff6747fce50\n\t0x7ff67481cc45\n\t0x7ff6745630ce\n\t0x7ff67456adbf\n\t0x7ff674550c14\n\t0x7ff674550dcf\n\t0x7ff674536828\n\t0x7ff86072e8d7\n\t0x7ff86128c53c\n\n","statusTrace":"  File \"C:\\actions-runner\\_tool\\Python\\3.13.9\\x64\\Lib\\site-packages\\behave\\model.py\", line 1991, in run\n    match.run(runner.context)\n    ~~~~~~~~~^^^^^^^^^^^^^^^^\n  File \"C:\\actions-runner\\_tool\\Python\\3.13.9\\x64\\Lib\\site-packages\\behave\\matchers.py\", line 105, in run\n    self.func(context, *args, **kwargs)\n    ~~~~~~~~~^^^^^^^^^^^^^^^^^^^^^^^^^^\n  File \"features\\steps\\parametria.steps.py\", line 41, in crear_vigencias\n    context.page.crear_vigencia(\n    ~~~~~~~~~~~~~~~~~~~~~~~~~~~^\n        context=context,\n        ^^^^^^^^^^^^^^^^\n    ...<3 lines>...\n        valor=valor_normalizado\n        ^^^^^^^^^^^^^^^^^^^^^^^\n    )\n    ^\n  File \"D:\\a\\AndinaCoreTesting\\AndinaCoreTesting\\pages\\parametria_page.py\", line 74, in crear_vigencia\n    self.click_editar_parametro(context,parametro)\n    ~~~~~~~~~~~~~~~~~~~~~~~~~~~^^^^^^^^^^^^^^^^^^^\n  File \"D:\\a\\AndinaCoreTesting\\AndinaCoreTesting\\pages\\parametria_page.py\", line 55, in click_editar_parametro\n    boton = WebDriverWait(self.driver, 20).until(\n        EC.element_to_be_clickable((By.XPATH, xpath))\n    )\n  File \"C:\\actions-runner\\_tool\\Python\\3.13.9\\x64\\Lib\\site-packages\\selenium\\webdriver\\support\\wait.py\", line 138, in until\n    raise TimeoutException(message, screen, stacktrace)\n","steps":[{"name":"Dado que abro la p치gina de login","time":{"start":1763083771981,"stop":1763083776755,"duration":4774},"status":"passed","steps":[],"attachments":[],"parameters":[],"attachmentStep":false,"hasContent":false,"stepsCount":0,"shouldDisplayMessage":false,"attachmentsCount":0},{"name":"Y usando la identidad \"yavella@andinavidaseguros.com.co\",\"Gustavo.Avella\" y contrase침a \"GusAndina2!\"","time":{"start":1763083776755,"stop":1763083786352,"duration":9597},"status":"passed","steps":[],"attachments":[],"parameters":[],"attachmentStep":false,"hasContent":false,"stepsCount":0,"shouldDisplayMessage":false,"attachmentsCount":0},{"name":"Dado que estoy en la p치gina de par치metros de producto reserva matematica","time":{"start":1763083786352,"stop":1763083788213,"duration":1861},"status":"passed","steps":[],"attachments":[{"uid":"9f7b6867d8157adc","name":"Listado_parametros reserva matematica","source":"9f7b6867d8157adc.png","type":"image/png","size":22496}],"parameters":[],"attachmentStep":false,"hasContent":true,"stepsCount":0,"shouldDisplayMessage":false,"attachmentsCount":1},{"name":"Cuando creo vigencias de reserva matematica para:","time":{"start":1763083788213,"stop":1763083808686,"duration":20473},"status":"broken","statusMessage":"selenium.common.exceptions.TimeoutException: Message: \nStacktrace:\nSymbols not available. Dumping unresolved backtrace:\n\t0x7ff674547a35\n\t0x7ff674547a90\n\t0x7ff6742c16ad\n\t0x7ff67431a13e\n\t0x7ff67431a44c\n\t0x7ff67436ebe7\n\t0x7ff67436b8fb\n\t0x7ff67430b068\n\t0x7ff67430be93\n\t0x7ff6748029d0\n\t0x7ff6747fce50\n\t0x7ff67481cc45\n\t0x7ff6745630ce\n\t0x7ff67456adbf\n\t0x7ff674550c14\n\t0x7ff674550dcf\n\t0x7ff674536828\n\t0x7ff86072e8d7\n\t0x7ff86128c53c\n\n","statusTrace":"  File \"C:\\actions-runner\\_tool\\Python\\3.13.9\\x64\\Lib\\site-packages\\behave\\model.py\", line 1991, in run\n    match.run(runner.context)\n    ~~~~~~~~~^^^^^^^^^^^^^^^^\n  File \"C:\\actions-runner\\_tool\\Python\\3.13.9\\x64\\Lib\\site-packages\\behave\\matchers.py\", line 105, in run\n    self.func(context, *args, **kwargs)\n    ~~~~~~~~~^^^^^^^^^^^^^^^^^^^^^^^^^^\n  File \"features\\steps\\parametria.steps.py\", line 41, in crear_vigencias\n    context.page.crear_vigencia(\n    ~~~~~~~~~~~~~~~~~~~~~~~~~~~^\n        context=context,\n        ^^^^^^^^^^^^^^^^\n    ...<3 lines>...\n        valor=valor_normalizado\n        ^^^^^^^^^^^^^^^^^^^^^^^\n    )\n    ^\n  File \"D:\\a\\AndinaCoreTesting\\AndinaCoreTesting\\pages\\parametria_page.py\", line 74, in crear_vigencia\n    self.click_editar_parametro(context,parametro)\n    ~~~~~~~~~~~~~~~~~~~~~~~~~~~^^^^^^^^^^^^^^^^^^^\n  File \"D:\\a\\AndinaCoreTesting\\AndinaCoreTesting\\pages\\parametria_page.py\", line 55, in click_editar_parametro\n    boton = WebDriverWait(self.driver, 20).until(\n        EC.element_to_be_clickable((By.XPATH, xpath))\n    )\n  File \"C:\\actions-runner\\_tool\\Python\\3.13.9\\x64\\Lib\\site-packages\\selenium\\webdriver\\support\\wait.py\", line 138, in until\n    raise TimeoutException(message, screen, stacktrace)\n","steps":[],"attachments":[{"uid":"1826964e94b7057f","name":".table","source":"1826964e94b7057f.csv","type":"text/csv","size":78}],"parameters":[],"attachmentStep":false,"hasContent":true,"stepsCount":0,"shouldDisplayMessage":true,"attachmentsCount":1},{"name":"Entonces todas las vigencias quedan creadas de la reserva","time":{"start":1763083812033,"stop":1763083812033,"duration":0},"status":"skipped","steps":[],"attachments":[],"parameters":[],"attachmentStep":false,"hasContent":false,"stepsCount":0,"shouldDisplayMessage":false,"attachmentsCount":0},{"name":"Y elimino las vigencias creadas de la reserva","time":{"start":1763083812033,"stop":1763083812033,"duration":0},"status":"skipped","steps":[],"attachments":[],"parameters":[],"attachmentStep":false,"hasContent":false,"stepsCount":0,"shouldDisplayMessage":false,"attachmentsCount":0}],"attachments":[],"parameters":[],"attachmentStep":false,"hasContent":true,"stepsCount":6,"shouldDisplayMessage":false,"attachmentsCount":2},"afterStages":[],"labels":[{"name":"severity","value":"normal"},{"name":"feature","value":"Edicion de parametros"},{"name":"framework","value":"behave"},{"name":"language","value":"cpython3"},{"name":"resultFormat","value":"allure2"}],"parameters":[],"links":[],"hidden":false,"retry":false,"extra":{"severity":"normal","retries":[],"categories":[{"name":"Test defects","matchedStatuses":[]}],"tags":[]},"source":"b44efee09eead915.json","parameterValues":[]}