{"uid":"37d03852f0579d1d","name":"Carga exitosa del archivo masivo y descarga de resultados","fullName":"Carga masiva de cotización: Carga exitosa del archivo masivo y descarga de resultados","historyId":"a26915b69921168eea35294074258aa7","time":{"start":1763861557771,"stop":1763861579430,"duration":21659},"status":"broken","statusMessage":"selenium.common.exceptions.StaleElementReferenceException: Message: stale element reference: stale element not found in the current frame\n  (Session info: chrome=142.0.7444.60); For documentation on this error, please visit: https://www.selenium.dev/documentation/webdriver/troubleshooting/errors#staleelementreferenceexception\nStacktrace:\nSymbols not available. Dumping unresolved backtrace:\n\t0x7ff7d41b7a35\n\t0x7ff7d41b7a90\n\t0x7ff7d3f316ad\n\t0x7ff7d3f3948f\n\t0x7ff7d3f3c4ef\n\t0x7ff7d3f3c5af\n\t0x7ff7d3f8c3fd\n\t0x7ff7d3f8b3a9\n\t0x7ff7d3f7d2c8\n\t0x7ff7d3fb297a\n\t0x7ff7d3f7cb56\n\t0x7ff7d3fdb8fb\n\t0x7ff7d3f7b068\n\t0x7ff7d3f7be93\n\t0x7ff7d44729d0\n\t0x7ff7d446ce50\n\t0x7ff7d448cc45\n\t0x7ff7d41d30ce\n\t0x7ff7d41dadbf\n\t0x7ff7d41c0c14\n\t0x7ff7d41c0dcf\n\t0x7ff7d41a6828\n\t0x7ff9d4aae8d7\n\t0x7ff9d668c53c\n\n","statusTrace":"  File \"C:\\actions-runner\\_tool\\Python\\3.13.9\\x64\\Lib\\site-packages\\behave\\model.py\", line 1991, in run\n    match.run(runner.context)\n    ~~~~~~~~~^^^^^^^^^^^^^^^^\n  File \"C:\\actions-runner\\_tool\\Python\\3.13.9\\x64\\Lib\\site-packages\\behave\\matchers.py\", line 105, in run\n    self.func(context, *args, **kwargs)\n    ~~~~~~~~~^^^^^^^^^^^^^^^^^^^^^^^^^^\n  File \"features\\steps\\crear_cotizacion_masiva.steps.py\", line 16, in step_upload_file\n    context.page.upload_cotizacion_file(context)\n    ~~~~~~~~~~~~~~~~~~~~~~~~~~~~~~~~~~~^^^^^^^^^\n  File \"D:\\a\\AndinaCoreTesting\\AndinaCoreTesting\\pages\\cotizacion_masiva_page.py\", line 59, in upload_cotizacion_file\n    ).click()\n      ~~~~~^^\n  File \"C:\\actions-runner\\_tool\\Python\\3.13.9\\x64\\Lib\\site-packages\\selenium\\webdriver\\remote\\webelement.py\", line 119, in click\n    self._execute(Command.CLICK_ELEMENT)\n    ~~~~~~~~~~~~~^^^^^^^^^^^^^^^^^^^^^^^\n  File \"C:\\actions-runner\\_tool\\Python\\3.13.9\\x64\\Lib\\site-packages\\selenium\\webdriver\\remote\\webelement.py\", line 572, in _execute\n    return self._parent.execute(command, params)\n           ~~~~~~~~~~~~~~~~~~~~^^^^^^^^^^^^^^^^^\n  File \"C:\\actions-runner\\_tool\\Python\\3.13.9\\x64\\Lib\\site-packages\\selenium\\webdriver\\remote\\webdriver.py\", line 458, in execute\n    self.error_handler.check_response(response)\n    ~~~~~~~~~~~~~~~~~~~~~~~~~~~~~~~~~^^^^^^^^^^\n  File \"C:\\actions-runner\\_tool\\Python\\3.13.9\\x64\\Lib\\site-packages\\selenium\\webdriver\\remote\\errorhandler.py\", line 233, in check_response\n    raise exception_class(message, screen, stacktrace)\n","flaky":false,"newFailed":false,"newBroken":true,"newPassed":false,"retriesCount":0,"retriesStatusChange":false,"beforeStages":[],"testStage":{"status":"broken","statusMessage":"selenium.common.exceptions.StaleElementReferenceException: Message: stale element reference: stale element not found in the current frame\n  (Session info: chrome=142.0.7444.60); For documentation on this error, please visit: https://www.selenium.dev/documentation/webdriver/troubleshooting/errors#staleelementreferenceexception\nStacktrace:\nSymbols not available. Dumping unresolved backtrace:\n\t0x7ff7d41b7a35\n\t0x7ff7d41b7a90\n\t0x7ff7d3f316ad\n\t0x7ff7d3f3948f\n\t0x7ff7d3f3c4ef\n\t0x7ff7d3f3c5af\n\t0x7ff7d3f8c3fd\n\t0x7ff7d3f8b3a9\n\t0x7ff7d3f7d2c8\n\t0x7ff7d3fb297a\n\t0x7ff7d3f7cb56\n\t0x7ff7d3fdb8fb\n\t0x7ff7d3f7b068\n\t0x7ff7d3f7be93\n\t0x7ff7d44729d0\n\t0x7ff7d446ce50\n\t0x7ff7d448cc45\n\t0x7ff7d41d30ce\n\t0x7ff7d41dadbf\n\t0x7ff7d41c0c14\n\t0x7ff7d41c0dcf\n\t0x7ff7d41a6828\n\t0x7ff9d4aae8d7\n\t0x7ff9d668c53c\n\n","statusTrace":"  File \"C:\\actions-runner\\_tool\\Python\\3.13.9\\x64\\Lib\\site-packages\\behave\\model.py\", line 1991, in run\n    match.run(runner.context)\n    ~~~~~~~~~^^^^^^^^^^^^^^^^\n  File \"C:\\actions-runner\\_tool\\Python\\3.13.9\\x64\\Lib\\site-packages\\behave\\matchers.py\", line 105, in run\n    self.func(context, *args, **kwargs)\n    ~~~~~~~~~^^^^^^^^^^^^^^^^^^^^^^^^^^\n  File \"features\\steps\\crear_cotizacion_masiva.steps.py\", line 16, in step_upload_file\n    context.page.upload_cotizacion_file(context)\n    ~~~~~~~~~~~~~~~~~~~~~~~~~~~~~~~~~~~^^^^^^^^^\n  File \"D:\\a\\AndinaCoreTesting\\AndinaCoreTesting\\pages\\cotizacion_masiva_page.py\", line 59, in upload_cotizacion_file\n    ).click()\n      ~~~~~^^\n  File \"C:\\actions-runner\\_tool\\Python\\3.13.9\\x64\\Lib\\site-packages\\selenium\\webdriver\\remote\\webelement.py\", line 119, in click\n    self._execute(Command.CLICK_ELEMENT)\n    ~~~~~~~~~~~~~^^^^^^^^^^^^^^^^^^^^^^^\n  File \"C:\\actions-runner\\_tool\\Python\\3.13.9\\x64\\Lib\\site-packages\\selenium\\webdriver\\remote\\webelement.py\", line 572, in _execute\n    return self._parent.execute(command, params)\n           ~~~~~~~~~~~~~~~~~~~~^^^^^^^^^^^^^^^^^\n  File \"C:\\actions-runner\\_tool\\Python\\3.13.9\\x64\\Lib\\site-packages\\selenium\\webdriver\\remote\\webdriver.py\", line 458, in execute\n    self.error_handler.check_response(response)\n    ~~~~~~~~~~~~~~~~~~~~~~~~~~~~~~~~~^^^^^^^^^^\n  File \"C:\\actions-runner\\_tool\\Python\\3.13.9\\x64\\Lib\\site-packages\\selenium\\webdriver\\remote\\errorhandler.py\", line 233, in check_response\n    raise exception_class(message, screen, stacktrace)\n","steps":[{"name":"Dado que abro la página de login","time":{"start":1763861559462,"stop":1763861560916,"duration":1454},"status":"passed","steps":[],"attachments":[],"parameters":[],"shouldDisplayMessage":false,"attachmentsCount":0,"stepsCount":0,"attachmentStep":false,"hasContent":false},{"name":"Y usando la identidad del archivo .env","time":{"start":1763861560916,"stop":1763861570008,"duration":9092},"status":"passed","steps":[],"attachments":[],"parameters":[],"shouldDisplayMessage":false,"attachmentsCount":0,"stepsCount":0,"attachmentStep":false,"hasContent":false},{"name":"Cuando navego a la página de cotización","time":{"start":1763861570008,"stop":1763861570406,"duration":398},"status":"passed","steps":[],"attachments":[],"parameters":[],"shouldDisplayMessage":false,"attachmentsCount":0,"stepsCount":0,"attachmentStep":false,"hasContent":false},{"name":"Y subo el archivo plano de cotización","time":{"start":1763861570406,"stop":1763861576035,"duration":5629},"status":"broken","statusMessage":"selenium.common.exceptions.StaleElementReferenceException: Message: stale element reference: stale element not found in the current frame\n  (Session info: chrome=142.0.7444.60); For documentation on this error, please visit: https://www.selenium.dev/documentation/webdriver/troubleshooting/errors#staleelementreferenceexception\nStacktrace:\nSymbols not available. Dumping unresolved backtrace:\n\t0x7ff7d41b7a35\n\t0x7ff7d41b7a90\n\t0x7ff7d3f316ad\n\t0x7ff7d3f3948f\n\t0x7ff7d3f3c4ef\n\t0x7ff7d3f3c5af\n\t0x7ff7d3f8c3fd\n\t0x7ff7d3f8b3a9\n\t0x7ff7d3f7d2c8\n\t0x7ff7d3fb297a\n\t0x7ff7d3f7cb56\n\t0x7ff7d3fdb8fb\n\t0x7ff7d3f7b068\n\t0x7ff7d3f7be93\n\t0x7ff7d44729d0\n\t0x7ff7d446ce50\n\t0x7ff7d448cc45\n\t0x7ff7d41d30ce\n\t0x7ff7d41dadbf\n\t0x7ff7d41c0c14\n\t0x7ff7d41c0dcf\n\t0x7ff7d41a6828\n\t0x7ff9d4aae8d7\n\t0x7ff9d668c53c\n\n","statusTrace":"  File \"C:\\actions-runner\\_tool\\Python\\3.13.9\\x64\\Lib\\site-packages\\behave\\model.py\", line 1991, in run\n    match.run(runner.context)\n    ~~~~~~~~~^^^^^^^^^^^^^^^^\n  File \"C:\\actions-runner\\_tool\\Python\\3.13.9\\x64\\Lib\\site-packages\\behave\\matchers.py\", line 105, in run\n    self.func(context, *args, **kwargs)\n    ~~~~~~~~~^^^^^^^^^^^^^^^^^^^^^^^^^^\n  File \"features\\steps\\crear_cotizacion_masiva.steps.py\", line 16, in step_upload_file\n    context.page.upload_cotizacion_file(context)\n    ~~~~~~~~~~~~~~~~~~~~~~~~~~~~~~~~~~~^^^^^^^^^\n  File \"D:\\a\\AndinaCoreTesting\\AndinaCoreTesting\\pages\\cotizacion_masiva_page.py\", line 59, in upload_cotizacion_file\n    ).click()\n      ~~~~~^^\n  File \"C:\\actions-runner\\_tool\\Python\\3.13.9\\x64\\Lib\\site-packages\\selenium\\webdriver\\remote\\webelement.py\", line 119, in click\n    self._execute(Command.CLICK_ELEMENT)\n    ~~~~~~~~~~~~~^^^^^^^^^^^^^^^^^^^^^^^\n  File \"C:\\actions-runner\\_tool\\Python\\3.13.9\\x64\\Lib\\site-packages\\selenium\\webdriver\\remote\\webelement.py\", line 572, in _execute\n    return self._parent.execute(command, params)\n           ~~~~~~~~~~~~~~~~~~~~^^^^^^^^^^^^^^^^^\n  File \"C:\\actions-runner\\_tool\\Python\\3.13.9\\x64\\Lib\\site-packages\\selenium\\webdriver\\remote\\webdriver.py\", line 458, in execute\n    self.error_handler.check_response(response)\n    ~~~~~~~~~~~~~~~~~~~~~~~~~~~~~~~~~^^^^^^^^^^\n  File \"C:\\actions-runner\\_tool\\Python\\3.13.9\\x64\\Lib\\site-packages\\selenium\\webdriver\\remote\\errorhandler.py\", line 233, in check_response\n    raise exception_class(message, screen, stacktrace)\n","steps":[],"attachments":[{"uid":"536f3c9bb576b5f7","name":"Cargando el archivo de cotizacion","source":"536f3c9bb576b5f7.png","type":"image/png","size":124659}],"parameters":[],"shouldDisplayMessage":true,"attachmentsCount":1,"stepsCount":0,"attachmentStep":false,"hasContent":true},{"name":"Entonces se descarga un archivo de resultados de cargue de cotizacion masiva","time":{"start":1763861579430,"stop":1763861579430,"duration":0},"status":"skipped","steps":[],"attachments":[],"parameters":[],"shouldDisplayMessage":false,"attachmentsCount":0,"stepsCount":0,"attachmentStep":false,"hasContent":false}],"attachments":[],"parameters":[],"shouldDisplayMessage":false,"attachmentsCount":1,"stepsCount":5,"attachmentStep":false,"hasContent":true},"afterStages":[],"labels":[{"name":"severity","value":"normal"},{"name":"tag","value":"crear_cotizacion_masiva"},{"name":"feature","value":"Carga masiva de cotización"},{"name":"framework","value":"behave"},{"name":"language","value":"cpython3"},{"name":"resultFormat","value":"allure2"}],"parameters":[],"links":[],"hidden":false,"retry":false,"extra":{"severity":"normal","retries":[],"categories":[{"name":"Test defects","matchedStatuses":[]}],"history":{"statistic":{"failed":0,"broken":7,"skipped":0,"passed":1,"unknown":0,"total":8},"items":[{"uid":"75a2ce81c72c82e1","reportUrl":"https://marturo77.github.io/AndinaCoreReporting/latest//#testresult/75a2ce81c72c82e1","status":"passed","time":{"start":1763860399646,"stop":1763860422666,"duration":23020}},{"uid":"c00b4e5c3d88b29c","reportUrl":"https://marturo77.github.io/AndinaCoreReporting/latest//#testresult/c00b4e5c3d88b29c","status":"broken","statusDetails":"selenium.common.exceptions.StaleElementReferenceException: Message: stale element reference: stale element not found in the current frame\n  (Session info: chrome=142.0.7444.60); For documentation on this error, please visit: https://www.selenium.dev/documentation/webdriver/troubleshooting/errors#staleelementreferenceexception\nStacktrace:\nSymbols not available. Dumping unresolved backtrace:\n\t0x7ff66cac7a35\n\t0x7ff66cac7a90\n\t0x7ff66c8416ad\n\t0x7ff66c84948f\n\t0x7ff66c84c4ef\n\t0x7ff66c84c5af\n\t0x7ff66c89c78d\n\t0x7ff66c89b890\n\t0x7ff66c88d2c8\n\t0x7ff66c8c297a\n\t0x7ff66c88cb56\n\t0x7ff66c8eb8fb\n\t0x7ff66c88b068\n\t0x7ff66c88be93\n\t0x7ff66cd829d0\n\t0x7ff66cd7ce50\n\t0x7ff66cd9cc45\n\t0x7ff66cae30ce\n\t0x7ff66caeadbf\n\t0x7ff66cad0c14\n\t0x7ff66cad0dcf\n\t0x7ff66cab6828\n\t0x7ffc0adde8d7\n\t0x7ffc0b06c53c\n\n","time":{"start":1763849883128,"stop":1763849898839,"duration":15711}},{"uid":"a7ee6d24350475a3","reportUrl":"https://marturo77.github.io/AndinaCoreReporting/latest//#testresult/a7ee6d24350475a3","status":"broken","statusDetails":"selenium.common.exceptions.StaleElementReferenceException: Message: stale element reference: stale element not found in the current frame\n  (Session info: chrome=142.0.7444.60); For documentation on this error, please visit: https://www.selenium.dev/documentation/webdriver/troubleshooting/errors#staleelementreferenceexception\nStacktrace:\nSymbols not available. Dumping unresolved backtrace:\n\t0x7ff625a47a35\n\t0x7ff625a47a90\n\t0x7ff6257c16ad\n\t0x7ff6257c948f\n\t0x7ff6257cc4ef\n\t0x7ff6257cc5af\n\t0x7ff62582223b\n\t0x7ff62581f69f\n\t0x7ff62581cc11\n\t0x7ff62581bad0\n\t0x7ff62580d2c8\n\t0x7ff62584297a\n\t0x7ff62580cb56\n\t0x7ff62586b8fb\n\t0x7ff62580b068\n\t0x7ff62580be93\n\t0x7ff625d029d0\n\t0x7ff625cfce50\n\t0x7ff625d1cc45\n\t0x7ff625a630ce\n\t0x7ff625a6adbf\n\t0x7ff625a50c14\n\t0x7ff625a50dcf\n\t0x7ff625a36828\n\t0x7ffd520be8d7\n\t0x7ffd52e6c53c\n\n","time":{"start":1763848881534,"stop":1763848897960,"duration":16426}},{"uid":"730709ab82bda769","reportUrl":"https://marturo77.github.io/AndinaCoreReporting/latest//#testresult/730709ab82bda769","status":"broken","statusDetails":"selenium.common.exceptions.StaleElementReferenceException: Message: stale element reference: stale element not found in the current frame\n  (Session info: chrome=142.0.7444.60); For documentation on this error, please visit: https://www.selenium.dev/documentation/webdriver/troubleshooting/errors#staleelementreferenceexception\nStacktrace:\nSymbols not available. Dumping unresolved backtrace:\n\t0x7ff7431a7a35\n\t0x7ff7431a7a90\n\t0x7ff742f216ad\n\t0x7ff742f2948f\n\t0x7ff742f2c4ef\n\t0x7ff742f2c5af\n\t0x7ff742f8223b\n\t0x7ff742f7fcde\n\t0x7ff742f7cc11\n\t0x7ff742f7bad0\n\t0x7ff742f6d2c8\n\t0x7ff742fa297a\n\t0x7ff742f6cb56\n\t0x7ff742fcb8fb\n\t0x7ff742f6b068\n\t0x7ff742f6be93\n\t0x7ff7434629d0\n\t0x7ff74345ce50\n\t0x7ff74347cc45\n\t0x7ff7431c30ce\n\t0x7ff7431cadbf\n\t0x7ff7431b0c14\n\t0x7ff7431b0dcf\n\t0x7ff743196828\n\t0x7ff96664e8d7\n\t0x7ff967dcc53c\n\n","time":{"start":1763847423712,"stop":1763847447216,"duration":23504}},{"uid":"605493193192c947","reportUrl":"https://marturo77.github.io/AndinaCoreReporting/latest//#testresult/605493193192c947","status":"broken","statusDetails":"selenium.common.exceptions.StaleElementReferenceException: Message: stale element reference: stale element not found in the current frame\n  (Session info: chrome=142.0.7444.60); For documentation on this error, please visit: https://www.selenium.dev/documentation/webdriver/troubleshooting/errors#staleelementreferenceexception\nStacktrace:\nSymbols not available. Dumping unresolved backtrace:\n\t0x7ff720407a35\n\t0x7ff720407a90\n\t0x7ff7201816ad\n\t0x7ff72018948f\n\t0x7ff72018c4ef\n\t0x7ff72018c5af\n\t0x7ff7201dde21\n\t0x7ff7201db5bf\n\t0x7ff7201cd6a6\n\t0x7ff72020297a\n\t0x7ff7201ccb56\n\t0x7ff72022b8fb\n\t0x7ff7201cb068\n\t0x7ff7201cbe93\n\t0x7ff7206c29d0\n\t0x7ff7206bce50\n\t0x7ff7206dcc45\n\t0x7ff7204230ce\n\t0x7ff72042adbf\n\t0x7ff720410c14\n\t0x7ff720410dcf\n\t0x7ff7203f6828\n\t0x7ffdddf9e8d7\n\t0x7ffddf6ac53c\n\n","time":{"start":1763844604465,"stop":1763844620432,"duration":15967}},{"uid":"e2f44bcacfb72f8f","status":"broken","statusDetails":"selenium.common.exceptions.StaleElementReferenceException: Message: stale element reference: stale element not found in the current frame\n  (Session info: chrome=142.0.7444.60); For documentation on this error, please visit: https://www.selenium.dev/documentation/webdriver/troubleshooting/errors#staleelementreferenceexception\nStacktrace:\nSymbols not available. Dumping unresolved backtrace:\n\t0x7ff73fcc7a35\n\t0x7ff73fcc7a90\n\t0x7ff73fa416ad\n\t0x7ff73fa4948f\n\t0x7ff73fa4c4ef\n\t0x7ff73fa4c5af\n\t0x7ff73faa223b\n\t0x7ff73fa9fcde\n\t0x7ff73fa9cc11\n\t0x7ff73fa9bad0\n\t0x7ff73fa8d2c8\n\t0x7ff73fac297a\n\t0x7ff73fa8cb56\n\t0x7ff73faeb8fb\n\t0x7ff73fa8b068\n\t0x7ff73fa8be93\n\t0x7ff73ff829d0\n\t0x7ff73ff7ce50\n\t0x7ff73ff9cc45\n\t0x7ff73fce30ce\n\t0x7ff73fceadbf\n\t0x7ff73fcd0c14\n\t0x7ff73fcd0dcf\n\t0x7ff73fcb6828\n\t0x7ffddcb7e8d7\n\t0x7ffdde72c53c\n\n","time":{"start":1763841572313,"stop":1763841590442,"duration":18129}},{"uid":"7e40cd25bb9006a9","status":"broken","statusDetails":"selenium.common.exceptions.StaleElementReferenceException: Message: stale element reference: stale element not found in the current frame\n  (Session info: chrome=142.0.7444.60); For documentation on this error, please visit: https://www.selenium.dev/documentation/webdriver/troubleshooting/errors#staleelementreferenceexception\nStacktrace:\nSymbols not available. Dumping unresolved backtrace:\n\t0x7ff6e98f7a35\n\t0x7ff6e98f7a90\n\t0x7ff6e96716ad\n\t0x7ff6e967948f\n\t0x7ff6e967c4ef\n\t0x7ff6e967c5af\n\t0x7ff6e96d223b\n\t0x7ff6e96cfcde\n\t0x7ff6e96ccc11\n\t0x7ff6e96cbad0\n\t0x7ff6e96bd2c8\n\t0x7ff6e96f297a\n\t0x7ff6e96bcb56\n\t0x7ff6e971b8fb\n\t0x7ff6e96bb068\n\t0x7ff6e96bbe93\n\t0x7ff6e9bb29d0\n\t0x7ff6e9bace50\n\t0x7ff6e9bccc45\n\t0x7ff6e99130ce\n\t0x7ff6e991adbf\n\t0x7ff6e9900c14\n\t0x7ff6e9900dcf\n\t0x7ff6e98e6828\n\t0x7ff84c27e8d7\n\t0x7ff84e50c53c\n\n","time":{"start":1763839432324,"stop":1763839447837,"duration":15513}}]},"tags":["crear_cotizacion_masiva"]},"source":"37d03852f0579d1d.json","parameterValues":[]}