{"uid":"3ee3dfeec00e8647","name":"R01- C01 Carga exitosa del archivo masivo y descarga de resultados","fullName":"R01 Carga masiva de cotización: R01- C01 Carga exitosa del archivo masivo y descarga de resultados","historyId":"8de1de020f3f82878de3ae1c80f5d074","time":{"start":1763861502367,"stop":1763861530532,"duration":28165},"status":"broken","statusMessage":"selenium.common.exceptions.StaleElementReferenceException: Message: stale element reference: stale element not found in the current frame\n  (Session info: chrome=142.0.7444.60); For documentation on this error, please visit: https://www.selenium.dev/documentation/webdriver/troubleshooting/errors#staleelementreferenceexception\nStacktrace:\nSymbols not available. Dumping unresolved backtrace:\n\t0x7ff7d41b7a35\n\t0x7ff7d41b7a90\n\t0x7ff7d3f316ad\n\t0x7ff7d3f3948f\n\t0x7ff7d3f3c4ef\n\t0x7ff7d3f3c5af\n\t0x7ff7d3f9223b\n\t0x7ff7d3f8fcde\n\t0x7ff7d3f8cc11\n\t0x7ff7d3f8bad0\n\t0x7ff7d3f7d6a6\n\t0x7ff7d3fb297a\n\t0x7ff7d3f7cb56\n\t0x7ff7d3fdb8fb\n\t0x7ff7d3f7b068\n\t0x7ff7d3f7be93\n\t0x7ff7d44729d0\n\t0x7ff7d446ce50\n\t0x7ff7d448cc45\n\t0x7ff7d41d30ce\n\t0x7ff7d41dadbf\n\t0x7ff7d41c0c14\n\t0x7ff7d41c0dcf\n\t0x7ff7d41a6828\n\t0x7ff9d4aae8d7\n\t0x7ff9d668c53c\n\n","statusTrace":"  File \"C:\\actions-runner\\_tool\\Python\\3.13.9\\x64\\Lib\\site-packages\\behave\\model.py\", line 1991, in run\n    match.run(runner.context)\n    ~~~~~~~~~^^^^^^^^^^^^^^^^\n  File \"C:\\actions-runner\\_tool\\Python\\3.13.9\\x64\\Lib\\site-packages\\behave\\matchers.py\", line 105, in run\n    self.func(context, *args, **kwargs)\n    ~~~~~~~~~^^^^^^^^^^^^^^^^^^^^^^^^^^\n  File \"features\\steps\\crear_cotizacion_masiva.steps.py\", line 16, in step_upload_file\n    context.page.upload_cotizacion_file(context)\n    ~~~~~~~~~~~~~~~~~~~~~~~~~~~~~~~~~~~^^^^^^^^^\n  File \"D:\\a\\AndinaCoreTesting\\AndinaCoreTesting\\pages\\cotizacion_masiva_page.py\", line 59, in upload_cotizacion_file\n    ).click()\n      ~~~~~^^\n  File \"C:\\actions-runner\\_tool\\Python\\3.13.9\\x64\\Lib\\site-packages\\selenium\\webdriver\\remote\\webelement.py\", line 119, in click\n    self._execute(Command.CLICK_ELEMENT)\n    ~~~~~~~~~~~~~^^^^^^^^^^^^^^^^^^^^^^^\n  File \"C:\\actions-runner\\_tool\\Python\\3.13.9\\x64\\Lib\\site-packages\\selenium\\webdriver\\remote\\webelement.py\", line 572, in _execute\n    return self._parent.execute(command, params)\n           ~~~~~~~~~~~~~~~~~~~~^^^^^^^^^^^^^^^^^\n  File \"C:\\actions-runner\\_tool\\Python\\3.13.9\\x64\\Lib\\site-packages\\selenium\\webdriver\\remote\\webdriver.py\", line 458, in execute\n    self.error_handler.check_response(response)\n    ~~~~~~~~~~~~~~~~~~~~~~~~~~~~~~~~~^^^^^^^^^^\n  File \"C:\\actions-runner\\_tool\\Python\\3.13.9\\x64\\Lib\\site-packages\\selenium\\webdriver\\remote\\errorhandler.py\", line 233, in check_response\n    raise exception_class(message, screen, stacktrace)\n","flaky":false,"newFailed":false,"newBroken":false,"newPassed":false,"retriesCount":0,"retriesStatusChange":false,"beforeStages":[],"testStage":{"status":"broken","statusMessage":"selenium.common.exceptions.StaleElementReferenceException: Message: stale element reference: stale element not found in the current frame\n  (Session info: chrome=142.0.7444.60); For documentation on this error, please visit: https://www.selenium.dev/documentation/webdriver/troubleshooting/errors#staleelementreferenceexception\nStacktrace:\nSymbols not available. Dumping unresolved backtrace:\n\t0x7ff7d41b7a35\n\t0x7ff7d41b7a90\n\t0x7ff7d3f316ad\n\t0x7ff7d3f3948f\n\t0x7ff7d3f3c4ef\n\t0x7ff7d3f3c5af\n\t0x7ff7d3f9223b\n\t0x7ff7d3f8fcde\n\t0x7ff7d3f8cc11\n\t0x7ff7d3f8bad0\n\t0x7ff7d3f7d6a6\n\t0x7ff7d3fb297a\n\t0x7ff7d3f7cb56\n\t0x7ff7d3fdb8fb\n\t0x7ff7d3f7b068\n\t0x7ff7d3f7be93\n\t0x7ff7d44729d0\n\t0x7ff7d446ce50\n\t0x7ff7d448cc45\n\t0x7ff7d41d30ce\n\t0x7ff7d41dadbf\n\t0x7ff7d41c0c14\n\t0x7ff7d41c0dcf\n\t0x7ff7d41a6828\n\t0x7ff9d4aae8d7\n\t0x7ff9d668c53c\n\n","statusTrace":"  File \"C:\\actions-runner\\_tool\\Python\\3.13.9\\x64\\Lib\\site-packages\\behave\\model.py\", line 1991, in run\n    match.run(runner.context)\n    ~~~~~~~~~^^^^^^^^^^^^^^^^\n  File \"C:\\actions-runner\\_tool\\Python\\3.13.9\\x64\\Lib\\site-packages\\behave\\matchers.py\", line 105, in run\n    self.func(context, *args, **kwargs)\n    ~~~~~~~~~^^^^^^^^^^^^^^^^^^^^^^^^^^\n  File \"features\\steps\\crear_cotizacion_masiva.steps.py\", line 16, in step_upload_file\n    context.page.upload_cotizacion_file(context)\n    ~~~~~~~~~~~~~~~~~~~~~~~~~~~~~~~~~~~^^^^^^^^^\n  File \"D:\\a\\AndinaCoreTesting\\AndinaCoreTesting\\pages\\cotizacion_masiva_page.py\", line 59, in upload_cotizacion_file\n    ).click()\n      ~~~~~^^\n  File \"C:\\actions-runner\\_tool\\Python\\3.13.9\\x64\\Lib\\site-packages\\selenium\\webdriver\\remote\\webelement.py\", line 119, in click\n    self._execute(Command.CLICK_ELEMENT)\n    ~~~~~~~~~~~~~^^^^^^^^^^^^^^^^^^^^^^^\n  File \"C:\\actions-runner\\_tool\\Python\\3.13.9\\x64\\Lib\\site-packages\\selenium\\webdriver\\remote\\webelement.py\", line 572, in _execute\n    return self._parent.execute(command, params)\n           ~~~~~~~~~~~~~~~~~~~~^^^^^^^^^^^^^^^^^\n  File \"C:\\actions-runner\\_tool\\Python\\3.13.9\\x64\\Lib\\site-packages\\selenium\\webdriver\\remote\\webdriver.py\", line 458, in execute\n    self.error_handler.check_response(response)\n    ~~~~~~~~~~~~~~~~~~~~~~~~~~~~~~~~~^^^^^^^^^^\n  File \"C:\\actions-runner\\_tool\\Python\\3.13.9\\x64\\Lib\\site-packages\\selenium\\webdriver\\remote\\errorhandler.py\", line 233, in check_response\n    raise exception_class(message, screen, stacktrace)\n","steps":[{"name":"Dado que abro la página de login","time":{"start":1763861512283,"stop":1763861512427,"duration":144},"status":"passed","steps":[],"attachments":[],"parameters":[],"shouldDisplayMessage":false,"attachmentsCount":0,"stepsCount":0,"attachmentStep":false,"hasContent":false},{"name":"Y usando la identidad del archivo .env","time":{"start":1763861512427,"stop":1763861521769,"duration":9342},"status":"passed","steps":[],"attachments":[],"parameters":[],"shouldDisplayMessage":false,"attachmentsCount":0,"stepsCount":0,"attachmentStep":false,"hasContent":false},{"name":"Cuando navego a la página de cotización","time":{"start":1763861521769,"stop":1763861522599,"duration":830},"status":"passed","steps":[],"attachments":[],"parameters":[],"shouldDisplayMessage":false,"attachmentsCount":0,"stepsCount":0,"attachmentStep":false,"hasContent":false},{"name":"Cuando subo el archivo plano de cotización","time":{"start":1763861522599,"stop":1763861527075,"duration":4476},"status":"broken","statusMessage":"selenium.common.exceptions.StaleElementReferenceException: Message: stale element reference: stale element not found in the current frame\n  (Session info: chrome=142.0.7444.60); For documentation on this error, please visit: https://www.selenium.dev/documentation/webdriver/troubleshooting/errors#staleelementreferenceexception\nStacktrace:\nSymbols not available. Dumping unresolved backtrace:\n\t0x7ff7d41b7a35\n\t0x7ff7d41b7a90\n\t0x7ff7d3f316ad\n\t0x7ff7d3f3948f\n\t0x7ff7d3f3c4ef\n\t0x7ff7d3f3c5af\n\t0x7ff7d3f9223b\n\t0x7ff7d3f8fcde\n\t0x7ff7d3f8cc11\n\t0x7ff7d3f8bad0\n\t0x7ff7d3f7d6a6\n\t0x7ff7d3fb297a\n\t0x7ff7d3f7cb56\n\t0x7ff7d3fdb8fb\n\t0x7ff7d3f7b068\n\t0x7ff7d3f7be93\n\t0x7ff7d44729d0\n\t0x7ff7d446ce50\n\t0x7ff7d448cc45\n\t0x7ff7d41d30ce\n\t0x7ff7d41dadbf\n\t0x7ff7d41c0c14\n\t0x7ff7d41c0dcf\n\t0x7ff7d41a6828\n\t0x7ff9d4aae8d7\n\t0x7ff9d668c53c\n\n","statusTrace":"  File \"C:\\actions-runner\\_tool\\Python\\3.13.9\\x64\\Lib\\site-packages\\behave\\model.py\", line 1991, in run\n    match.run(runner.context)\n    ~~~~~~~~~^^^^^^^^^^^^^^^^\n  File \"C:\\actions-runner\\_tool\\Python\\3.13.9\\x64\\Lib\\site-packages\\behave\\matchers.py\", line 105, in run\n    self.func(context, *args, **kwargs)\n    ~~~~~~~~~^^^^^^^^^^^^^^^^^^^^^^^^^^\n  File \"features\\steps\\crear_cotizacion_masiva.steps.py\", line 16, in step_upload_file\n    context.page.upload_cotizacion_file(context)\n    ~~~~~~~~~~~~~~~~~~~~~~~~~~~~~~~~~~~^^^^^^^^^\n  File \"D:\\a\\AndinaCoreTesting\\AndinaCoreTesting\\pages\\cotizacion_masiva_page.py\", line 59, in upload_cotizacion_file\n    ).click()\n      ~~~~~^^\n  File \"C:\\actions-runner\\_tool\\Python\\3.13.9\\x64\\Lib\\site-packages\\selenium\\webdriver\\remote\\webelement.py\", line 119, in click\n    self._execute(Command.CLICK_ELEMENT)\n    ~~~~~~~~~~~~~^^^^^^^^^^^^^^^^^^^^^^^\n  File \"C:\\actions-runner\\_tool\\Python\\3.13.9\\x64\\Lib\\site-packages\\selenium\\webdriver\\remote\\webelement.py\", line 572, in _execute\n    return self._parent.execute(command, params)\n           ~~~~~~~~~~~~~~~~~~~~^^^^^^^^^^^^^^^^^\n  File \"C:\\actions-runner\\_tool\\Python\\3.13.9\\x64\\Lib\\site-packages\\selenium\\webdriver\\remote\\webdriver.py\", line 458, in execute\n    self.error_handler.check_response(response)\n    ~~~~~~~~~~~~~~~~~~~~~~~~~~~~~~~~~^^^^^^^^^^\n  File \"C:\\actions-runner\\_tool\\Python\\3.13.9\\x64\\Lib\\site-packages\\selenium\\webdriver\\remote\\errorhandler.py\", line 233, in check_response\n    raise exception_class(message, screen, stacktrace)\n","steps":[],"attachments":[{"uid":"976c90cac795424d","name":"Cargando el archivo de cotizacion","source":"976c90cac795424d.png","type":"image/png","size":155987}],"parameters":[],"shouldDisplayMessage":true,"attachmentsCount":1,"stepsCount":0,"attachmentStep":false,"hasContent":true},{"name":"Entonces se descarga un archivo de resultados de cargue de cotizacion masiva","time":{"start":1763861530532,"stop":1763861530532,"duration":0},"status":"skipped","steps":[],"attachments":[],"parameters":[],"shouldDisplayMessage":false,"attachmentsCount":0,"stepsCount":0,"attachmentStep":false,"hasContent":false}],"attachments":[],"parameters":[],"shouldDisplayMessage":false,"attachmentsCount":1,"stepsCount":5,"attachmentStep":false,"hasContent":true},"afterStages":[],"labels":[{"name":"severity","value":"normal"},{"name":"tag","value":"cotizacion"},{"name":"feature","value":"R01 Carga masiva de cotización"},{"name":"framework","value":"behave"},{"name":"language","value":"cpython3"},{"name":"resultFormat","value":"allure2"}],"parameters":[],"links":[],"hidden":false,"retry":false,"extra":{"severity":"normal","retries":[],"categories":[{"name":"Test defects","matchedStatuses":[]}],"history":{"statistic":{"failed":0,"broken":3,"skipped":0,"passed":0,"unknown":0,"total":3},"items":[{"uid":"ea8c4ecc55322d4","reportUrl":"https://marturo77.github.io/AndinaCoreReporting/latest//#testresult/ea8c4ecc55322d4","status":"broken","statusDetails":"selenium.common.exceptions.StaleElementReferenceException: Message: stale element reference: stale element not found in the current frame\n  (Session info: chrome=142.0.7444.60); For documentation on this error, please visit: https://www.selenium.dev/documentation/webdriver/troubleshooting/errors#staleelementreferenceexception\nStacktrace:\nSymbols not available. Dumping unresolved backtrace:\n\t0x7ff75a867a35\n\t0x7ff75a867a90\n\t0x7ff75a5e16ad\n\t0x7ff75a5e948f\n\t0x7ff75a5ec4ef\n\t0x7ff75a5ec5af\n\t0x7ff75a64223b\n\t0x7ff75a63fcde\n\t0x7ff75a63cc11\n\t0x7ff75a63bad0\n\t0x7ff75a62d6a6\n\t0x7ff75a66297a\n\t0x7ff75a62cb56\n\t0x7ff75a68b8fb\n\t0x7ff75a62b068\n\t0x7ff75a62be93\n\t0x7ff75ab229d0\n\t0x7ff75ab1ce50\n\t0x7ff75ab3cc45\n\t0x7ff75a8830ce\n\t0x7ff75a88adbf\n\t0x7ff75a870c14\n\t0x7ff75a870dcf\n\t0x7ff75a856828\n\t0x7ffa9d4de8d7\n\t0x7ffa9ec8c53c\n\n","time":{"start":1763860345294,"stop":1763860369821,"duration":24527}},{"uid":"5dd9b965d779e78b","reportUrl":"https://marturo77.github.io/AndinaCoreReporting/latest//#testresult/5dd9b965d779e78b","status":"broken","statusDetails":"selenium.common.exceptions.StaleElementReferenceException: Message: stale element reference: stale element not found in the current frame\n  (Session info: chrome=142.0.7444.60); For documentation on this error, please visit: https://www.selenium.dev/documentation/webdriver/troubleshooting/errors#staleelementreferenceexception\nStacktrace:\nSymbols not available. Dumping unresolved backtrace:\n\t0x7ff66cac7a35\n\t0x7ff66cac7a90\n\t0x7ff66c8416ad\n\t0x7ff66c84948f\n\t0x7ff66c84c4ef\n\t0x7ff66c84c5af\n\t0x7ff66c8a223b\n\t0x7ff66c89fcde\n\t0x7ff66c89cc11\n\t0x7ff66c89bad0\n\t0x7ff66c88d6a6\n\t0x7ff66c8c297a\n\t0x7ff66c88cb56\n\t0x7ff66c8eb8fb\n\t0x7ff66c88b068\n\t0x7ff66c88be93\n\t0x7ff66cd829d0\n\t0x7ff66cd7ce50\n\t0x7ff66cd9cc45\n\t0x7ff66cae30ce\n\t0x7ff66caeadbf\n\t0x7ff66cad0c14\n\t0x7ff66cad0dcf\n\t0x7ff66cab6828\n\t0x7ffc0adde8d7\n\t0x7ffc0b06c53c\n\n","time":{"start":1763849832164,"stop":1763849856147,"duration":23983}}]},"tags":["cotizacion"]},"source":"3ee3dfeec00e8647.json","parameterValues":[]}