{"uid":"6aaa660b10a707f0","name":"R30 C25-C29 Eliminar las vigencias de los parametros","fullName":"R30 Parametros: R30 C25-C29 Eliminar las vigencias de los parametros","historyId":"b971eb056d5927905f0604c7c0b1ca97","time":{"start":1763839429206,"stop":1763839475723,"duration":46517},"status":"broken","statusMessage":"selenium.common.exceptions.TimeoutException: Message: \nStacktrace:\nSymbols not available. Dumping unresolved backtrace:\n\t0x7ff6bdc87a35\n\t0x7ff6bdc87a90\n\t0x7ff6bda016ad\n\t0x7ff6bda5a13e\n\t0x7ff6bda5a44c\n\t0x7ff6bdaaebe7\n\t0x7ff6bdaab8fb\n\t0x7ff6bda4b068\n\t0x7ff6bda4be93\n\t0x7ff6bdf429d0\n\t0x7ff6bdf3ce50\n\t0x7ff6bdf5cc45\n\t0x7ff6bdca30ce\n\t0x7ff6bdcaadbf\n\t0x7ff6bdc90c14\n\t0x7ff6bdc90dcf\n\t0x7ff6bdc76828\n\t0x7ffab7ede8d7\n\t0x7ffaba16c53c\n\n","statusTrace":"  File \"C:\\actions-runner\\_tool\\Python\\3.13.9\\x64\\Lib\\site-packages\\behave\\model.py\", line 1991, in run\n    match.run(runner.context)\n    ~~~~~~~~~^^^^^^^^^^^^^^^^\n  File \"C:\\actions-runner\\_tool\\Python\\3.13.9\\x64\\Lib\\site-packages\\behave\\matchers.py\", line 105, in run\n    self.func(context, *args, **kwargs)\n    ~~~~~~~~~^^^^^^^^^^^^^^^^^^^^^^^^^^\n  File \"features\\steps\\parametria.steps.py\", line 12, in step_impl\n    context.page.Listar_parametros_reserva_mat(context)\n    ~~~~~~~~~~~~~~~~~~~~~~~~~~~~~~~~~~~~~~~~~~^^^^^^^^^\n  File \"D:\\a\\AndinaCoreTesting\\AndinaCoreTesting\\pages\\parametria_page.py\", line 58, in Listar_parametros_reserva_mat\n    WebDriverWait(self.driver, 30).until(\n    ~~~~~~~~~~~~~~~~~~~~~~~~~~~~~~~~~~~~^\n        EC.presence_of_element_located(\n        ^^^^^^^^^^^^^^^^^^^^^^^^^^^^^^^\n            (By.XPATH, \"//table[contains(@class,'q-table')]//tbody/tr\")\n            ^^^^^^^^^^^^^^^^^^^^^^^^^^^^^^^^^^^^^^^^^^^^^^^^^^^^^^^^^^^\n        )\n        ^\n    )\n    ^\n  File \"C:\\actions-runner\\_tool\\Python\\3.13.9\\x64\\Lib\\site-packages\\selenium\\webdriver\\support\\wait.py\", line 138, in until\n    raise TimeoutException(message, screen, stacktrace)\n","flaky":false,"newFailed":false,"newBroken":false,"newPassed":false,"retriesCount":0,"retriesStatusChange":false,"beforeStages":[],"testStage":{"status":"broken","statusMessage":"selenium.common.exceptions.TimeoutException: Message: \nStacktrace:\nSymbols not available. Dumping unresolved backtrace:\n\t0x7ff6bdc87a35\n\t0x7ff6bdc87a90\n\t0x7ff6bda016ad\n\t0x7ff6bda5a13e\n\t0x7ff6bda5a44c\n\t0x7ff6bdaaebe7\n\t0x7ff6bdaab8fb\n\t0x7ff6bda4b068\n\t0x7ff6bda4be93\n\t0x7ff6bdf429d0\n\t0x7ff6bdf3ce50\n\t0x7ff6bdf5cc45\n\t0x7ff6bdca30ce\n\t0x7ff6bdcaadbf\n\t0x7ff6bdc90c14\n\t0x7ff6bdc90dcf\n\t0x7ff6bdc76828\n\t0x7ffab7ede8d7\n\t0x7ffaba16c53c\n\n","statusTrace":"  File \"C:\\actions-runner\\_tool\\Python\\3.13.9\\x64\\Lib\\site-packages\\behave\\model.py\", line 1991, in run\n    match.run(runner.context)\n    ~~~~~~~~~^^^^^^^^^^^^^^^^\n  File \"C:\\actions-runner\\_tool\\Python\\3.13.9\\x64\\Lib\\site-packages\\behave\\matchers.py\", line 105, in run\n    self.func(context, *args, **kwargs)\n    ~~~~~~~~~^^^^^^^^^^^^^^^^^^^^^^^^^^\n  File \"features\\steps\\parametria.steps.py\", line 12, in step_impl\n    context.page.Listar_parametros_reserva_mat(context)\n    ~~~~~~~~~~~~~~~~~~~~~~~~~~~~~~~~~~~~~~~~~~^^^^^^^^^\n  File \"D:\\a\\AndinaCoreTesting\\AndinaCoreTesting\\pages\\parametria_page.py\", line 58, in Listar_parametros_reserva_mat\n    WebDriverWait(self.driver, 30).until(\n    ~~~~~~~~~~~~~~~~~~~~~~~~~~~~~~~~~~~~^\n        EC.presence_of_element_located(\n        ^^^^^^^^^^^^^^^^^^^^^^^^^^^^^^^\n            (By.XPATH, \"//table[contains(@class,'q-table')]//tbody/tr\")\n            ^^^^^^^^^^^^^^^^^^^^^^^^^^^^^^^^^^^^^^^^^^^^^^^^^^^^^^^^^^^\n        )\n        ^\n    )\n    ^\n  File \"C:\\actions-runner\\_tool\\Python\\3.13.9\\x64\\Lib\\site-packages\\selenium\\webdriver\\support\\wait.py\", line 138, in until\n    raise TimeoutException(message, screen, stacktrace)\n","steps":[{"name":"Dado que abro la página de login","time":{"start":1763839430834,"stop":1763839432495,"duration":1661},"status":"passed","steps":[],"attachments":[],"parameters":[],"shouldDisplayMessage":false,"attachmentsCount":0,"attachmentStep":false,"stepsCount":0,"hasContent":false},{"name":"Y usando la identidad del archivo .env","time":{"start":1763839432496,"stop":1763839441706,"duration":9210},"status":"passed","steps":[],"attachments":[],"parameters":[],"shouldDisplayMessage":false,"attachmentsCount":0,"attachmentStep":false,"stepsCount":0,"hasContent":false},{"name":"Dado que estoy en la página de parámetros de producto reserva matematica","time":{"start":1763839441706,"stop":1763839472494,"duration":30788},"status":"broken","statusMessage":"selenium.common.exceptions.TimeoutException: Message: \nStacktrace:\nSymbols not available. Dumping unresolved backtrace:\n\t0x7ff6bdc87a35\n\t0x7ff6bdc87a90\n\t0x7ff6bda016ad\n\t0x7ff6bda5a13e\n\t0x7ff6bda5a44c\n\t0x7ff6bdaaebe7\n\t0x7ff6bdaab8fb\n\t0x7ff6bda4b068\n\t0x7ff6bda4be93\n\t0x7ff6bdf429d0\n\t0x7ff6bdf3ce50\n\t0x7ff6bdf5cc45\n\t0x7ff6bdca30ce\n\t0x7ff6bdcaadbf\n\t0x7ff6bdc90c14\n\t0x7ff6bdc90dcf\n\t0x7ff6bdc76828\n\t0x7ffab7ede8d7\n\t0x7ffaba16c53c\n\n","statusTrace":"  File \"C:\\actions-runner\\_tool\\Python\\3.13.9\\x64\\Lib\\site-packages\\behave\\model.py\", line 1991, in run\n    match.run(runner.context)\n    ~~~~~~~~~^^^^^^^^^^^^^^^^\n  File \"C:\\actions-runner\\_tool\\Python\\3.13.9\\x64\\Lib\\site-packages\\behave\\matchers.py\", line 105, in run\n    self.func(context, *args, **kwargs)\n    ~~~~~~~~~^^^^^^^^^^^^^^^^^^^^^^^^^^\n  File \"features\\steps\\parametria.steps.py\", line 12, in step_impl\n    context.page.Listar_parametros_reserva_mat(context)\n    ~~~~~~~~~~~~~~~~~~~~~~~~~~~~~~~~~~~~~~~~~~^^^^^^^^^\n  File \"D:\\a\\AndinaCoreTesting\\AndinaCoreTesting\\pages\\parametria_page.py\", line 58, in Listar_parametros_reserva_mat\n    WebDriverWait(self.driver, 30).until(\n    ~~~~~~~~~~~~~~~~~~~~~~~~~~~~~~~~~~~~^\n        EC.presence_of_element_located(\n        ^^^^^^^^^^^^^^^^^^^^^^^^^^^^^^^\n            (By.XPATH, \"//table[contains(@class,'q-table')]//tbody/tr\")\n            ^^^^^^^^^^^^^^^^^^^^^^^^^^^^^^^^^^^^^^^^^^^^^^^^^^^^^^^^^^^\n        )\n        ^\n    )\n    ^\n  File \"C:\\actions-runner\\_tool\\Python\\3.13.9\\x64\\Lib\\site-packages\\selenium\\webdriver\\support\\wait.py\", line 138, in until\n    raise TimeoutException(message, screen, stacktrace)\n","steps":[],"attachments":[],"parameters":[],"shouldDisplayMessage":true,"attachmentsCount":0,"attachmentStep":false,"stepsCount":0,"hasContent":true},{"name":"Entonces Elimino las vigencias para los parametros","time":{"start":1763839475723,"stop":1763839475723,"duration":0},"status":"skipped","steps":[],"attachments":[{"uid":"979b0c6aaaa282ea","name":".table","source":"979b0c6aaaa282ea.csv","type":"text/csv","size":138}],"parameters":[],"shouldDisplayMessage":false,"attachmentsCount":1,"attachmentStep":false,"stepsCount":0,"hasContent":true}],"attachments":[],"parameters":[],"shouldDisplayMessage":false,"attachmentsCount":1,"attachmentStep":false,"stepsCount":4,"hasContent":true},"afterStages":[],"labels":[{"name":"severity","value":"normal"},{"name":"feature","value":"R30 Parametros"},{"name":"framework","value":"behave"},{"name":"language","value":"cpython3"},{"name":"resultFormat","value":"allure2"}],"parameters":[],"links":[],"hidden":false,"retry":false,"extra":{"severity":"normal","retries":[],"categories":[{"name":"Test defects","matchedStatuses":[]}],"tags":[]},"source":"6aaa660b10a707f0.json","parameterValues":[]}