{"uid":"7031b3e64a2e41eb","name":"R30 C02-C13,C45 Crear vigencias verificando el archivo cargado","fullName":"R30 Parametros: R30 C02-C13,C45 Crear vigencias verificando el archivo cargado","historyId":"4d26d46c3e8250ca7384908b540dd2df","time":{"start":1763848918038,"stop":1763849067091,"duration":149053},"status":"broken","statusMessage":"selenium.common.exceptions.ElementClickInterceptedException: Message: element click intercepted: Element <button data-v-36904748=\"\" class=\"q-btn q-btn-item non-selectable no-outline q-btn--flat q-btn--round text-primary q-btn--actionable q-focusable q-hoverable\" tabindex=\"0\" type=\"button\" style=\"font-size: 10px;\">...</button> is not clickable at point (918, 502). Other element would receive the click: <div class=\"q-field__append q-field__marginal row no-wrap items-center\">...</div>\n  (Session info: chrome=142.0.7444.60); For documentation on this error, please visit: https://www.selenium.dev/documentation/webdriver/troubleshooting/errors#elementclickinterceptedexception\nStacktrace:\nSymbols not available. Dumping unresolved backtrace:\n\t0x7ff625a47a35\n\t0x7ff625a47a90\n\t0x7ff6257c16ad\n\t0x7ff625822359\n\t0x7ff62581fcde\n\t0x7ff62581cc11\n\t0x7ff62581bad0\n\t0x7ff62580d2c8\n\t0x7ff62584297a\n\t0x7ff62580cb56\n\t0x7ff62586b8fb\n\t0x7ff62580b068\n\t0x7ff62580be93\n\t0x7ff625d029d0\n\t0x7ff625cfce50\n\t0x7ff625d1cc45\n\t0x7ff625a630ce\n\t0x7ff625a6adbf\n\t0x7ff625a50c14\n\t0x7ff625a50dcf\n\t0x7ff625a36828\n\t0x7ffd520be8d7\n\t0x7ffd52e6c53c\n\n","statusTrace":"  File \"C:\\actions-runner\\_tool\\Python\\3.13.9\\x64\\Lib\\site-packages\\behave\\model.py\", line 1991, in run\n    match.run(runner.context)\n    ~~~~~~~~~^^^^^^^^^^^^^^^^\n  File \"C:\\actions-runner\\_tool\\Python\\3.13.9\\x64\\Lib\\site-packages\\behave\\matchers.py\", line 105, in run\n    self.func(context, *args, **kwargs)\n    ~~~~~~~~~^^^^^^^^^^^^^^^^^^^^^^^^^^\n  File \"features\\steps\\parametria.steps.py\", line 89, in step_impl\n    context.page.descargar_archivo(context, parametro, documento)\n    ~~~~~~~~~~~~~~~~~~~~~~~~~~~~~~^^^^^^^^^^^^^^^^^^^^^^^^^^^^^^^\n  File \"D:\\a\\AndinaCoreTesting\\AndinaCoreTesting\\pages\\parametria_page.py\", line 243, in descargar_archivo\n    boton_descargar.click()\n    ~~~~~~~~~~~~~~~~~~~~~^^\n  File \"C:\\actions-runner\\_tool\\Python\\3.13.9\\x64\\Lib\\site-packages\\selenium\\webdriver\\remote\\webelement.py\", line 119, in click\n    self._execute(Command.CLICK_ELEMENT)\n    ~~~~~~~~~~~~~^^^^^^^^^^^^^^^^^^^^^^^\n  File \"C:\\actions-runner\\_tool\\Python\\3.13.9\\x64\\Lib\\site-packages\\selenium\\webdriver\\remote\\webelement.py\", line 572, in _execute\n    return self._parent.execute(command, params)\n           ~~~~~~~~~~~~~~~~~~~~^^^^^^^^^^^^^^^^^\n  File \"C:\\actions-runner\\_tool\\Python\\3.13.9\\x64\\Lib\\site-packages\\selenium\\webdriver\\remote\\webdriver.py\", line 458, in execute\n    self.error_handler.check_response(response)\n    ~~~~~~~~~~~~~~~~~~~~~~~~~~~~~~~~~^^^^^^^^^^\n  File \"C:\\actions-runner\\_tool\\Python\\3.13.9\\x64\\Lib\\site-packages\\selenium\\webdriver\\remote\\errorhandler.py\", line 233, in check_response\n    raise exception_class(message, screen, stacktrace)\n","flaky":false,"newFailed":false,"newBroken":true,"newPassed":false,"retriesCount":0,"retriesStatusChange":false,"beforeStages":[],"testStage":{"status":"broken","statusMessage":"selenium.common.exceptions.ElementClickInterceptedException: Message: element click intercepted: Element <button data-v-36904748=\"\" class=\"q-btn q-btn-item non-selectable no-outline q-btn--flat q-btn--round text-primary q-btn--actionable q-focusable q-hoverable\" tabindex=\"0\" type=\"button\" style=\"font-size: 10px;\">...</button> is not clickable at point (918, 502). Other element would receive the click: <div class=\"q-field__append q-field__marginal row no-wrap items-center\">...</div>\n  (Session info: chrome=142.0.7444.60); For documentation on this error, please visit: https://www.selenium.dev/documentation/webdriver/troubleshooting/errors#elementclickinterceptedexception\nStacktrace:\nSymbols not available. Dumping unresolved backtrace:\n\t0x7ff625a47a35\n\t0x7ff625a47a90\n\t0x7ff6257c16ad\n\t0x7ff625822359\n\t0x7ff62581fcde\n\t0x7ff62581cc11\n\t0x7ff62581bad0\n\t0x7ff62580d2c8\n\t0x7ff62584297a\n\t0x7ff62580cb56\n\t0x7ff62586b8fb\n\t0x7ff62580b068\n\t0x7ff62580be93\n\t0x7ff625d029d0\n\t0x7ff625cfce50\n\t0x7ff625d1cc45\n\t0x7ff625a630ce\n\t0x7ff625a6adbf\n\t0x7ff625a50c14\n\t0x7ff625a50dcf\n\t0x7ff625a36828\n\t0x7ffd520be8d7\n\t0x7ffd52e6c53c\n\n","statusTrace":"  File \"C:\\actions-runner\\_tool\\Python\\3.13.9\\x64\\Lib\\site-packages\\behave\\model.py\", line 1991, in run\n    match.run(runner.context)\n    ~~~~~~~~~^^^^^^^^^^^^^^^^\n  File \"C:\\actions-runner\\_tool\\Python\\3.13.9\\x64\\Lib\\site-packages\\behave\\matchers.py\", line 105, in run\n    self.func(context, *args, **kwargs)\n    ~~~~~~~~~^^^^^^^^^^^^^^^^^^^^^^^^^^\n  File \"features\\steps\\parametria.steps.py\", line 89, in step_impl\n    context.page.descargar_archivo(context, parametro, documento)\n    ~~~~~~~~~~~~~~~~~~~~~~~~~~~~~~^^^^^^^^^^^^^^^^^^^^^^^^^^^^^^^\n  File \"D:\\a\\AndinaCoreTesting\\AndinaCoreTesting\\pages\\parametria_page.py\", line 243, in descargar_archivo\n    boton_descargar.click()\n    ~~~~~~~~~~~~~~~~~~~~~^^\n  File \"C:\\actions-runner\\_tool\\Python\\3.13.9\\x64\\Lib\\site-packages\\selenium\\webdriver\\remote\\webelement.py\", line 119, in click\n    self._execute(Command.CLICK_ELEMENT)\n    ~~~~~~~~~~~~~^^^^^^^^^^^^^^^^^^^^^^^\n  File \"C:\\actions-runner\\_tool\\Python\\3.13.9\\x64\\Lib\\site-packages\\selenium\\webdriver\\remote\\webelement.py\", line 572, in _execute\n    return self._parent.execute(command, params)\n           ~~~~~~~~~~~~~~~~~~~~^^^^^^^^^^^^^^^^^\n  File \"C:\\actions-runner\\_tool\\Python\\3.13.9\\x64\\Lib\\site-packages\\selenium\\webdriver\\remote\\webdriver.py\", line 458, in execute\n    self.error_handler.check_response(response)\n    ~~~~~~~~~~~~~~~~~~~~~~~~~~~~~~~~~^^^^^^^^^^\n  File \"C:\\actions-runner\\_tool\\Python\\3.13.9\\x64\\Lib\\site-packages\\selenium\\webdriver\\remote\\errorhandler.py\", line 233, in check_response\n    raise exception_class(message, screen, stacktrace)\n","steps":[{"name":"Dado que abro la página de login","time":{"start":1763848919795,"stop":1763848921099,"duration":1304},"status":"passed","steps":[],"attachments":[],"parameters":[],"shouldDisplayMessage":false,"attachmentsCount":0,"hasContent":false,"attachmentStep":false,"stepsCount":0},{"name":"Y usando la identidad del archivo .env","time":{"start":1763848921099,"stop":1763848929015,"duration":7916},"status":"passed","steps":[],"attachments":[],"parameters":[],"shouldDisplayMessage":false,"attachmentsCount":0,"hasContent":false,"attachmentStep":false,"stepsCount":0},{"name":"Dado que estoy en la página de parámetros de producto reserva matematica","time":{"start":1763848929015,"stop":1763848932120,"duration":3105},"status":"passed","steps":[],"attachments":[{"uid":"fa7777447b791ee","name":"Listado_parametros reserva matematica","source":"fa7777447b791ee.png","type":"image/png","size":86127}],"parameters":[],"shouldDisplayMessage":false,"attachmentsCount":1,"hasContent":true,"attachmentStep":false,"stepsCount":0},{"name":"Cuando Creo las vigencias para los parametros:","time":{"start":1763848932120,"stop":1763849056220,"duration":124100},"status":"passed","steps":[],"attachments":[{"uid":"86ff46909ecb5928","name":".table","source":"86ff46909ecb5928.csv","type":"text/csv","size":528},{"uid":"71e62dbea595bdbc","name":"Creacion del parametro 2027-1 Nota Técnica","source":"71e62dbea595bdbc.png","type":"image/png","size":92090},{"uid":"9d564563e828148c","name":"Creacion del parametro 2027-1 TMR","source":"9d564563e828148c.png","type":"image/png","size":96840},{"uid":"f3f5333f7742c821","name":"Creacion del parametro 2027-1 TM_Validos","source":"f3f5333f7742c821.png","type":"image/png","size":94906},{"uid":"76cf2445ffe4fed4","name":"Creacion del parametro 2027-1 TM_Invalidos","source":"76cf2445ffe4fed4.png","type":"image/png","size":94148},{"uid":"89eaaa1e56097a47","name":"Creacion del parametro 2027-1 TM_mejoramiento","source":"89eaaa1e56097a47.png","type":"image/png","size":96543},{"uid":"a66ccddfcf2562b2","name":"Creacion del parametro 2027-1 TM_reduccion","source":"a66ccddfcf2562b2.png","type":"image/png","size":95745}],"parameters":[],"shouldDisplayMessage":false,"attachmentsCount":7,"hasContent":true,"attachmentStep":false,"stepsCount":0},{"name":"Entonces Verifico que los archivos quedaron cargados","time":{"start":1763849056220,"stop":1763849064862,"duration":8642},"status":"broken","statusMessage":"selenium.common.exceptions.ElementClickInterceptedException: Message: element click intercepted: Element <button data-v-36904748=\"\" class=\"q-btn q-btn-item non-selectable no-outline q-btn--flat q-btn--round text-primary q-btn--actionable q-focusable q-hoverable\" tabindex=\"0\" type=\"button\" style=\"font-size: 10px;\">...</button> is not clickable at point (918, 502). Other element would receive the click: <div class=\"q-field__append q-field__marginal row no-wrap items-center\">...</div>\n  (Session info: chrome=142.0.7444.60); For documentation on this error, please visit: https://www.selenium.dev/documentation/webdriver/troubleshooting/errors#elementclickinterceptedexception\nStacktrace:\nSymbols not available. Dumping unresolved backtrace:\n\t0x7ff625a47a35\n\t0x7ff625a47a90\n\t0x7ff6257c16ad\n\t0x7ff625822359\n\t0x7ff62581fcde\n\t0x7ff62581cc11\n\t0x7ff62581bad0\n\t0x7ff62580d2c8\n\t0x7ff62584297a\n\t0x7ff62580cb56\n\t0x7ff62586b8fb\n\t0x7ff62580b068\n\t0x7ff62580be93\n\t0x7ff625d029d0\n\t0x7ff625cfce50\n\t0x7ff625d1cc45\n\t0x7ff625a630ce\n\t0x7ff625a6adbf\n\t0x7ff625a50c14\n\t0x7ff625a50dcf\n\t0x7ff625a36828\n\t0x7ffd520be8d7\n\t0x7ffd52e6c53c\n\n","statusTrace":"  File \"C:\\actions-runner\\_tool\\Python\\3.13.9\\x64\\Lib\\site-packages\\behave\\model.py\", line 1991, in run\n    match.run(runner.context)\n    ~~~~~~~~~^^^^^^^^^^^^^^^^\n  File \"C:\\actions-runner\\_tool\\Python\\3.13.9\\x64\\Lib\\site-packages\\behave\\matchers.py\", line 105, in run\n    self.func(context, *args, **kwargs)\n    ~~~~~~~~~^^^^^^^^^^^^^^^^^^^^^^^^^^\n  File \"features\\steps\\parametria.steps.py\", line 89, in step_impl\n    context.page.descargar_archivo(context, parametro, documento)\n    ~~~~~~~~~~~~~~~~~~~~~~~~~~~~~~^^^^^^^^^^^^^^^^^^^^^^^^^^^^^^^\n  File \"D:\\a\\AndinaCoreTesting\\AndinaCoreTesting\\pages\\parametria_page.py\", line 243, in descargar_archivo\n    boton_descargar.click()\n    ~~~~~~~~~~~~~~~~~~~~~^^\n  File \"C:\\actions-runner\\_tool\\Python\\3.13.9\\x64\\Lib\\site-packages\\selenium\\webdriver\\remote\\webelement.py\", line 119, in click\n    self._execute(Command.CLICK_ELEMENT)\n    ~~~~~~~~~~~~~^^^^^^^^^^^^^^^^^^^^^^^\n  File \"C:\\actions-runner\\_tool\\Python\\3.13.9\\x64\\Lib\\site-packages\\selenium\\webdriver\\remote\\webelement.py\", line 572, in _execute\n    return self._parent.execute(command, params)\n           ~~~~~~~~~~~~~~~~~~~~^^^^^^^^^^^^^^^^^\n  File \"C:\\actions-runner\\_tool\\Python\\3.13.9\\x64\\Lib\\site-packages\\selenium\\webdriver\\remote\\webdriver.py\", line 458, in execute\n    self.error_handler.check_response(response)\n    ~~~~~~~~~~~~~~~~~~~~~~~~~~~~~~~~~^^^^^^^^^^\n  File \"C:\\actions-runner\\_tool\\Python\\3.13.9\\x64\\Lib\\site-packages\\selenium\\webdriver\\remote\\errorhandler.py\", line 233, in check_response\n    raise exception_class(message, screen, stacktrace)\n","steps":[],"attachments":[{"uid":"3a272513598379c9","name":".table","source":"3a272513598379c9.csv","type":"text/csv","size":275}],"parameters":[],"shouldDisplayMessage":true,"attachmentsCount":1,"hasContent":true,"attachmentStep":false,"stepsCount":0}],"attachments":[],"parameters":[],"shouldDisplayMessage":false,"attachmentsCount":9,"hasContent":true,"attachmentStep":false,"stepsCount":5},"afterStages":[],"labels":[{"name":"severity","value":"normal"},{"name":"feature","value":"R30 Parametros"},{"name":"framework","value":"behave"},{"name":"language","value":"cpython3"},{"name":"resultFormat","value":"allure2"}],"parameters":[],"links":[],"hidden":false,"retry":false,"extra":{"severity":"normal","retries":[],"categories":[{"name":"Test defects","matchedStatuses":[]}],"history":{"statistic":{"failed":0,"broken":1,"skipped":0,"passed":4,"unknown":0,"total":5},"items":[{"uid":"f87a8efbe2ac0480","reportUrl":"https://marturo77.github.io/AndinaCoreReporting/latest//#testresult/f87a8efbe2ac0480","status":"passed","time":{"start":1763847473795,"stop":1763847677378,"duration":203583}},{"uid":"16973702e887e7da","reportUrl":"https://marturo77.github.io/AndinaCoreReporting/latest//#testresult/16973702e887e7da","status":"passed","time":{"start":1763844639024,"stop":1763844841411,"duration":202387}},{"uid":"70ea32a665d069aa","status":"passed","time":{"start":1763841609244,"stop":1763841807859,"duration":198615}},{"uid":"c60b6d49d2faedeb","status":"passed","time":{"start":1763839466095,"stop":1763839663190,"duration":197095}}]},"tags":[]},"source":"7031b3e64a2e41eb.json","parameterValues":[]}