{"uid":"841d5c522d70ce8","name":"R30 C02-C13,C45 Crear vigencias verificando el archivo cargado","fullName":"R30 Modulo de Parametros: R30 C02-C13,C45 Crear vigencias verificando el archivo cargado","historyId":"14e857af29c463a9aa3dcb27b8b2e3e3","time":{"start":1763860443874,"stop":1763860636395,"duration":192521},"status":"broken","statusMessage":"selenium.common.exceptions.TimeoutException: Message: \nStacktrace:\nSymbols not available. Dumping unresolved backtrace:\n\t0x7ff75a867a35\n\t0x7ff75a867a90\n\t0x7ff75a5e16ad\n\t0x7ff75a63a13e\n\t0x7ff75a63a44c\n\t0x7ff75a68ebe7\n\t0x7ff75a68b8fb\n\t0x7ff75a62b068\n\t0x7ff75a62be93\n\t0x7ff75ab229d0\n\t0x7ff75ab1ce50\n\t0x7ff75ab3cc45\n\t0x7ff75a8830ce\n\t0x7ff75a88adbf\n\t0x7ff75a870c14\n\t0x7ff75a870dcf\n\t0x7ff75a856828\n\t0x7ffa9d4de8d7\n\t0x7ffa9ec8c53c\n\n","statusTrace":"  File \"C:\\actions-runner\\_tool\\Python\\3.13.9\\x64\\Lib\\site-packages\\behave\\model.py\", line 1991, in run\n    match.run(runner.context)\n    ~~~~~~~~~^^^^^^^^^^^^^^^^\n  File \"C:\\actions-runner\\_tool\\Python\\3.13.9\\x64\\Lib\\site-packages\\behave\\matchers.py\", line 105, in run\n    self.func(context, *args, **kwargs)\n    ~~~~~~~~~^^^^^^^^^^^^^^^^^^^^^^^^^^\n  File \"features\\steps\\parametria.steps.py\", line 97, in step_impl\n    context.page.click_boton_editar_periodo(periodo)\n    ~~~~~~~~~~~~~~~~~~~~~~~~~~~~~~~~~~~~~~~^^^^^^^^^\n  File \"D:\\a\\AndinaCoreTesting\\AndinaCoreTesting\\pages\\parametria_page.py\", line 118, in click_boton_editar_periodo\n    fila = WebDriverWait(self.driver, 20).until(\n        EC.presence_of_element_located(\n    ...<4 lines>...\n        )\n    )\n  File \"C:\\actions-runner\\_tool\\Python\\3.13.9\\x64\\Lib\\site-packages\\selenium\\webdriver\\support\\wait.py\", line 138, in until\n    raise TimeoutException(message, screen, stacktrace)\n","flaky":false,"newFailed":false,"newBroken":true,"newPassed":false,"retriesCount":0,"retriesStatusChange":false,"beforeStages":[],"testStage":{"status":"broken","statusMessage":"selenium.common.exceptions.TimeoutException: Message: \nStacktrace:\nSymbols not available. Dumping unresolved backtrace:\n\t0x7ff75a867a35\n\t0x7ff75a867a90\n\t0x7ff75a5e16ad\n\t0x7ff75a63a13e\n\t0x7ff75a63a44c\n\t0x7ff75a68ebe7\n\t0x7ff75a68b8fb\n\t0x7ff75a62b068\n\t0x7ff75a62be93\n\t0x7ff75ab229d0\n\t0x7ff75ab1ce50\n\t0x7ff75ab3cc45\n\t0x7ff75a8830ce\n\t0x7ff75a88adbf\n\t0x7ff75a870c14\n\t0x7ff75a870dcf\n\t0x7ff75a856828\n\t0x7ffa9d4de8d7\n\t0x7ffa9ec8c53c\n\n","statusTrace":"  File \"C:\\actions-runner\\_tool\\Python\\3.13.9\\x64\\Lib\\site-packages\\behave\\model.py\", line 1991, in run\n    match.run(runner.context)\n    ~~~~~~~~~^^^^^^^^^^^^^^^^\n  File \"C:\\actions-runner\\_tool\\Python\\3.13.9\\x64\\Lib\\site-packages\\behave\\matchers.py\", line 105, in run\n    self.func(context, *args, **kwargs)\n    ~~~~~~~~~^^^^^^^^^^^^^^^^^^^^^^^^^^\n  File \"features\\steps\\parametria.steps.py\", line 97, in step_impl\n    context.page.click_boton_editar_periodo(periodo)\n    ~~~~~~~~~~~~~~~~~~~~~~~~~~~~~~~~~~~~~~~^^^^^^^^^\n  File \"D:\\a\\AndinaCoreTesting\\AndinaCoreTesting\\pages\\parametria_page.py\", line 118, in click_boton_editar_periodo\n    fila = WebDriverWait(self.driver, 20).until(\n        EC.presence_of_element_located(\n    ...<4 lines>...\n        )\n    )\n  File \"C:\\actions-runner\\_tool\\Python\\3.13.9\\x64\\Lib\\site-packages\\selenium\\webdriver\\support\\wait.py\", line 138, in until\n    raise TimeoutException(message, screen, stacktrace)\n","steps":[{"name":"Dado que abro la página de login","time":{"start":1763860445287,"stop":1763860446407,"duration":1120},"status":"passed","steps":[],"attachments":[],"parameters":[],"attachmentsCount":0,"shouldDisplayMessage":false,"stepsCount":0,"attachmentStep":false,"hasContent":false},{"name":"Y usando la identidad del archivo .env","time":{"start":1763860446407,"stop":1763860454043,"duration":7636},"status":"passed","steps":[],"attachments":[],"parameters":[],"attachmentsCount":0,"shouldDisplayMessage":false,"stepsCount":0,"attachmentStep":false,"hasContent":false},{"name":"Dado que estoy en la página de parámetros de producto reserva matematica","time":{"start":1763860454043,"stop":1763860459222,"duration":5179},"status":"passed","steps":[],"attachments":[{"uid":"62b19a67a14c1a8c","name":"Listado_parametros reserva matematica","source":"62b19a67a14c1a8c.png","type":"image/png","size":86127}],"parameters":[],"attachmentsCount":1,"shouldDisplayMessage":false,"stepsCount":0,"attachmentStep":false,"hasContent":true},{"name":"Cuando Creo las vigencias para los parametros:","time":{"start":1763860459222,"stop":1763860603536,"duration":144314},"status":"passed","steps":[],"attachments":[{"uid":"43417609f904adb4","name":".table","source":"43417609f904adb4.csv","type":"text/csv","size":528},{"uid":"29b1dd3ef840bf79","name":"Creacion del parametro 2027-1 Nota Técnica","source":"29b1dd3ef840bf79.png","type":"image/png","size":93478},{"uid":"dd635c5b0a844981","name":"Creacion del parametro 2027-1 TMR","source":"dd635c5b0a844981.png","type":"image/png","size":97432},{"uid":"97f600504c3f0ad5","name":"Creacion del parametro 2027-1 TM_Validos","source":"97f600504c3f0ad5.png","type":"image/png","size":95438},{"uid":"c2133da71a7e382a","name":"Creacion del parametro 2027-1 TM_Invalidos","source":"c2133da71a7e382a.png","type":"image/png","size":94754},{"uid":"efeaba216cffb7ff","name":"Creacion del parametro 2027-1 TM_mejoramiento","source":"efeaba216cffb7ff.png","type":"image/png","size":97122},{"uid":"f8d290f0ddd9a858","name":"Creacion del parametro 2027-1 TM_reduccion","source":"f8d290f0ddd9a858.png","type":"image/png","size":95415}],"parameters":[],"attachmentsCount":7,"shouldDisplayMessage":false,"stepsCount":0,"attachmentStep":false,"hasContent":true},{"name":"Entonces Verifico que los archivos quedaron cargados","time":{"start":1763860603536,"stop":1763860634158,"duration":30622},"status":"broken","statusMessage":"selenium.common.exceptions.TimeoutException: Message: \nStacktrace:\nSymbols not available. Dumping unresolved backtrace:\n\t0x7ff75a867a35\n\t0x7ff75a867a90\n\t0x7ff75a5e16ad\n\t0x7ff75a63a13e\n\t0x7ff75a63a44c\n\t0x7ff75a68ebe7\n\t0x7ff75a68b8fb\n\t0x7ff75a62b068\n\t0x7ff75a62be93\n\t0x7ff75ab229d0\n\t0x7ff75ab1ce50\n\t0x7ff75ab3cc45\n\t0x7ff75a8830ce\n\t0x7ff75a88adbf\n\t0x7ff75a870c14\n\t0x7ff75a870dcf\n\t0x7ff75a856828\n\t0x7ffa9d4de8d7\n\t0x7ffa9ec8c53c\n\n","statusTrace":"  File \"C:\\actions-runner\\_tool\\Python\\3.13.9\\x64\\Lib\\site-packages\\behave\\model.py\", line 1991, in run\n    match.run(runner.context)\n    ~~~~~~~~~^^^^^^^^^^^^^^^^\n  File \"C:\\actions-runner\\_tool\\Python\\3.13.9\\x64\\Lib\\site-packages\\behave\\matchers.py\", line 105, in run\n    self.func(context, *args, **kwargs)\n    ~~~~~~~~~^^^^^^^^^^^^^^^^^^^^^^^^^^\n  File \"features\\steps\\parametria.steps.py\", line 97, in step_impl\n    context.page.click_boton_editar_periodo(periodo)\n    ~~~~~~~~~~~~~~~~~~~~~~~~~~~~~~~~~~~~~~~^^^^^^^^^\n  File \"D:\\a\\AndinaCoreTesting\\AndinaCoreTesting\\pages\\parametria_page.py\", line 118, in click_boton_editar_periodo\n    fila = WebDriverWait(self.driver, 20).until(\n        EC.presence_of_element_located(\n    ...<4 lines>...\n        )\n    )\n  File \"C:\\actions-runner\\_tool\\Python\\3.13.9\\x64\\Lib\\site-packages\\selenium\\webdriver\\support\\wait.py\", line 138, in until\n    raise TimeoutException(message, screen, stacktrace)\n","steps":[],"attachments":[{"uid":"ea88adc5bc129400","name":".table","source":"ea88adc5bc129400.csv","type":"text/csv","size":275}],"parameters":[],"attachmentsCount":1,"shouldDisplayMessage":true,"stepsCount":0,"attachmentStep":false,"hasContent":true}],"attachments":[],"parameters":[],"attachmentsCount":9,"shouldDisplayMessage":false,"stepsCount":5,"attachmentStep":false,"hasContent":true},"afterStages":[],"labels":[{"name":"severity","value":"normal"},{"name":"feature","value":"R30 Modulo de Parametros"},{"name":"framework","value":"behave"},{"name":"language","value":"cpython3"},{"name":"resultFormat","value":"allure2"}],"parameters":[],"links":[],"hidden":false,"retry":false,"extra":{"severity":"normal","retries":[],"categories":[{"name":"Test defects","matchedStatuses":[]}],"history":{"statistic":{"failed":0,"broken":1,"skipped":0,"passed":1,"unknown":0,"total":2},"items":[{"uid":"d1d1b28104351e7d","reportUrl":"https://marturo77.github.io/AndinaCoreReporting/latest//#testresult/d1d1b28104351e7d","status":"passed","time":{"start":1763849919842,"stop":1763850146644,"duration":226802}}]},"tags":[]},"source":"841d5c522d70ce8.json","parameterValues":[]}