{"uid":"99f0f41a607a2de1","name":"Comparacion de resultados de cotización masiva con archivo de referencia","fullName":"Validacion de resultado cotizacion masiva: Comparacion de resultados de cotización masiva con archivo de referencia","historyId":"31e7a94ee5afd31ddf266e898b634f47","time":{"start":1764224513549,"stop":1764224544586,"duration":31037},"status":"broken","statusMessage":"playwright._impl._errors.TimeoutError: Locator.click: Timeout 20000ms exceeded.\nCall log:\n  - waiting for locator(\"//*[contains(text(), 'Clic aquí para cargar su archivo')]\")\n    - locator resolved to <p data-v-5060792a=\"\" class=\"q-ml-md q-mr-md q-mt-md q-mb-sm\">Clic aquí para cargar su archivo</p>\n  - attempting click action\n    2 × waiting for element to be visible, enabled and stable\n      - element is not stable\n    - retrying click action\n    - waiting 20ms\n    2 × waiting for element to be visible, enabled and stable\n      - element is not stable\n    - retrying click action\n      - waiting 100ms\n    - waiting for element to be visible, enabled and stable\n  - element was detached from the DOM, retrying\n\n","statusTrace":"  File \"C:\\actions-runner\\_tool\\Python\\3.13.9\\x64\\Lib\\site-packages\\behave\\model.py\", line 1991, in run\n    match.run(runner.context)\n    ~~~~~~~~~^^^^^^^^^^^^^^^^\n  File \"C:\\actions-runner\\_tool\\Python\\3.13.9\\x64\\Lib\\site-packages\\behave\\matchers.py\", line 105, in run\n    self.func(context, *args, **kwargs)\n    ~~~~~~~~~^^^^^^^^^^^^^^^^^^^^^^^^^^\n  File \"features\\steps\\crear_cotizacion_masiva.steps.py\", line 15, in step_upload_file\n    context.cotizacion_page.upload_cotizacion_file(context)\n    ~~~~~~~~~~~~~~~~~~~~~~~~~~~~~~~~~~~~~~~~~~~~~~^^^^^^^^^\n  File \"D:\\a\\AndinaCoreTesting\\AndinaCoreTesting\\pages\\cotizacion_masiva_page.py\", line 45, in upload_cotizacion_file\n    ).click(timeout=20_000)\n      ~~~~~^^^^^^^^^^^^^^^^\n  File \"C:\\actions-runner\\_tool\\Python\\3.13.9\\x64\\Lib\\site-packages\\playwright\\sync_api\\_generated.py\", line 15573, in click\n    self._sync(\n    ~~~~~~~~~~^\n        self._impl_obj.click(\n        ^^^^^^^^^^^^^^^^^^^^^\n    ...<9 lines>...\n        )\n        ^\n    )\n    ^\n  File \"C:\\actions-runner\\_tool\\Python\\3.13.9\\x64\\Lib\\site-packages\\playwright\\_impl\\_sync_base.py\", line 115, in _sync\n    return task.result()\n           ~~~~~~~~~~~^^\n  File \"C:\\actions-runner\\_tool\\Python\\3.13.9\\x64\\Lib\\site-packages\\playwright\\_impl\\_locator.py\", line 160, in click\n    return await self._frame.click(self._selector, strict=True, **params)\n           ^^^^^^^^^^^^^^^^^^^^^^^^^^^^^^^^^^^^^^^^^^^^^^^^^^^^^^^^^^^^^^\n  File \"C:\\actions-runner\\_tool\\Python\\3.13.9\\x64\\Lib\\site-packages\\playwright\\_impl\\_frame.py\", line 549, in click\n    await self._channel.send(\"click\", self._timeout, locals_to_params(locals()))\n  File \"C:\\actions-runner\\_tool\\Python\\3.13.9\\x64\\Lib\\site-packages\\playwright\\_impl\\_connection.py\", line 69, in send\n    return await self._connection.wrap_api_call(\n           ^^^^^^^^^^^^^^^^^^^^^^^^^^^^^^^^^^^^^\n    ...<3 lines>...\n    )\n    ^\n  File \"C:\\actions-runner\\_tool\\Python\\3.13.9\\x64\\Lib\\site-packages\\playwright\\_impl\\_connection.py\", line 559, in wrap_api_call\n    raise rewrite_error(error, f\"{parsed_st['apiName']}: {error}\") from None\n","flaky":false,"newFailed":false,"newBroken":false,"newPassed":false,"retriesCount":0,"retriesStatusChange":false,"beforeStages":[],"testStage":{"status":"broken","statusMessage":"playwright._impl._errors.TimeoutError: Locator.click: Timeout 20000ms exceeded.\nCall log:\n  - waiting for locator(\"//*[contains(text(), 'Clic aquí para cargar su archivo')]\")\n    - locator resolved to <p data-v-5060792a=\"\" class=\"q-ml-md q-mr-md q-mt-md q-mb-sm\">Clic aquí para cargar su archivo</p>\n  - attempting click action\n    2 × waiting for element to be visible, enabled and stable\n      - element is not stable\n    - retrying click action\n    - waiting 20ms\n    2 × waiting for element to be visible, enabled and stable\n      - element is not stable\n    - retrying click action\n      - waiting 100ms\n    - waiting for element to be visible, enabled and stable\n  - element was detached from the DOM, retrying\n\n","statusTrace":"  File \"C:\\actions-runner\\_tool\\Python\\3.13.9\\x64\\Lib\\site-packages\\behave\\model.py\", line 1991, in run\n    match.run(runner.context)\n    ~~~~~~~~~^^^^^^^^^^^^^^^^\n  File \"C:\\actions-runner\\_tool\\Python\\3.13.9\\x64\\Lib\\site-packages\\behave\\matchers.py\", line 105, in run\n    self.func(context, *args, **kwargs)\n    ~~~~~~~~~^^^^^^^^^^^^^^^^^^^^^^^^^^\n  File \"features\\steps\\crear_cotizacion_masiva.steps.py\", line 15, in step_upload_file\n    context.cotizacion_page.upload_cotizacion_file(context)\n    ~~~~~~~~~~~~~~~~~~~~~~~~~~~~~~~~~~~~~~~~~~~~~~^^^^^^^^^\n  File \"D:\\a\\AndinaCoreTesting\\AndinaCoreTesting\\pages\\cotizacion_masiva_page.py\", line 45, in upload_cotizacion_file\n    ).click(timeout=20_000)\n      ~~~~~^^^^^^^^^^^^^^^^\n  File \"C:\\actions-runner\\_tool\\Python\\3.13.9\\x64\\Lib\\site-packages\\playwright\\sync_api\\_generated.py\", line 15573, in click\n    self._sync(\n    ~~~~~~~~~~^\n        self._impl_obj.click(\n        ^^^^^^^^^^^^^^^^^^^^^\n    ...<9 lines>...\n        )\n        ^\n    )\n    ^\n  File \"C:\\actions-runner\\_tool\\Python\\3.13.9\\x64\\Lib\\site-packages\\playwright\\_impl\\_sync_base.py\", line 115, in _sync\n    return task.result()\n           ~~~~~~~~~~~^^\n  File \"C:\\actions-runner\\_tool\\Python\\3.13.9\\x64\\Lib\\site-packages\\playwright\\_impl\\_locator.py\", line 160, in click\n    return await self._frame.click(self._selector, strict=True, **params)\n           ^^^^^^^^^^^^^^^^^^^^^^^^^^^^^^^^^^^^^^^^^^^^^^^^^^^^^^^^^^^^^^\n  File \"C:\\actions-runner\\_tool\\Python\\3.13.9\\x64\\Lib\\site-packages\\playwright\\_impl\\_frame.py\", line 549, in click\n    await self._channel.send(\"click\", self._timeout, locals_to_params(locals()))\n  File \"C:\\actions-runner\\_tool\\Python\\3.13.9\\x64\\Lib\\site-packages\\playwright\\_impl\\_connection.py\", line 69, in send\n    return await self._connection.wrap_api_call(\n           ^^^^^^^^^^^^^^^^^^^^^^^^^^^^^^^^^^^^^\n    ...<3 lines>...\n    )\n    ^\n  File \"C:\\actions-runner\\_tool\\Python\\3.13.9\\x64\\Lib\\site-packages\\playwright\\_impl\\_connection.py\", line 559, in wrap_api_call\n    raise rewrite_error(error, f\"{parsed_st['apiName']}: {error}\") from None\n","steps":[{"name":"Dado que abro la página de login","time":{"start":1764224514102,"stop":1764224514675,"duration":573},"status":"passed","steps":[],"attachments":[],"parameters":[],"shouldDisplayMessage":false,"attachmentsCount":0,"stepsCount":0,"hasContent":false,"attachmentStep":false},{"name":"Y usando la identidad del archivo .env","time":{"start":1764224514675,"stop":1764224522144,"duration":7469},"status":"passed","steps":[],"attachments":[],"parameters":[],"shouldDisplayMessage":false,"attachmentsCount":0,"stepsCount":0,"hasContent":false,"attachmentStep":false},{"name":"Cuando navego a la página de cotización","time":{"start":1764224522144,"stop":1764224522881,"duration":737},"status":"passed","steps":[],"attachments":[],"parameters":[],"shouldDisplayMessage":false,"attachmentsCount":0,"stepsCount":0,"hasContent":false,"attachmentStep":false},{"name":"Y subo el archivo plano de cotización","time":{"start":1764224522881,"stop":1764224544327,"duration":21446},"status":"broken","statusMessage":"playwright._impl._errors.TimeoutError: Locator.click: Timeout 20000ms exceeded.\nCall log:\n  - waiting for locator(\"//*[contains(text(), 'Clic aquí para cargar su archivo')]\")\n    - locator resolved to <p data-v-5060792a=\"\" class=\"q-ml-md q-mr-md q-mt-md q-mb-sm\">Clic aquí para cargar su archivo</p>\n  - attempting click action\n    2 × waiting for element to be visible, enabled and stable\n      - element is not stable\n    - retrying click action\n    - waiting 20ms\n    2 × waiting for element to be visible, enabled and stable\n      - element is not stable\n    - retrying click action\n      - waiting 100ms\n    - waiting for element to be visible, enabled and stable\n  - element was detached from the DOM, retrying\n\n","statusTrace":"  File \"C:\\actions-runner\\_tool\\Python\\3.13.9\\x64\\Lib\\site-packages\\behave\\model.py\", line 1991, in run\n    match.run(runner.context)\n    ~~~~~~~~~^^^^^^^^^^^^^^^^\n  File \"C:\\actions-runner\\_tool\\Python\\3.13.9\\x64\\Lib\\site-packages\\behave\\matchers.py\", line 105, in run\n    self.func(context, *args, **kwargs)\n    ~~~~~~~~~^^^^^^^^^^^^^^^^^^^^^^^^^^\n  File \"features\\steps\\crear_cotizacion_masiva.steps.py\", line 15, in step_upload_file\n    context.cotizacion_page.upload_cotizacion_file(context)\n    ~~~~~~~~~~~~~~~~~~~~~~~~~~~~~~~~~~~~~~~~~~~~~~^^^^^^^^^\n  File \"D:\\a\\AndinaCoreTesting\\AndinaCoreTesting\\pages\\cotizacion_masiva_page.py\", line 45, in upload_cotizacion_file\n    ).click(timeout=20_000)\n      ~~~~~^^^^^^^^^^^^^^^^\n  File \"C:\\actions-runner\\_tool\\Python\\3.13.9\\x64\\Lib\\site-packages\\playwright\\sync_api\\_generated.py\", line 15573, in click\n    self._sync(\n    ~~~~~~~~~~^\n        self._impl_obj.click(\n        ^^^^^^^^^^^^^^^^^^^^^\n    ...<9 lines>...\n        )\n        ^\n    )\n    ^\n  File \"C:\\actions-runner\\_tool\\Python\\3.13.9\\x64\\Lib\\site-packages\\playwright\\_impl\\_sync_base.py\", line 115, in _sync\n    return task.result()\n           ~~~~~~~~~~~^^\n  File \"C:\\actions-runner\\_tool\\Python\\3.13.9\\x64\\Lib\\site-packages\\playwright\\_impl\\_locator.py\", line 160, in click\n    return await self._frame.click(self._selector, strict=True, **params)\n           ^^^^^^^^^^^^^^^^^^^^^^^^^^^^^^^^^^^^^^^^^^^^^^^^^^^^^^^^^^^^^^\n  File \"C:\\actions-runner\\_tool\\Python\\3.13.9\\x64\\Lib\\site-packages\\playwright\\_impl\\_frame.py\", line 549, in click\n    await self._channel.send(\"click\", self._timeout, locals_to_params(locals()))\n  File \"C:\\actions-runner\\_tool\\Python\\3.13.9\\x64\\Lib\\site-packages\\playwright\\_impl\\_connection.py\", line 69, in send\n    return await self._connection.wrap_api_call(\n           ^^^^^^^^^^^^^^^^^^^^^^^^^^^^^^^^^^^^^\n    ...<3 lines>...\n    )\n    ^\n  File \"C:\\actions-runner\\_tool\\Python\\3.13.9\\x64\\Lib\\site-packages\\playwright\\_impl\\_connection.py\", line 559, in wrap_api_call\n    raise rewrite_error(error, f\"{parsed_st['apiName']}: {error}\") from None\n","steps":[],"attachments":[{"uid":"6c3bb765e2a752d1","name":"Cargando el archivo de cotizacion","source":"6c3bb765e2a752d1.png","type":"image/png","size":150262}],"parameters":[],"shouldDisplayMessage":true,"attachmentsCount":1,"stepsCount":0,"hasContent":true,"attachmentStep":false},{"name":"Entonces se descarga un archivo de resultados de cargue de cotizacion masiva","time":{"start":1764224544586,"stop":1764224544586,"duration":0},"status":"skipped","steps":[],"attachments":[],"parameters":[],"shouldDisplayMessage":false,"attachmentsCount":0,"stepsCount":0,"hasContent":false,"attachmentStep":false},{"name":"Y comparo los archivos de resultado descargado y archivo de referencia","time":{"start":1764224544586,"stop":1764224544586,"duration":0},"status":"skipped","steps":[],"attachments":[],"parameters":[],"shouldDisplayMessage":false,"attachmentsCount":0,"stepsCount":0,"hasContent":false,"attachmentStep":false},{"name":"Entonces la informacion es igual al archivo de referencia","time":{"start":1764224544586,"stop":1764224544586,"duration":0},"status":"skipped","steps":[],"attachments":[],"parameters":[],"shouldDisplayMessage":false,"attachmentsCount":0,"stepsCount":0,"hasContent":false,"attachmentStep":false}],"attachments":[],"parameters":[],"shouldDisplayMessage":false,"attachmentsCount":1,"stepsCount":7,"hasContent":true,"attachmentStep":false},"afterStages":[],"labels":[{"name":"severity","value":"normal"},{"name":"tag","value":"validacion_cotizacion_masiva"},{"name":"feature","value":"Validacion de resultado cotizacion masiva"},{"name":"framework","value":"behave"},{"name":"language","value":"cpython3"},{"name":"resultFormat","value":"allure2"}],"parameters":[],"links":[],"hidden":false,"retry":false,"extra":{"severity":"normal","retries":[],"categories":[{"name":"Test defects","matchedStatuses":[]}],"history":{"statistic":{"failed":0,"broken":11,"skipped":0,"passed":1,"unknown":0,"total":12},"items":[{"uid":"9ebf62e670678753","reportUrl":"https://marturo77.github.io/AndinaCoreReporting/latest//#testresult/9ebf62e670678753","status":"broken","statusDetails":"playwright._impl._errors.TimeoutError: Locator.click: Timeout 20000ms exceeded.\nCall log:\n  - waiting for locator(\"//*[contains(text(), 'Clic aquí para cargar su archivo')]\")\n    - locator resolved to <p data-v-5060792a=\"\" class=\"q-ml-md q-mr-md q-mt-md q-mb-sm\">Clic aquí para cargar su archivo</p>\n  - attempting click action\n    2 × waiting for element to be visible, enabled and stable\n      - element is not stable\n    - retrying click action\n    - waiting 20ms\n    - waiting for element to be visible, enabled and stable\n    - element is not stable\n  - retrying click action\n    - waiting 100ms\n    - waiting for element to be visible, enabled and stable\n  - element was detached from the DOM, retrying\n\n","time":{"start":1764041938336,"stop":1764041971595,"duration":33259}},{"uid":"d267c4bfadcb953a","reportUrl":"https://marturo77.github.io/AndinaCoreReporting/latest//#testresult/d267c4bfadcb953a","status":"broken","statusDetails":"playwright._impl._errors.TimeoutError: Locator.click: Timeout 20000ms exceeded.\nCall log:\n  - waiting for locator(\"//*[contains(text(), 'Clic aquí para cargar su archivo')]\")\n    - locator resolved to <p data-v-5060792a=\"\" class=\"q-ml-md q-mr-md q-mt-md q-mb-sm\">Clic aquí para cargar su archivo</p>\n  - attempting click action\n    2 × waiting for element to be visible, enabled and stable\n      - element is not stable\n    - retrying click action\n    - waiting 20ms\n    2 × waiting for element to be visible, enabled and stable\n      - element is not stable\n    - retrying click action\n      - waiting 100ms\n    - waiting for element to be visible, enabled and stable\n  - element was detached from the DOM, retrying\n\n","time":{"start":1764037607219,"stop":1764037638269,"duration":31050}},{"uid":"f766f452cf66bd26","reportUrl":"https://marturo77.github.io/AndinaCoreReporting/latest//#testresult/f766f452cf66bd26","status":"broken","statusDetails":"selenium.common.exceptions.StaleElementReferenceException: Message: stale element reference: stale element not found in the current frame\n  (Session info: chrome=142.0.7444.60); For documentation on this error, please visit: https://www.selenium.dev/documentation/webdriver/troubleshooting/errors#staleelementreferenceexception\nStacktrace:\nSymbols not available. Dumping unresolved backtrace:\n\t0x7ff7b8127a35\n\t0x7ff7b8127a90\n\t0x7ff7b7ea16ad\n\t0x7ff7b7ea948f\n\t0x7ff7b7eac4ef\n\t0x7ff7b7eac5af\n\t0x7ff7b7eff347\n\t0x7ff7b7efcc11\n\t0x7ff7b7efbad0\n\t0x7ff7b7eed2c8\n\t0x7ff7b7f2297a\n\t0x7ff7b7eecb56\n\t0x7ff7b7f4b8fb\n\t0x7ff7b7eeb068\n\t0x7ff7b7eebe93\n\t0x7ff7b83e29d0\n\t0x7ff7b83dce50\n\t0x7ff7b83fcc45\n\t0x7ff7b81430ce\n\t0x7ff7b814adbf\n\t0x7ff7b8130c14\n\t0x7ff7b8130dcf\n\t0x7ff7b8116828\n\t0x7fff8066e8d7\n\t0x7fff8190c53c\n\n","time":{"start":1763912427690,"stop":1763912452191,"duration":24501}},{"uid":"4238e6d33880bb37","reportUrl":"https://marturo77.github.io/AndinaCoreReporting/latest//#testresult/4238e6d33880bb37","status":"passed","time":{"start":1763861978788,"stop":1763862004604,"duration":25816}},{"uid":"201d02b56d1f404d","reportUrl":"https://marturo77.github.io/AndinaCoreReporting/latest//#testresult/201d02b56d1f404d","status":"broken","statusDetails":"selenium.common.exceptions.StaleElementReferenceException: Message: stale element reference: stale element not found in the current frame\n  (Session info: chrome=142.0.7444.60); For documentation on this error, please visit: https://www.selenium.dev/documentation/webdriver/troubleshooting/errors#staleelementreferenceexception\nStacktrace:\nSymbols not available. Dumping unresolved backtrace:\n\t0x7ff75a867a35\n\t0x7ff75a867a90\n\t0x7ff75a5e16ad\n\t0x7ff75a5e948f\n\t0x7ff75a5ec4ef\n\t0x7ff75a5ec5af\n\t0x7ff75a64223b\n\t0x7ff75a63fcde\n\t0x7ff75a63cc11\n\t0x7ff75a63bad0\n\t0x7ff75a62d2c8\n\t0x7ff75a66297a\n\t0x7ff75a62cb56\n\t0x7ff75a68b8fb\n\t0x7ff75a62b068\n\t0x7ff75a62be93\n\t0x7ff75ab229d0\n\t0x7ff75ab1ce50\n\t0x7ff75ab3cc45\n\t0x7ff75a8830ce\n\t0x7ff75a88adbf\n\t0x7ff75a870c14\n\t0x7ff75a870dcf\n\t0x7ff75a856828\n\t0x7ffa9d4de8d7\n\t0x7ffa9ec8c53c\n\n","time":{"start":1763860781238,"stop":1763860800226,"duration":18988}},{"uid":"f7770a100faeadee","reportUrl":"https://marturo77.github.io/AndinaCoreReporting/latest//#testresult/f7770a100faeadee","status":"broken","statusDetails":"selenium.common.exceptions.StaleElementReferenceException: Message: stale element reference: stale element not found in the current frame\n  (Session info: chrome=142.0.7444.60); For documentation on this error, please visit: https://www.selenium.dev/documentation/webdriver/troubleshooting/errors#staleelementreferenceexception\nStacktrace:\nSymbols not available. Dumping unresolved backtrace:\n\t0x7ff66cac7a35\n\t0x7ff66cac7a90\n\t0x7ff66c8416ad\n\t0x7ff66c84948f\n\t0x7ff66c84c4ef\n\t0x7ff66c84c5af\n\t0x7ff66c8944dd\n\t0x7ff66c8c297a\n\t0x7ff66c88cb56\n\t0x7ff66c8eb8fb\n\t0x7ff66c88b068\n\t0x7ff66c88be93\n\t0x7ff66cd829d0\n\t0x7ff66cd7ce50\n\t0x7ff66cd9cc45\n\t0x7ff66cae30ce\n\t0x7ff66caeadbf\n\t0x7ff66cad0c14\n\t0x7ff66cad0dcf\n\t0x7ff66cab6828\n\t0x7ffc0adde8d7\n\t0x7ffc0b06c53c\n\n","time":{"start":1763850262769,"stop":1763850290692,"duration":27923}},{"uid":"183652e7279924d7","reportUrl":"https://marturo77.github.io/AndinaCoreReporting/latest//#testresult/183652e7279924d7","status":"broken","statusDetails":"selenium.common.exceptions.StaleElementReferenceException: Message: stale element reference: stale element not found in the current frame\n  (Session info: chrome=142.0.7444.60); For documentation on this error, please visit: https://www.selenium.dev/documentation/webdriver/troubleshooting/errors#staleelementreferenceexception\nStacktrace:\nSymbols not available. Dumping unresolved backtrace:\n\t0x7ff625a47a35\n\t0x7ff625a47a90\n\t0x7ff6257c16ad\n\t0x7ff6257c948f\n\t0x7ff6257cc4ef\n\t0x7ff6257cc5af\n\t0x7ff62582223b\n\t0x7ff62581f69f\n\t0x7ff62581cc11\n\t0x7ff62581bad0\n\t0x7ff62580d2c8\n\t0x7ff62584297a\n\t0x7ff62580cb56\n\t0x7ff62586b8fb\n\t0x7ff62580b068\n\t0x7ff62580be93\n\t0x7ff625d029d0\n\t0x7ff625cfce50\n\t0x7ff625d1cc45\n\t0x7ff625a630ce\n\t0x7ff625a6adbf\n\t0x7ff625a50c14\n\t0x7ff625a50dcf\n\t0x7ff625a36828\n\t0x7ffd520be8d7\n\t0x7ffd52e6c53c\n\n","time":{"start":1763849162985,"stop":1763849182284,"duration":19299}},{"uid":"b25f5fcd0c2e4245","reportUrl":"https://marturo77.github.io/AndinaCoreReporting/latest//#testresult/b25f5fcd0c2e4245","status":"broken","statusDetails":"selenium.common.exceptions.StaleElementReferenceException: Message: stale element reference: stale element not found in the current frame\n  (Session info: chrome=142.0.7444.60); For documentation on this error, please visit: https://www.selenium.dev/documentation/webdriver/troubleshooting/errors#staleelementreferenceexception\nStacktrace:\nSymbols not available. Dumping unresolved backtrace:\n\t0x7ff7431a7a35\n\t0x7ff7431a7a90\n\t0x7ff742f216ad\n\t0x7ff742f2948f\n\t0x7ff742f2c4ef\n\t0x7ff742f2c5af\n\t0x7ff742f744dd\n\t0x7ff742fa297a\n\t0x7ff742f6cb56\n\t0x7ff742fcb8fb\n\t0x7ff742f6b068\n\t0x7ff742f6be93\n\t0x7ff7434629d0\n\t0x7ff74345ce50\n\t0x7ff74347cc45\n\t0x7ff7431c30ce\n\t0x7ff7431cadbf\n\t0x7ff7431b0c14\n\t0x7ff7431b0dcf\n\t0x7ff743196828\n\t0x7ff96664e8d7\n\t0x7ff967dcc53c\n\n","time":{"start":1763847786977,"stop":1763847810016,"duration":23039}},{"uid":"f8aa7d3559fe56ae","reportUrl":"https://marturo77.github.io/AndinaCoreReporting/latest//#testresult/f8aa7d3559fe56ae","status":"broken","statusDetails":"selenium.common.exceptions.StaleElementReferenceException: Message: stale element reference: stale element not found in the current frame\n  (Session info: chrome=142.0.7444.60); For documentation on this error, please visit: https://www.selenium.dev/documentation/webdriver/troubleshooting/errors#staleelementreferenceexception\nStacktrace:\nSymbols not available. Dumping unresolved backtrace:\n\t0x7ff720407a35\n\t0x7ff720407a90\n\t0x7ff7201816ad\n\t0x7ff72018948f\n\t0x7ff72018c4ef\n\t0x7ff72018c5af\n\t0x7ff7201dc3fd\n\t0x7ff7201db3a9\n\t0x7ff7201cd2c8\n\t0x7ff72020297a\n\t0x7ff7201ccb56\n\t0x7ff72022b8fb\n\t0x7ff7201cb068\n\t0x7ff7201cbe93\n\t0x7ff7206c29d0\n\t0x7ff7206bce50\n\t0x7ff7206dcc45\n\t0x7ff7204230ce\n\t0x7ff72042adbf\n\t0x7ff720410c14\n\t0x7ff720410dcf\n\t0x7ff7203f6828\n\t0x7ffdddf9e8d7\n\t0x7ffddf6ac53c\n\n","time":{"start":1763844932189,"stop":1763844964900,"duration":32711}},{"uid":"a6cd0fd0dd921932","status":"broken","statusDetails":"selenium.common.exceptions.TimeoutException: Message: \nStacktrace:\nSymbols not available. Dumping unresolved backtrace:\n\t0x7ff73fcc7a35\n\t0x7ff73fcc7a90\n\t0x7ff73fa416ad\n\t0x7ff73fa9a13e\n\t0x7ff73fa9a44c\n\t0x7ff73faeebe7\n\t0x7ff73faeb8fb\n\t0x7ff73fa8b068\n\t0x7ff73fa8be93\n\t0x7ff73ff829d0\n\t0x7ff73ff7ce50\n\t0x7ff73ff9cc45\n\t0x7ff73fce30ce\n\t0x7ff73fceadbf\n\t0x7ff73fcd0c14\n\t0x7ff73fcd0dcf\n\t0x7ff73fcb6828\n\t0x7ffddcb7e8d7\n\t0x7ffdde72c53c\n\n","time":{"start":1763841901033,"stop":1763841941552,"duration":40519}},{"uid":"67738fa44ebd3e19","status":"broken","statusDetails":"selenium.common.exceptions.StaleElementReferenceException: Message: stale element reference: stale element not found in the current frame\n  (Session info: chrome=142.0.7444.60); For documentation on this error, please visit: https://www.selenium.dev/documentation/webdriver/troubleshooting/errors#staleelementreferenceexception\nStacktrace:\nSymbols not available. Dumping unresolved backtrace:\n\t0x7ff6e98f7a35\n\t0x7ff6e98f7a90\n\t0x7ff6e96716ad\n\t0x7ff6e967948f\n\t0x7ff6e967c882\n\t0x7ff6e971ccc3\n\t0x7ff6e96f297a\n\t0x7ff6e971b8fb\n\t0x7ff6e96bb068\n\t0x7ff6e96bbe93\n\t0x7ff6e9bb29d0\n\t0x7ff6e9bace50\n\t0x7ff6e9bccc45\n\t0x7ff6e99130ce\n\t0x7ff6e991adbf\n\t0x7ff6e9900c14\n\t0x7ff6e9900dcf\n\t0x7ff6e98e6828\n\t0x7ff84c27e8d7\n\t0x7ff84e50c53c\n\n","time":{"start":1763839751184,"stop":1763839767357,"duration":16173}}]},"tags":["validacion_cotizacion_masiva"]},"source":"99f0f41a607a2de1.json","parameterValues":[]}