{"uid":"a6cd0fd0dd921932","name":"Comparacion de resultados de cotización masiva con archivo de referencia","fullName":"Validacion de resultado cotizacion masiva: Comparacion de resultados de cotización masiva con archivo de referencia","historyId":"31e7a94ee5afd31ddf266e898b634f47","time":{"start":1763841901033,"stop":1763841941552,"duration":40519},"status":"broken","statusMessage":"selenium.common.exceptions.TimeoutException: Message: \nStacktrace:\nSymbols not available. Dumping unresolved backtrace:\n\t0x7ff73fcc7a35\n\t0x7ff73fcc7a90\n\t0x7ff73fa416ad\n\t0x7ff73fa9a13e\n\t0x7ff73fa9a44c\n\t0x7ff73faeebe7\n\t0x7ff73faeb8fb\n\t0x7ff73fa8b068\n\t0x7ff73fa8be93\n\t0x7ff73ff829d0\n\t0x7ff73ff7ce50\n\t0x7ff73ff9cc45\n\t0x7ff73fce30ce\n\t0x7ff73fceadbf\n\t0x7ff73fcd0c14\n\t0x7ff73fcd0dcf\n\t0x7ff73fcb6828\n\t0x7ffddcb7e8d7\n\t0x7ffdde72c53c\n\n","statusTrace":"  File \"C:\\actions-runner\\_tool\\Python\\3.13.9\\x64\\Lib\\site-packages\\behave\\model.py\", line 1991, in run\n    match.run(runner.context)\n    ~~~~~~~~~^^^^^^^^^^^^^^^^\n  File \"C:\\actions-runner\\_tool\\Python\\3.13.9\\x64\\Lib\\site-packages\\behave\\matchers.py\", line 105, in run\n    self.func(context, *args, **kwargs)\n    ~~~~~~~~~^^^^^^^^^^^^^^^^^^^^^^^^^^\n  File \"features\\steps\\crear_cotizacion_masiva.steps.py\", line 16, in step_upload_file\n    context.page.upload_cotizacion_file(context)\n    ~~~~~~~~~~~~~~~~~~~~~~~~~~~~~~~~~~~^^^^^^^^^\n  File \"D:\\a\\AndinaCoreTesting\\AndinaCoreTesting\\pages\\cotizacion_masiva_page.py\", line 57, in upload_cotizacion_file\n    WebDriverWait(self.driver, 20).until(\n    ~~~~~~~~~~~~~~~~~~~~~~~~~~~~~~~~~~~~^\n        EC.element_to_be_clickable((By.XPATH, \"//*[contains(text(), 'Clic aquí para cargar su archivo')]\"))\n        ^^^^^^^^^^^^^^^^^^^^^^^^^^^^^^^^^^^^^^^^^^^^^^^^^^^^^^^^^^^^^^^^^^^^^^^^^^^^^^^^^^^^^^^^^^^^^^^^^^^\n    ).click()\n    ^\n  File \"C:\\actions-runner\\_tool\\Python\\3.13.9\\x64\\Lib\\site-packages\\selenium\\webdriver\\support\\wait.py\", line 138, in until\n    raise TimeoutException(message, screen, stacktrace)\n","flaky":false,"newFailed":false,"newBroken":false,"newPassed":false,"retriesCount":0,"retriesStatusChange":false,"beforeStages":[],"testStage":{"status":"broken","statusMessage":"selenium.common.exceptions.TimeoutException: Message: \nStacktrace:\nSymbols not available. Dumping unresolved backtrace:\n\t0x7ff73fcc7a35\n\t0x7ff73fcc7a90\n\t0x7ff73fa416ad\n\t0x7ff73fa9a13e\n\t0x7ff73fa9a44c\n\t0x7ff73faeebe7\n\t0x7ff73faeb8fb\n\t0x7ff73fa8b068\n\t0x7ff73fa8be93\n\t0x7ff73ff829d0\n\t0x7ff73ff7ce50\n\t0x7ff73ff9cc45\n\t0x7ff73fce30ce\n\t0x7ff73fceadbf\n\t0x7ff73fcd0c14\n\t0x7ff73fcd0dcf\n\t0x7ff73fcb6828\n\t0x7ffddcb7e8d7\n\t0x7ffdde72c53c\n\n","statusTrace":"  File \"C:\\actions-runner\\_tool\\Python\\3.13.9\\x64\\Lib\\site-packages\\behave\\model.py\", line 1991, in run\n    match.run(runner.context)\n    ~~~~~~~~~^^^^^^^^^^^^^^^^\n  File \"C:\\actions-runner\\_tool\\Python\\3.13.9\\x64\\Lib\\site-packages\\behave\\matchers.py\", line 105, in run\n    self.func(context, *args, **kwargs)\n    ~~~~~~~~~^^^^^^^^^^^^^^^^^^^^^^^^^^\n  File \"features\\steps\\crear_cotizacion_masiva.steps.py\", line 16, in step_upload_file\n    context.page.upload_cotizacion_file(context)\n    ~~~~~~~~~~~~~~~~~~~~~~~~~~~~~~~~~~~^^^^^^^^^\n  File \"D:\\a\\AndinaCoreTesting\\AndinaCoreTesting\\pages\\cotizacion_masiva_page.py\", line 57, in upload_cotizacion_file\n    WebDriverWait(self.driver, 20).until(\n    ~~~~~~~~~~~~~~~~~~~~~~~~~~~~~~~~~~~~^\n        EC.element_to_be_clickable((By.XPATH, \"//*[contains(text(), 'Clic aquí para cargar su archivo')]\"))\n        ^^^^^^^^^^^^^^^^^^^^^^^^^^^^^^^^^^^^^^^^^^^^^^^^^^^^^^^^^^^^^^^^^^^^^^^^^^^^^^^^^^^^^^^^^^^^^^^^^^^\n    ).click()\n    ^\n  File \"C:\\actions-runner\\_tool\\Python\\3.13.9\\x64\\Lib\\site-packages\\selenium\\webdriver\\support\\wait.py\", line 138, in until\n    raise TimeoutException(message, screen, stacktrace)\n","steps":[{"name":"Dado que abro la página de login","time":{"start":1763841902743,"stop":1763841904287,"duration":1544},"status":"passed","steps":[],"attachments":[],"parameters":[],"hasContent":false,"stepsCount":0,"attachmentStep":false,"shouldDisplayMessage":false,"attachmentsCount":0},{"name":"Y usando la identidad del archivo .env","time":{"start":1763841904287,"stop":1763841913137,"duration":8850},"status":"passed","steps":[],"attachments":[],"parameters":[],"hasContent":false,"stepsCount":0,"attachmentStep":false,"shouldDisplayMessage":false,"attachmentsCount":0},{"name":"Cuando navego a la página de cotización","time":{"start":1763841913138,"stop":1763841913779,"duration":641},"status":"passed","steps":[],"attachments":[],"parameters":[],"hasContent":false,"stepsCount":0,"attachmentStep":false,"shouldDisplayMessage":false,"attachmentsCount":0},{"name":"Y subo el archivo plano de cotización","time":{"start":1763841913779,"stop":1763841939340,"duration":25561},"status":"broken","statusMessage":"selenium.common.exceptions.TimeoutException: Message: \nStacktrace:\nSymbols not available. Dumping unresolved backtrace:\n\t0x7ff73fcc7a35\n\t0x7ff73fcc7a90\n\t0x7ff73fa416ad\n\t0x7ff73fa9a13e\n\t0x7ff73fa9a44c\n\t0x7ff73faeebe7\n\t0x7ff73faeb8fb\n\t0x7ff73fa8b068\n\t0x7ff73fa8be93\n\t0x7ff73ff829d0\n\t0x7ff73ff7ce50\n\t0x7ff73ff9cc45\n\t0x7ff73fce30ce\n\t0x7ff73fceadbf\n\t0x7ff73fcd0c14\n\t0x7ff73fcd0dcf\n\t0x7ff73fcb6828\n\t0x7ffddcb7e8d7\n\t0x7ffdde72c53c\n\n","statusTrace":"  File \"C:\\actions-runner\\_tool\\Python\\3.13.9\\x64\\Lib\\site-packages\\behave\\model.py\", line 1991, in run\n    match.run(runner.context)\n    ~~~~~~~~~^^^^^^^^^^^^^^^^\n  File \"C:\\actions-runner\\_tool\\Python\\3.13.9\\x64\\Lib\\site-packages\\behave\\matchers.py\", line 105, in run\n    self.func(context, *args, **kwargs)\n    ~~~~~~~~~^^^^^^^^^^^^^^^^^^^^^^^^^^\n  File \"features\\steps\\crear_cotizacion_masiva.steps.py\", line 16, in step_upload_file\n    context.page.upload_cotizacion_file(context)\n    ~~~~~~~~~~~~~~~~~~~~~~~~~~~~~~~~~~~^^^^^^^^^\n  File \"D:\\a\\AndinaCoreTesting\\AndinaCoreTesting\\pages\\cotizacion_masiva_page.py\", line 57, in upload_cotizacion_file\n    WebDriverWait(self.driver, 20).until(\n    ~~~~~~~~~~~~~~~~~~~~~~~~~~~~~~~~~~~~^\n        EC.element_to_be_clickable((By.XPATH, \"//*[contains(text(), 'Clic aquí para cargar su archivo')]\"))\n        ^^^^^^^^^^^^^^^^^^^^^^^^^^^^^^^^^^^^^^^^^^^^^^^^^^^^^^^^^^^^^^^^^^^^^^^^^^^^^^^^^^^^^^^^^^^^^^^^^^^\n    ).click()\n    ^\n  File \"C:\\actions-runner\\_tool\\Python\\3.13.9\\x64\\Lib\\site-packages\\selenium\\webdriver\\support\\wait.py\", line 138, in until\n    raise TimeoutException(message, screen, stacktrace)\n","steps":[],"attachments":[{"uid":"1bf439ce545aa22d","name":"Cargando el archivo de cotizacion","source":"1bf439ce545aa22d.png","type":"image/png","size":131035}],"parameters":[],"hasContent":true,"stepsCount":0,"attachmentStep":false,"shouldDisplayMessage":true,"attachmentsCount":1},{"name":"Entonces se descarga un archivo de resultados de cargue de cotizacion masiva","time":{"start":1763841941551,"stop":1763841941551,"duration":0},"status":"skipped","steps":[],"attachments":[],"parameters":[],"hasContent":false,"stepsCount":0,"attachmentStep":false,"shouldDisplayMessage":false,"attachmentsCount":0},{"name":"Y comparo los archivos de resultado descargado y archivo de referencia","time":{"start":1763841941552,"stop":1763841941552,"duration":0},"status":"skipped","steps":[],"attachments":[],"parameters":[],"hasContent":false,"stepsCount":0,"attachmentStep":false,"shouldDisplayMessage":false,"attachmentsCount":0},{"name":"Entonces la informacion es igual al archivo de referencia","time":{"start":1763841941552,"stop":1763841941552,"duration":0},"status":"skipped","steps":[],"attachments":[],"parameters":[],"hasContent":false,"stepsCount":0,"attachmentStep":false,"shouldDisplayMessage":false,"attachmentsCount":0}],"attachments":[],"parameters":[],"hasContent":true,"stepsCount":7,"attachmentStep":false,"shouldDisplayMessage":false,"attachmentsCount":1},"afterStages":[],"labels":[{"name":"severity","value":"normal"},{"name":"tag","value":"validacion_cotizacion_masiva"},{"name":"feature","value":"Validacion de resultado cotizacion masiva"},{"name":"framework","value":"behave"},{"name":"language","value":"cpython3"},{"name":"resultFormat","value":"allure2"}],"parameters":[],"links":[],"hidden":false,"retry":false,"extra":{"severity":"normal","retries":[],"categories":[{"name":"Test defects","matchedStatuses":[]}],"history":{"statistic":{"failed":0,"broken":2,"skipped":0,"passed":0,"unknown":0,"total":2},"items":[{"uid":"67738fa44ebd3e19","status":"broken","statusDetails":"selenium.common.exceptions.StaleElementReferenceException: Message: stale element reference: stale element not found in the current frame\n  (Session info: chrome=142.0.7444.60); For documentation on this error, please visit: https://www.selenium.dev/documentation/webdriver/troubleshooting/errors#staleelementreferenceexception\nStacktrace:\nSymbols not available. Dumping unresolved backtrace:\n\t0x7ff6e98f7a35\n\t0x7ff6e98f7a90\n\t0x7ff6e96716ad\n\t0x7ff6e967948f\n\t0x7ff6e967c882\n\t0x7ff6e971ccc3\n\t0x7ff6e96f297a\n\t0x7ff6e971b8fb\n\t0x7ff6e96bb068\n\t0x7ff6e96bbe93\n\t0x7ff6e9bb29d0\n\t0x7ff6e9bace50\n\t0x7ff6e9bccc45\n\t0x7ff6e99130ce\n\t0x7ff6e991adbf\n\t0x7ff6e9900c14\n\t0x7ff6e9900dcf\n\t0x7ff6e98e6828\n\t0x7ff84c27e8d7\n\t0x7ff84e50c53c\n\n","time":{"start":1763839751184,"stop":1763839767357,"duration":16173}}]},"tags":["validacion_cotizacion_masiva"]},"source":"a6cd0fd0dd921932.json","parameterValues":[]}