{"uid":"b8b6ecc86c674f13","name":"Carga exitosa del archivo masivo y descarga de resultados","fullName":"Carga masiva de cotización: Carga exitosa del archivo masivo y descarga de resultados","historyId":"a26915b69921168eea35294074258aa7","time":{"start":1763839190849,"stop":1763839208229,"duration":17380},"status":"broken","statusMessage":"selenium.common.exceptions.StaleElementReferenceException: Message: stale element reference: stale element not found in the current frame\n  (Session info: chrome=142.0.7444.60); For documentation on this error, please visit: https://www.selenium.dev/documentation/webdriver/troubleshooting/errors#staleelementreferenceexception\nStacktrace:\nSymbols not available. Dumping unresolved backtrace:\n\t0x7ff6bdc87a35\n\t0x7ff6bdc87a90\n\t0x7ff6bda016ad\n\t0x7ff6bda0948f\n\t0x7ff6bda0c4ef\n\t0x7ff6bda0c5af\n\t0x7ff6bda6223b\n\t0x7ff6bda5fcde\n\t0x7ff6bda5cc11\n\t0x7ff6bda5bad0\n\t0x7ff6bda4d6a6\n\t0x7ff6bda8297a\n\t0x7ff6bda4cb56\n\t0x7ff6bdaab8fb\n\t0x7ff6bda4b068\n\t0x7ff6bda4be93\n\t0x7ff6bdf429d0\n\t0x7ff6bdf3ce50\n\t0x7ff6bdf5cc45\n\t0x7ff6bdca30ce\n\t0x7ff6bdcaadbf\n\t0x7ff6bdc90c14\n\t0x7ff6bdc90dcf\n\t0x7ff6bdc76828\n\t0x7ffab7ede8d7\n\t0x7ffaba16c53c\n\n","statusTrace":"  File \"C:\\actions-runner\\_tool\\Python\\3.13.9\\x64\\Lib\\site-packages\\behave\\model.py\", line 1991, in run\n    match.run(runner.context)\n    ~~~~~~~~~^^^^^^^^^^^^^^^^\n  File \"C:\\actions-runner\\_tool\\Python\\3.13.9\\x64\\Lib\\site-packages\\behave\\matchers.py\", line 105, in run\n    self.func(context, *args, **kwargs)\n    ~~~~~~~~~^^^^^^^^^^^^^^^^^^^^^^^^^^\n  File \"features\\steps\\crear_cotizacion_masiva.steps.py\", line 16, in step_upload_file\n    context.page.upload_cotizacion_file(context)\n    ~~~~~~~~~~~~~~~~~~~~~~~~~~~~~~~~~~~^^^^^^^^^\n  File \"D:\\a\\AndinaCoreTesting\\AndinaCoreTesting\\pages\\cotizacion_masiva_page.py\", line 59, in upload_cotizacion_file\n    ).click()\n      ~~~~~^^\n  File \"C:\\actions-runner\\_tool\\Python\\3.13.9\\x64\\Lib\\site-packages\\selenium\\webdriver\\remote\\webelement.py\", line 119, in click\n    self._execute(Command.CLICK_ELEMENT)\n    ~~~~~~~~~~~~~^^^^^^^^^^^^^^^^^^^^^^^\n  File \"C:\\actions-runner\\_tool\\Python\\3.13.9\\x64\\Lib\\site-packages\\selenium\\webdriver\\remote\\webelement.py\", line 572, in _execute\n    return self._parent.execute(command, params)\n           ~~~~~~~~~~~~~~~~~~~~^^^^^^^^^^^^^^^^^\n  File \"C:\\actions-runner\\_tool\\Python\\3.13.9\\x64\\Lib\\site-packages\\selenium\\webdriver\\remote\\webdriver.py\", line 458, in execute\n    self.error_handler.check_response(response)\n    ~~~~~~~~~~~~~~~~~~~~~~~~~~~~~~~~~^^^^^^^^^^\n  File \"C:\\actions-runner\\_tool\\Python\\3.13.9\\x64\\Lib\\site-packages\\selenium\\webdriver\\remote\\errorhandler.py\", line 233, in check_response\n    raise exception_class(message, screen, stacktrace)\n","flaky":false,"newFailed":false,"newBroken":false,"newPassed":false,"retriesCount":1,"retriesStatusChange":true,"beforeStages":[],"testStage":{"status":"broken","statusMessage":"selenium.common.exceptions.StaleElementReferenceException: Message: stale element reference: stale element not found in the current frame\n  (Session info: chrome=142.0.7444.60); For documentation on this error, please visit: https://www.selenium.dev/documentation/webdriver/troubleshooting/errors#staleelementreferenceexception\nStacktrace:\nSymbols not available. Dumping unresolved backtrace:\n\t0x7ff6bdc87a35\n\t0x7ff6bdc87a90\n\t0x7ff6bda016ad\n\t0x7ff6bda0948f\n\t0x7ff6bda0c4ef\n\t0x7ff6bda0c5af\n\t0x7ff6bda6223b\n\t0x7ff6bda5fcde\n\t0x7ff6bda5cc11\n\t0x7ff6bda5bad0\n\t0x7ff6bda4d6a6\n\t0x7ff6bda8297a\n\t0x7ff6bda4cb56\n\t0x7ff6bdaab8fb\n\t0x7ff6bda4b068\n\t0x7ff6bda4be93\n\t0x7ff6bdf429d0\n\t0x7ff6bdf3ce50\n\t0x7ff6bdf5cc45\n\t0x7ff6bdca30ce\n\t0x7ff6bdcaadbf\n\t0x7ff6bdc90c14\n\t0x7ff6bdc90dcf\n\t0x7ff6bdc76828\n\t0x7ffab7ede8d7\n\t0x7ffaba16c53c\n\n","statusTrace":"  File \"C:\\actions-runner\\_tool\\Python\\3.13.9\\x64\\Lib\\site-packages\\behave\\model.py\", line 1991, in run\n    match.run(runner.context)\n    ~~~~~~~~~^^^^^^^^^^^^^^^^\n  File \"C:\\actions-runner\\_tool\\Python\\3.13.9\\x64\\Lib\\site-packages\\behave\\matchers.py\", line 105, in run\n    self.func(context, *args, **kwargs)\n    ~~~~~~~~~^^^^^^^^^^^^^^^^^^^^^^^^^^\n  File \"features\\steps\\crear_cotizacion_masiva.steps.py\", line 16, in step_upload_file\n    context.page.upload_cotizacion_file(context)\n    ~~~~~~~~~~~~~~~~~~~~~~~~~~~~~~~~~~~^^^^^^^^^\n  File \"D:\\a\\AndinaCoreTesting\\AndinaCoreTesting\\pages\\cotizacion_masiva_page.py\", line 59, in upload_cotizacion_file\n    ).click()\n      ~~~~~^^\n  File \"C:\\actions-runner\\_tool\\Python\\3.13.9\\x64\\Lib\\site-packages\\selenium\\webdriver\\remote\\webelement.py\", line 119, in click\n    self._execute(Command.CLICK_ELEMENT)\n    ~~~~~~~~~~~~~^^^^^^^^^^^^^^^^^^^^^^^\n  File \"C:\\actions-runner\\_tool\\Python\\3.13.9\\x64\\Lib\\site-packages\\selenium\\webdriver\\remote\\webelement.py\", line 572, in _execute\n    return self._parent.execute(command, params)\n           ~~~~~~~~~~~~~~~~~~~~^^^^^^^^^^^^^^^^^\n  File \"C:\\actions-runner\\_tool\\Python\\3.13.9\\x64\\Lib\\site-packages\\selenium\\webdriver\\remote\\webdriver.py\", line 458, in execute\n    self.error_handler.check_response(response)\n    ~~~~~~~~~~~~~~~~~~~~~~~~~~~~~~~~~^^^^^^^^^^\n  File \"C:\\actions-runner\\_tool\\Python\\3.13.9\\x64\\Lib\\site-packages\\selenium\\webdriver\\remote\\errorhandler.py\", line 233, in check_response\n    raise exception_class(message, screen, stacktrace)\n","steps":[{"name":"Dado que abro la página de login","time":{"start":1763839192247,"stop":1763839193740,"duration":1493},"status":"passed","steps":[],"attachments":[],"parameters":[],"shouldDisplayMessage":false,"attachmentsCount":0,"attachmentStep":false,"stepsCount":0,"hasContent":false},{"name":"Y usando la identidad del archivo .env","time":{"start":1763839193740,"stop":1763839201673,"duration":7933},"status":"passed","steps":[],"attachments":[],"parameters":[],"shouldDisplayMessage":false,"attachmentsCount":0,"attachmentStep":false,"stepsCount":0,"hasContent":false},{"name":"Cuando navego a la página de cotización","time":{"start":1763839201674,"stop":1763839202637,"duration":963},"status":"passed","steps":[],"attachments":[],"parameters":[],"shouldDisplayMessage":false,"attachmentsCount":0,"attachmentStep":false,"stepsCount":0,"hasContent":false},{"name":"Y subo el archivo plano de cotización","time":{"start":1763839202637,"stop":1763839205932,"duration":3295},"status":"broken","statusMessage":"selenium.common.exceptions.StaleElementReferenceException: Message: stale element reference: stale element not found in the current frame\n  (Session info: chrome=142.0.7444.60); For documentation on this error, please visit: https://www.selenium.dev/documentation/webdriver/troubleshooting/errors#staleelementreferenceexception\nStacktrace:\nSymbols not available. Dumping unresolved backtrace:\n\t0x7ff6bdc87a35\n\t0x7ff6bdc87a90\n\t0x7ff6bda016ad\n\t0x7ff6bda0948f\n\t0x7ff6bda0c4ef\n\t0x7ff6bda0c5af\n\t0x7ff6bda6223b\n\t0x7ff6bda5fcde\n\t0x7ff6bda5cc11\n\t0x7ff6bda5bad0\n\t0x7ff6bda4d6a6\n\t0x7ff6bda8297a\n\t0x7ff6bda4cb56\n\t0x7ff6bdaab8fb\n\t0x7ff6bda4b068\n\t0x7ff6bda4be93\n\t0x7ff6bdf429d0\n\t0x7ff6bdf3ce50\n\t0x7ff6bdf5cc45\n\t0x7ff6bdca30ce\n\t0x7ff6bdcaadbf\n\t0x7ff6bdc90c14\n\t0x7ff6bdc90dcf\n\t0x7ff6bdc76828\n\t0x7ffab7ede8d7\n\t0x7ffaba16c53c\n\n","statusTrace":"  File \"C:\\actions-runner\\_tool\\Python\\3.13.9\\x64\\Lib\\site-packages\\behave\\model.py\", line 1991, in run\n    match.run(runner.context)\n    ~~~~~~~~~^^^^^^^^^^^^^^^^\n  File \"C:\\actions-runner\\_tool\\Python\\3.13.9\\x64\\Lib\\site-packages\\behave\\matchers.py\", line 105, in run\n    self.func(context, *args, **kwargs)\n    ~~~~~~~~~^^^^^^^^^^^^^^^^^^^^^^^^^^\n  File \"features\\steps\\crear_cotizacion_masiva.steps.py\", line 16, in step_upload_file\n    context.page.upload_cotizacion_file(context)\n    ~~~~~~~~~~~~~~~~~~~~~~~~~~~~~~~~~~~^^^^^^^^^\n  File \"D:\\a\\AndinaCoreTesting\\AndinaCoreTesting\\pages\\cotizacion_masiva_page.py\", line 59, in upload_cotizacion_file\n    ).click()\n      ~~~~~^^\n  File \"C:\\actions-runner\\_tool\\Python\\3.13.9\\x64\\Lib\\site-packages\\selenium\\webdriver\\remote\\webelement.py\", line 119, in click\n    self._execute(Command.CLICK_ELEMENT)\n    ~~~~~~~~~~~~~^^^^^^^^^^^^^^^^^^^^^^^\n  File \"C:\\actions-runner\\_tool\\Python\\3.13.9\\x64\\Lib\\site-packages\\selenium\\webdriver\\remote\\webelement.py\", line 572, in _execute\n    return self._parent.execute(command, params)\n           ~~~~~~~~~~~~~~~~~~~~^^^^^^^^^^^^^^^^^\n  File \"C:\\actions-runner\\_tool\\Python\\3.13.9\\x64\\Lib\\site-packages\\selenium\\webdriver\\remote\\webdriver.py\", line 458, in execute\n    self.error_handler.check_response(response)\n    ~~~~~~~~~~~~~~~~~~~~~~~~~~~~~~~~~^^^^^^^^^^\n  File \"C:\\actions-runner\\_tool\\Python\\3.13.9\\x64\\Lib\\site-packages\\selenium\\webdriver\\remote\\errorhandler.py\", line 233, in check_response\n    raise exception_class(message, screen, stacktrace)\n","steps":[],"attachments":[{"uid":"64be56633e6e1e1d","name":"Cargando el archivo de cotizacion","source":"64be56633e6e1e1d.png","type":"image/png","size":148477}],"parameters":[],"shouldDisplayMessage":true,"attachmentsCount":1,"attachmentStep":false,"stepsCount":0,"hasContent":true},{"name":"Entonces se descarga un archivo de resultados de cargue de cotizacion masiva","time":{"start":1763839208229,"stop":1763839208229,"duration":0},"status":"skipped","steps":[],"attachments":[],"parameters":[],"shouldDisplayMessage":false,"attachmentsCount":0,"attachmentStep":false,"stepsCount":0,"hasContent":false}],"attachments":[],"parameters":[],"shouldDisplayMessage":false,"attachmentsCount":1,"attachmentStep":false,"stepsCount":5,"hasContent":true},"afterStages":[],"labels":[{"name":"severity","value":"normal"},{"name":"tag","value":"crear_cotizacion_masiva"},{"name":"feature","value":"Carga masiva de cotización"},{"name":"framework","value":"behave"},{"name":"language","value":"cpython3"},{"name":"resultFormat","value":"allure2"}],"parameters":[],"links":[],"hidden":false,"retry":false,"extra":{"severity":"normal","retries":[{"uid":"8f650acc3018f9ed","status":"passed","time":{"start":1763839122790,"stop":1763839156070,"duration":33280}}],"categories":[{"name":"Test defects","matchedStatuses":[]}],"tags":["crear_cotizacion_masiva"]},"source":"b8b6ecc86c674f13.json","parameterValues":[]}