{"uid":"1ca463f38dd3146c","name":"Comparacion de resultados de cotización masiva con archivo de referencia","fullName":"Validacion de resultado cotizacion masiva: Comparacion de resultados de cotización masiva con archivo de referencia","historyId":"31e7a94ee5afd31ddf266e898b634f47","time":{"start":1763838304488,"stop":1763838324452,"duration":19964},"status":"broken","statusMessage":"selenium.common.exceptions.StaleElementReferenceException: Message: stale element reference: stale element not found in the current frame\n  (Session info: chrome=142.0.7444.60); For documentation on this error, please visit: https://www.selenium.dev/documentation/webdriver/troubleshooting/errors#staleelementreferenceexception\nStacktrace:\nSymbols not available. Dumping unresolved backtrace:\n\t0x7ff6c5f07a35\n\t0x7ff6c5f07a90\n\t0x7ff6c5c816ad\n\t0x7ff6c5c8948f\n\t0x7ff6c5c8c4ef\n\t0x7ff6c5c8c5af\n\t0x7ff6c5ce223b\n\t0x7ff6c5cdfcde\n\t0x7ff6c5cdcc11\n\t0x7ff6c5cdbad0\n\t0x7ff6c5ccd2c8\n\t0x7ff6c5d0297a\n\t0x7ff6c5cccb56\n\t0x7ff6c5d2b8fb\n\t0x7ff6c5ccb068\n\t0x7ff6c5ccbe93\n\t0x7ff6c61c29d0\n\t0x7ff6c61bce50\n\t0x7ff6c61dcc45\n\t0x7ff6c5f230ce\n\t0x7ff6c5f2adbf\n\t0x7ff6c5f10c14\n\t0x7ff6c5f10dcf\n\t0x7ff6c5ef6828\n\t0x7ffaaad3e8d7\n\t0x7ffaabf0c53c\n\n","statusTrace":"  File \"C:\\actions-runner\\_tool\\Python\\3.13.9\\x64\\Lib\\site-packages\\behave\\model.py\", line 1991, in run\n    match.run(runner.context)\n    ~~~~~~~~~^^^^^^^^^^^^^^^^\n  File \"C:\\actions-runner\\_tool\\Python\\3.13.9\\x64\\Lib\\site-packages\\behave\\matchers.py\", line 105, in run\n    self.func(context, *args, **kwargs)\n    ~~~~~~~~~^^^^^^^^^^^^^^^^^^^^^^^^^^\n  File \"features\\steps\\crear_cotizacion_masiva.steps.py\", line 16, in step_upload_file\n    context.page.upload_cotizacion_file(context)\n    ~~~~~~~~~~~~~~~~~~~~~~~~~~~~~~~~~~~^^^^^^^^^\n  File \"D:\\a\\AndinaCoreTesting\\AndinaCoreTesting\\pages\\cotizacion_masiva_page.py\", line 59, in upload_cotizacion_file\n    ).click()\n      ~~~~~^^\n  File \"C:\\actions-runner\\_tool\\Python\\3.13.9\\x64\\Lib\\site-packages\\selenium\\webdriver\\remote\\webelement.py\", line 119, in click\n    self._execute(Command.CLICK_ELEMENT)\n    ~~~~~~~~~~~~~^^^^^^^^^^^^^^^^^^^^^^^\n  File \"C:\\actions-runner\\_tool\\Python\\3.13.9\\x64\\Lib\\site-packages\\selenium\\webdriver\\remote\\webelement.py\", line 572, in _execute\n    return self._parent.execute(command, params)\n           ~~~~~~~~~~~~~~~~~~~~^^^^^^^^^^^^^^^^^\n  File \"C:\\actions-runner\\_tool\\Python\\3.13.9\\x64\\Lib\\site-packages\\selenium\\webdriver\\remote\\webdriver.py\", line 458, in execute\n    self.error_handler.check_response(response)\n    ~~~~~~~~~~~~~~~~~~~~~~~~~~~~~~~~~^^^^^^^^^^\n  File \"C:\\actions-runner\\_tool\\Python\\3.13.9\\x64\\Lib\\site-packages\\selenium\\webdriver\\remote\\errorhandler.py\", line 233, in check_response\n    raise exception_class(message, screen, stacktrace)\n","flaky":false,"newFailed":false,"newBroken":false,"newPassed":false,"retriesCount":0,"retriesStatusChange":false,"beforeStages":[],"testStage":{"status":"broken","statusMessage":"selenium.common.exceptions.StaleElementReferenceException: Message: stale element reference: stale element not found in the current frame\n  (Session info: chrome=142.0.7444.60); For documentation on this error, please visit: https://www.selenium.dev/documentation/webdriver/troubleshooting/errors#staleelementreferenceexception\nStacktrace:\nSymbols not available. Dumping unresolved backtrace:\n\t0x7ff6c5f07a35\n\t0x7ff6c5f07a90\n\t0x7ff6c5c816ad\n\t0x7ff6c5c8948f\n\t0x7ff6c5c8c4ef\n\t0x7ff6c5c8c5af\n\t0x7ff6c5ce223b\n\t0x7ff6c5cdfcde\n\t0x7ff6c5cdcc11\n\t0x7ff6c5cdbad0\n\t0x7ff6c5ccd2c8\n\t0x7ff6c5d0297a\n\t0x7ff6c5cccb56\n\t0x7ff6c5d2b8fb\n\t0x7ff6c5ccb068\n\t0x7ff6c5ccbe93\n\t0x7ff6c61c29d0\n\t0x7ff6c61bce50\n\t0x7ff6c61dcc45\n\t0x7ff6c5f230ce\n\t0x7ff6c5f2adbf\n\t0x7ff6c5f10c14\n\t0x7ff6c5f10dcf\n\t0x7ff6c5ef6828\n\t0x7ffaaad3e8d7\n\t0x7ffaabf0c53c\n\n","statusTrace":"  File \"C:\\actions-runner\\_tool\\Python\\3.13.9\\x64\\Lib\\site-packages\\behave\\model.py\", line 1991, in run\n    match.run(runner.context)\n    ~~~~~~~~~^^^^^^^^^^^^^^^^\n  File \"C:\\actions-runner\\_tool\\Python\\3.13.9\\x64\\Lib\\site-packages\\behave\\matchers.py\", line 105, in run\n    self.func(context, *args, **kwargs)\n    ~~~~~~~~~^^^^^^^^^^^^^^^^^^^^^^^^^^\n  File \"features\\steps\\crear_cotizacion_masiva.steps.py\", line 16, in step_upload_file\n    context.page.upload_cotizacion_file(context)\n    ~~~~~~~~~~~~~~~~~~~~~~~~~~~~~~~~~~~^^^^^^^^^\n  File \"D:\\a\\AndinaCoreTesting\\AndinaCoreTesting\\pages\\cotizacion_masiva_page.py\", line 59, in upload_cotizacion_file\n    ).click()\n      ~~~~~^^\n  File \"C:\\actions-runner\\_tool\\Python\\3.13.9\\x64\\Lib\\site-packages\\selenium\\webdriver\\remote\\webelement.py\", line 119, in click\n    self._execute(Command.CLICK_ELEMENT)\n    ~~~~~~~~~~~~~^^^^^^^^^^^^^^^^^^^^^^^\n  File \"C:\\actions-runner\\_tool\\Python\\3.13.9\\x64\\Lib\\site-packages\\selenium\\webdriver\\remote\\webelement.py\", line 572, in _execute\n    return self._parent.execute(command, params)\n           ~~~~~~~~~~~~~~~~~~~~^^^^^^^^^^^^^^^^^\n  File \"C:\\actions-runner\\_tool\\Python\\3.13.9\\x64\\Lib\\site-packages\\selenium\\webdriver\\remote\\webdriver.py\", line 458, in execute\n    self.error_handler.check_response(response)\n    ~~~~~~~~~~~~~~~~~~~~~~~~~~~~~~~~~^^^^^^^^^^\n  File \"C:\\actions-runner\\_tool\\Python\\3.13.9\\x64\\Lib\\site-packages\\selenium\\webdriver\\remote\\errorhandler.py\", line 233, in check_response\n    raise exception_class(message, screen, stacktrace)\n","steps":[{"name":"Dado que abro la página de login","time":{"start":1763838305952,"stop":1763838307260,"duration":1308},"status":"passed","steps":[],"attachments":[],"parameters":[],"shouldDisplayMessage":false,"attachmentsCount":0,"attachmentStep":false,"hasContent":false,"stepsCount":0},{"name":"Y usando la identidad del archivo .env","time":{"start":1763838307261,"stop":1763838315633,"duration":8372},"status":"passed","steps":[],"attachments":[],"parameters":[],"shouldDisplayMessage":false,"attachmentsCount":0,"attachmentStep":false,"hasContent":false,"stepsCount":0},{"name":"Cuando navego a la página de cotización","time":{"start":1763838315633,"stop":1763838316329,"duration":696},"status":"passed","steps":[],"attachments":[],"parameters":[],"shouldDisplayMessage":false,"attachmentsCount":0,"attachmentStep":false,"hasContent":false,"stepsCount":0},{"name":"Y subo el archivo plano de cotización","time":{"start":1763838316330,"stop":1763838321300,"duration":4970},"status":"broken","statusMessage":"selenium.common.exceptions.StaleElementReferenceException: Message: stale element reference: stale element not found in the current frame\n  (Session info: chrome=142.0.7444.60); For documentation on this error, please visit: https://www.selenium.dev/documentation/webdriver/troubleshooting/errors#staleelementreferenceexception\nStacktrace:\nSymbols not available. Dumping unresolved backtrace:\n\t0x7ff6c5f07a35\n\t0x7ff6c5f07a90\n\t0x7ff6c5c816ad\n\t0x7ff6c5c8948f\n\t0x7ff6c5c8c4ef\n\t0x7ff6c5c8c5af\n\t0x7ff6c5ce223b\n\t0x7ff6c5cdfcde\n\t0x7ff6c5cdcc11\n\t0x7ff6c5cdbad0\n\t0x7ff6c5ccd2c8\n\t0x7ff6c5d0297a\n\t0x7ff6c5cccb56\n\t0x7ff6c5d2b8fb\n\t0x7ff6c5ccb068\n\t0x7ff6c5ccbe93\n\t0x7ff6c61c29d0\n\t0x7ff6c61bce50\n\t0x7ff6c61dcc45\n\t0x7ff6c5f230ce\n\t0x7ff6c5f2adbf\n\t0x7ff6c5f10c14\n\t0x7ff6c5f10dcf\n\t0x7ff6c5ef6828\n\t0x7ffaaad3e8d7\n\t0x7ffaabf0c53c\n\n","statusTrace":"  File \"C:\\actions-runner\\_tool\\Python\\3.13.9\\x64\\Lib\\site-packages\\behave\\model.py\", line 1991, in run\n    match.run(runner.context)\n    ~~~~~~~~~^^^^^^^^^^^^^^^^\n  File \"C:\\actions-runner\\_tool\\Python\\3.13.9\\x64\\Lib\\site-packages\\behave\\matchers.py\", line 105, in run\n    self.func(context, *args, **kwargs)\n    ~~~~~~~~~^^^^^^^^^^^^^^^^^^^^^^^^^^\n  File \"features\\steps\\crear_cotizacion_masiva.steps.py\", line 16, in step_upload_file\n    context.page.upload_cotizacion_file(context)\n    ~~~~~~~~~~~~~~~~~~~~~~~~~~~~~~~~~~~^^^^^^^^^\n  File \"D:\\a\\AndinaCoreTesting\\AndinaCoreTesting\\pages\\cotizacion_masiva_page.py\", line 59, in upload_cotizacion_file\n    ).click()\n      ~~~~~^^\n  File \"C:\\actions-runner\\_tool\\Python\\3.13.9\\x64\\Lib\\site-packages\\selenium\\webdriver\\remote\\webelement.py\", line 119, in click\n    self._execute(Command.CLICK_ELEMENT)\n    ~~~~~~~~~~~~~^^^^^^^^^^^^^^^^^^^^^^^\n  File \"C:\\actions-runner\\_tool\\Python\\3.13.9\\x64\\Lib\\site-packages\\selenium\\webdriver\\remote\\webelement.py\", line 572, in _execute\n    return self._parent.execute(command, params)\n           ~~~~~~~~~~~~~~~~~~~~^^^^^^^^^^^^^^^^^\n  File \"C:\\actions-runner\\_tool\\Python\\3.13.9\\x64\\Lib\\site-packages\\selenium\\webdriver\\remote\\webdriver.py\", line 458, in execute\n    self.error_handler.check_response(response)\n    ~~~~~~~~~~~~~~~~~~~~~~~~~~~~~~~~~^^^^^^^^^^\n  File \"C:\\actions-runner\\_tool\\Python\\3.13.9\\x64\\Lib\\site-packages\\selenium\\webdriver\\remote\\errorhandler.py\", line 233, in check_response\n    raise exception_class(message, screen, stacktrace)\n","steps":[],"attachments":[{"uid":"f9f2a18ceec12198","name":"Cargando el archivo de cotizacion","source":"f9f2a18ceec12198.png","type":"image/png","size":153438}],"parameters":[],"shouldDisplayMessage":true,"attachmentsCount":1,"attachmentStep":false,"hasContent":true,"stepsCount":0},{"name":"Entonces se descarga un archivo de resultados de cargue de cotizacion masiva","time":{"start":1763838324452,"stop":1763838324452,"duration":0},"status":"skipped","steps":[],"attachments":[],"parameters":[],"shouldDisplayMessage":false,"attachmentsCount":0,"attachmentStep":false,"hasContent":false,"stepsCount":0},{"name":"Y comparo los archivos de resultado descargado y archivo de referencia","time":{"start":1763838324452,"stop":1763838324452,"duration":0},"status":"skipped","steps":[],"attachments":[],"parameters":[],"shouldDisplayMessage":false,"attachmentsCount":0,"attachmentStep":false,"hasContent":false,"stepsCount":0},{"name":"Entonces la informacion es igual al archivo de referencia","time":{"start":1763838324452,"stop":1763838324452,"duration":0},"status":"skipped","steps":[],"attachments":[],"parameters":[],"shouldDisplayMessage":false,"attachmentsCount":0,"attachmentStep":false,"hasContent":false,"stepsCount":0}],"attachments":[],"parameters":[],"shouldDisplayMessage":false,"attachmentsCount":1,"attachmentStep":false,"hasContent":true,"stepsCount":7},"afterStages":[],"labels":[{"name":"severity","value":"normal"},{"name":"tag","value":"validacion_cotizacion_masiva"},{"name":"feature","value":"Validacion de resultado cotizacion masiva"},{"name":"framework","value":"behave"},{"name":"language","value":"cpython3"},{"name":"resultFormat","value":"allure2"}],"parameters":[],"links":[],"hidden":false,"retry":false,"extra":{"severity":"normal","retries":[],"categories":[{"name":"Test defects","matchedStatuses":[]}],"tags":["validacion_cotizacion_masiva"]},"source":"1ca463f38dd3146c.json","parameterValues":[]}