{"uid":"be068a6b56eac02","name":"Carga exitosa del archivo masivo y descarga de resultados","fullName":"Carga masiva de cotización: Carga exitosa del archivo masivo y descarga de resultados","historyId":"a26915b69921168eea35294074258aa7","time":{"start":1763751731454,"stop":1763751750694,"duration":19240},"status":"broken","statusMessage":"selenium.common.exceptions.StaleElementReferenceException: Message: stale element reference: stale element not found in the current frame\n  (Session info: chrome=142.0.7444.60); For documentation on this error, please visit: https://www.selenium.dev/documentation/webdriver/troubleshooting/errors#staleelementreferenceexception\nStacktrace:\nSymbols not available. Dumping unresolved backtrace:\n\t0x7ff65ae57a35\n\t0x7ff65ae57a90\n\t0x7ff65abd16ad\n\t0x7ff65abd948f\n\t0x7ff65abdc4ef\n\t0x7ff65abdc5af\n\t0x7ff65ac3223b\n\t0x7ff65ac2fcde\n\t0x7ff65ac2cc11\n\t0x7ff65ac2bad0\n\t0x7ff65ac1d6a6\n\t0x7ff65ac5297a\n\t0x7ff65ac1cb56\n\t0x7ff65ac7b8fb\n\t0x7ff65ac1b068\n\t0x7ff65ac1be93\n\t0x7ff65b1129d0\n\t0x7ff65b10ce50\n\t0x7ff65b12cc45\n\t0x7ff65ae730ce\n\t0x7ff65ae7adbf\n\t0x7ff65ae60c14\n\t0x7ff65ae60dcf\n\t0x7ff65ae46828\n\t0x7ff96b19e8d7\n\t0x7ff96c44c53c\n\n","statusTrace":"  File \"C:\\actions-runner\\_tool\\Python\\3.13.9\\x64\\Lib\\site-packages\\behave\\model.py\", line 1991, in run\n    match.run(runner.context)\n    ~~~~~~~~~^^^^^^^^^^^^^^^^\n  File \"C:\\actions-runner\\_tool\\Python\\3.13.9\\x64\\Lib\\site-packages\\behave\\matchers.py\", line 105, in run\n    self.func(context, *args, **kwargs)\n    ~~~~~~~~~^^^^^^^^^^^^^^^^^^^^^^^^^^\n  File \"features\\steps\\crear_cotizacion_masiva.steps.py\", line 16, in step_upload_file\n    context.page.upload_cotizacion_file(context)\n    ~~~~~~~~~~~~~~~~~~~~~~~~~~~~~~~~~~~^^^^^^^^^\n  File \"D:\\a\\AndinaCoreTesting\\AndinaCoreTesting\\pages\\cotizacion_masiva_page.py\", line 59, in upload_cotizacion_file\n    ).click()\n      ~~~~~^^\n  File \"C:\\actions-runner\\_tool\\Python\\3.13.9\\x64\\Lib\\site-packages\\selenium\\webdriver\\remote\\webelement.py\", line 119, in click\n    self._execute(Command.CLICK_ELEMENT)\n    ~~~~~~~~~~~~~^^^^^^^^^^^^^^^^^^^^^^^\n  File \"C:\\actions-runner\\_tool\\Python\\3.13.9\\x64\\Lib\\site-packages\\selenium\\webdriver\\remote\\webelement.py\", line 572, in _execute\n    return self._parent.execute(command, params)\n           ~~~~~~~~~~~~~~~~~~~~^^^^^^^^^^^^^^^^^\n  File \"C:\\actions-runner\\_tool\\Python\\3.13.9\\x64\\Lib\\site-packages\\selenium\\webdriver\\remote\\webdriver.py\", line 458, in execute\n    self.error_handler.check_response(response)\n    ~~~~~~~~~~~~~~~~~~~~~~~~~~~~~~~~~^^^^^^^^^^\n  File \"C:\\actions-runner\\_tool\\Python\\3.13.9\\x64\\Lib\\site-packages\\selenium\\webdriver\\remote\\errorhandler.py\", line 233, in check_response\n    raise exception_class(message, screen, stacktrace)\n","flaky":false,"newFailed":false,"newBroken":false,"newPassed":false,"retriesCount":1,"retriesStatusChange":false,"beforeStages":[],"testStage":{"status":"broken","statusMessage":"selenium.common.exceptions.StaleElementReferenceException: Message: stale element reference: stale element not found in the current frame\n  (Session info: chrome=142.0.7444.60); For documentation on this error, please visit: https://www.selenium.dev/documentation/webdriver/troubleshooting/errors#staleelementreferenceexception\nStacktrace:\nSymbols not available. Dumping unresolved backtrace:\n\t0x7ff65ae57a35\n\t0x7ff65ae57a90\n\t0x7ff65abd16ad\n\t0x7ff65abd948f\n\t0x7ff65abdc4ef\n\t0x7ff65abdc5af\n\t0x7ff65ac3223b\n\t0x7ff65ac2fcde\n\t0x7ff65ac2cc11\n\t0x7ff65ac2bad0\n\t0x7ff65ac1d6a6\n\t0x7ff65ac5297a\n\t0x7ff65ac1cb56\n\t0x7ff65ac7b8fb\n\t0x7ff65ac1b068\n\t0x7ff65ac1be93\n\t0x7ff65b1129d0\n\t0x7ff65b10ce50\n\t0x7ff65b12cc45\n\t0x7ff65ae730ce\n\t0x7ff65ae7adbf\n\t0x7ff65ae60c14\n\t0x7ff65ae60dcf\n\t0x7ff65ae46828\n\t0x7ff96b19e8d7\n\t0x7ff96c44c53c\n\n","statusTrace":"  File \"C:\\actions-runner\\_tool\\Python\\3.13.9\\x64\\Lib\\site-packages\\behave\\model.py\", line 1991, in run\n    match.run(runner.context)\n    ~~~~~~~~~^^^^^^^^^^^^^^^^\n  File \"C:\\actions-runner\\_tool\\Python\\3.13.9\\x64\\Lib\\site-packages\\behave\\matchers.py\", line 105, in run\n    self.func(context, *args, **kwargs)\n    ~~~~~~~~~^^^^^^^^^^^^^^^^^^^^^^^^^^\n  File \"features\\steps\\crear_cotizacion_masiva.steps.py\", line 16, in step_upload_file\n    context.page.upload_cotizacion_file(context)\n    ~~~~~~~~~~~~~~~~~~~~~~~~~~~~~~~~~~~^^^^^^^^^\n  File \"D:\\a\\AndinaCoreTesting\\AndinaCoreTesting\\pages\\cotizacion_masiva_page.py\", line 59, in upload_cotizacion_file\n    ).click()\n      ~~~~~^^\n  File \"C:\\actions-runner\\_tool\\Python\\3.13.9\\x64\\Lib\\site-packages\\selenium\\webdriver\\remote\\webelement.py\", line 119, in click\n    self._execute(Command.CLICK_ELEMENT)\n    ~~~~~~~~~~~~~^^^^^^^^^^^^^^^^^^^^^^^\n  File \"C:\\actions-runner\\_tool\\Python\\3.13.9\\x64\\Lib\\site-packages\\selenium\\webdriver\\remote\\webelement.py\", line 572, in _execute\n    return self._parent.execute(command, params)\n           ~~~~~~~~~~~~~~~~~~~~^^^^^^^^^^^^^^^^^\n  File \"C:\\actions-runner\\_tool\\Python\\3.13.9\\x64\\Lib\\site-packages\\selenium\\webdriver\\remote\\webdriver.py\", line 458, in execute\n    self.error_handler.check_response(response)\n    ~~~~~~~~~~~~~~~~~~~~~~~~~~~~~~~~~^^^^^^^^^^\n  File \"C:\\actions-runner\\_tool\\Python\\3.13.9\\x64\\Lib\\site-packages\\selenium\\webdriver\\remote\\errorhandler.py\", line 233, in check_response\n    raise exception_class(message, screen, stacktrace)\n","steps":[{"name":"Dado que abro la página de login","time":{"start":1763751733152,"stop":1763751734705,"duration":1553},"status":"passed","steps":[],"attachments":[],"parameters":[],"attachmentStep":false,"stepsCount":0,"hasContent":false,"shouldDisplayMessage":false,"attachmentsCount":0},{"name":"Y usando la identidad del archivo .env","time":{"start":1763751734705,"stop":1763751743273,"duration":8568},"status":"passed","steps":[],"attachments":[],"parameters":[],"attachmentStep":false,"stepsCount":0,"hasContent":false,"shouldDisplayMessage":false,"attachmentsCount":0},{"name":"Cuando navego a la página de cotización","time":{"start":1763751743273,"stop":1763751743898,"duration":625},"status":"passed","steps":[],"attachments":[],"parameters":[],"attachmentStep":false,"stepsCount":0,"hasContent":false,"shouldDisplayMessage":false,"attachmentsCount":0},{"name":"Y subo el archivo plano de cotización","time":{"start":1763751743898,"stop":1763751748381,"duration":4483},"status":"broken","statusMessage":"selenium.common.exceptions.StaleElementReferenceException: Message: stale element reference: stale element not found in the current frame\n  (Session info: chrome=142.0.7444.60); For documentation on this error, please visit: https://www.selenium.dev/documentation/webdriver/troubleshooting/errors#staleelementreferenceexception\nStacktrace:\nSymbols not available. Dumping unresolved backtrace:\n\t0x7ff65ae57a35\n\t0x7ff65ae57a90\n\t0x7ff65abd16ad\n\t0x7ff65abd948f\n\t0x7ff65abdc4ef\n\t0x7ff65abdc5af\n\t0x7ff65ac3223b\n\t0x7ff65ac2fcde\n\t0x7ff65ac2cc11\n\t0x7ff65ac2bad0\n\t0x7ff65ac1d6a6\n\t0x7ff65ac5297a\n\t0x7ff65ac1cb56\n\t0x7ff65ac7b8fb\n\t0x7ff65ac1b068\n\t0x7ff65ac1be93\n\t0x7ff65b1129d0\n\t0x7ff65b10ce50\n\t0x7ff65b12cc45\n\t0x7ff65ae730ce\n\t0x7ff65ae7adbf\n\t0x7ff65ae60c14\n\t0x7ff65ae60dcf\n\t0x7ff65ae46828\n\t0x7ff96b19e8d7\n\t0x7ff96c44c53c\n\n","statusTrace":"  File \"C:\\actions-runner\\_tool\\Python\\3.13.9\\x64\\Lib\\site-packages\\behave\\model.py\", line 1991, in run\n    match.run(runner.context)\n    ~~~~~~~~~^^^^^^^^^^^^^^^^\n  File \"C:\\actions-runner\\_tool\\Python\\3.13.9\\x64\\Lib\\site-packages\\behave\\matchers.py\", line 105, in run\n    self.func(context, *args, **kwargs)\n    ~~~~~~~~~^^^^^^^^^^^^^^^^^^^^^^^^^^\n  File \"features\\steps\\crear_cotizacion_masiva.steps.py\", line 16, in step_upload_file\n    context.page.upload_cotizacion_file(context)\n    ~~~~~~~~~~~~~~~~~~~~~~~~~~~~~~~~~~~^^^^^^^^^\n  File \"D:\\a\\AndinaCoreTesting\\AndinaCoreTesting\\pages\\cotizacion_masiva_page.py\", line 59, in upload_cotizacion_file\n    ).click()\n      ~~~~~^^\n  File \"C:\\actions-runner\\_tool\\Python\\3.13.9\\x64\\Lib\\site-packages\\selenium\\webdriver\\remote\\webelement.py\", line 119, in click\n    self._execute(Command.CLICK_ELEMENT)\n    ~~~~~~~~~~~~~^^^^^^^^^^^^^^^^^^^^^^^\n  File \"C:\\actions-runner\\_tool\\Python\\3.13.9\\x64\\Lib\\site-packages\\selenium\\webdriver\\remote\\webelement.py\", line 572, in _execute\n    return self._parent.execute(command, params)\n           ~~~~~~~~~~~~~~~~~~~~^^^^^^^^^^^^^^^^^\n  File \"C:\\actions-runner\\_tool\\Python\\3.13.9\\x64\\Lib\\site-packages\\selenium\\webdriver\\remote\\webdriver.py\", line 458, in execute\n    self.error_handler.check_response(response)\n    ~~~~~~~~~~~~~~~~~~~~~~~~~~~~~~~~~^^^^^^^^^^\n  File \"C:\\actions-runner\\_tool\\Python\\3.13.9\\x64\\Lib\\site-packages\\selenium\\webdriver\\remote\\errorhandler.py\", line 233, in check_response\n    raise exception_class(message, screen, stacktrace)\n","steps":[],"attachments":[{"uid":"f392ec6c215b8a28","name":"Cargando el archivo de cotizacion","source":"f392ec6c215b8a28.png","type":"image/png","size":124606}],"parameters":[],"attachmentStep":false,"stepsCount":0,"hasContent":true,"shouldDisplayMessage":true,"attachmentsCount":1},{"name":"Entonces se descarga un archivo de resultados de cargue de cotizacion masiva","time":{"start":1763751750694,"stop":1763751750694,"duration":0},"status":"skipped","steps":[],"attachments":[],"parameters":[],"attachmentStep":false,"stepsCount":0,"hasContent":false,"shouldDisplayMessage":false,"attachmentsCount":0}],"attachments":[],"parameters":[],"attachmentStep":false,"stepsCount":5,"hasContent":true,"shouldDisplayMessage":false,"attachmentsCount":1},"afterStages":[],"labels":[{"name":"severity","value":"normal"},{"name":"tag","value":"crear_cotizacion_masiva"},{"name":"feature","value":"Carga masiva de cotización"},{"name":"framework","value":"behave"},{"name":"language","value":"cpython3"},{"name":"resultFormat","value":"allure2"}],"parameters":[],"links":[],"hidden":false,"retry":false,"extra":{"severity":"normal","retries":[{"uid":"a35dea08fe10af58","status":"broken","statusDetails":"selenium.common.exceptions.TimeoutException: Message: \nStacktrace:\nSymbols not available. Dumping unresolved backtrace:\n\t0x7ff65ae57a35\n\t0x7ff65ae57a90\n\t0x7ff65abd16ad\n\t0x7ff65ac2a13e\n\t0x7ff65ac2a44c\n\t0x7ff65ac7ebe7\n\t0x7ff65ac7b8fb\n\t0x7ff65ac1b068\n\t0x7ff65ac1be93\n\t0x7ff65b1129d0\n\t0x7ff65b10ce50\n\t0x7ff65b12cc45\n\t0x7ff65ae730ce\n\t0x7ff65ae7adbf\n\t0x7ff65ae60c14\n\t0x7ff65ae60dcf\n\t0x7ff65ae46828\n\t0x7ff96b19e8d7\n\t0x7ff96c44c53c\n\n","time":{"start":1763751621117,"stop":1763751697132,"duration":76015}}],"categories":[{"name":"Test defects","matchedStatuses":[]}],"tags":["crear_cotizacion_masiva"]},"source":"be068a6b56eac02.json","parameterValues":[]}