{"uid":"4eee67261a470cf","name":"Crear y eliminar vigencias para una lista de parámetros","fullName":"Edicion de parametros: Crear y eliminar vigencias para una lista de parámetros","historyId":"08a2efc5cdbcf3db7ceb4c2618ddd288","time":{"start":1763608008741,"stop":1763608054050,"duration":45309},"status":"broken","statusMessage":"selenium.common.exceptions.TimeoutException: Message: \nStacktrace:\nSymbols not available. Dumping unresolved backtrace:\n\t0x7ff778747a35\n\t0x7ff778747a90\n\t0x7ff7784c16ad\n\t0x7ff77851a13e\n\t0x7ff77851a44c\n\t0x7ff77856ebe7\n\t0x7ff77856b8fb\n\t0x7ff77850b068\n\t0x7ff77850be93\n\t0x7ff778a029d0\n\t0x7ff7789fce50\n\t0x7ff778a1cc45\n\t0x7ff7787630ce\n\t0x7ff77876adbf\n\t0x7ff778750c14\n\t0x7ff778750dcf\n\t0x7ff778736828\n\t0x7ffce41be8d7\n\t0x7ffce562c53c\n\n","statusTrace":"  File \"C:\\actions-runner\\_tool\\Python\\3.13.9\\x64\\Lib\\site-packages\\behave\\model.py\", line 1991, in run\n    match.run(runner.context)\n    ~~~~~~~~~^^^^^^^^^^^^^^^^\n  File \"C:\\actions-runner\\_tool\\Python\\3.13.9\\x64\\Lib\\site-packages\\behave\\matchers.py\", line 105, in run\n    self.func(context, *args, **kwargs)\n    ~~~~~~~~~^^^^^^^^^^^^^^^^^^^^^^^^^^\n  File \"features\\steps\\parametria.steps.py\", line 12, in step_impl\n    context.page.Listar_parametros(context)\n    ~~~~~~~~~~~~~~~~~~~~~~~~~~~~~~^^^^^^^^^\n  File \"D:\\a\\AndinaCoreTesting\\AndinaCoreTesting\\pages\\parametria_page.py\", line 31, in Listar_parametros\n    WebDriverWait(self.driver, 30).until(\n    ~~~~~~~~~~~~~~~~~~~~~~~~~~~~~~~~~~~~^\n    EC.presence_of_element_located(\n    ^^^^^^^^^^^^^^^^^^^^^^^^^^^^^^^\n        (By.XPATH, \"//table[contains(@class,'q-table')]//tbody/tr\"))\n        ^^^^^^^^^^^^^^^^^^^^^^^^^^^^^^^^^^^^^^^^^^^^^^^^^^^^^^^^^^^^\n    )\n    ^\n  File \"C:\\actions-runner\\_tool\\Python\\3.13.9\\x64\\Lib\\site-packages\\selenium\\webdriver\\support\\wait.py\", line 138, in until\n    raise TimeoutException(message, screen, stacktrace)\n","flaky":false,"newFailed":false,"newBroken":false,"newPassed":false,"retriesCount":0,"retriesStatusChange":false,"beforeStages":[],"testStage":{"status":"broken","statusMessage":"selenium.common.exceptions.TimeoutException: Message: \nStacktrace:\nSymbols not available. Dumping unresolved backtrace:\n\t0x7ff778747a35\n\t0x7ff778747a90\n\t0x7ff7784c16ad\n\t0x7ff77851a13e\n\t0x7ff77851a44c\n\t0x7ff77856ebe7\n\t0x7ff77856b8fb\n\t0x7ff77850b068\n\t0x7ff77850be93\n\t0x7ff778a029d0\n\t0x7ff7789fce50\n\t0x7ff778a1cc45\n\t0x7ff7787630ce\n\t0x7ff77876adbf\n\t0x7ff778750c14\n\t0x7ff778750dcf\n\t0x7ff778736828\n\t0x7ffce41be8d7\n\t0x7ffce562c53c\n\n","statusTrace":"  File \"C:\\actions-runner\\_tool\\Python\\3.13.9\\x64\\Lib\\site-packages\\behave\\model.py\", line 1991, in run\n    match.run(runner.context)\n    ~~~~~~~~~^^^^^^^^^^^^^^^^\n  File \"C:\\actions-runner\\_tool\\Python\\3.13.9\\x64\\Lib\\site-packages\\behave\\matchers.py\", line 105, in run\n    self.func(context, *args, **kwargs)\n    ~~~~~~~~~^^^^^^^^^^^^^^^^^^^^^^^^^^\n  File \"features\\steps\\parametria.steps.py\", line 12, in step_impl\n    context.page.Listar_parametros(context)\n    ~~~~~~~~~~~~~~~~~~~~~~~~~~~~~~^^^^^^^^^\n  File \"D:\\a\\AndinaCoreTesting\\AndinaCoreTesting\\pages\\parametria_page.py\", line 31, in Listar_parametros\n    WebDriverWait(self.driver, 30).until(\n    ~~~~~~~~~~~~~~~~~~~~~~~~~~~~~~~~~~~~^\n    EC.presence_of_element_located(\n    ^^^^^^^^^^^^^^^^^^^^^^^^^^^^^^^\n        (By.XPATH, \"//table[contains(@class,'q-table')]//tbody/tr\"))\n        ^^^^^^^^^^^^^^^^^^^^^^^^^^^^^^^^^^^^^^^^^^^^^^^^^^^^^^^^^^^^\n    )\n    ^\n  File \"C:\\actions-runner\\_tool\\Python\\3.13.9\\x64\\Lib\\site-packages\\selenium\\webdriver\\support\\wait.py\", line 138, in until\n    raise TimeoutException(message, screen, stacktrace)\n","steps":[{"name":"Dado que abro la página de login","time":{"start":1763608010127,"stop":1763608011432,"duration":1305},"status":"passed","steps":[],"attachments":[],"parameters":[],"shouldDisplayMessage":false,"attachmentsCount":0,"stepsCount":0,"hasContent":false,"attachmentStep":false},{"name":"Y usando la identidad del archivo .env","time":{"start":1763608011432,"stop":1763608019741,"duration":8309},"status":"passed","steps":[],"attachments":[],"parameters":[],"shouldDisplayMessage":false,"attachmentsCount":0,"stepsCount":0,"hasContent":false,"attachmentStep":false},{"name":"Dado que estoy en la página de parámetros de actualización periódica","time":{"start":1763608019741,"stop":1763608050572,"duration":30831},"status":"broken","statusMessage":"selenium.common.exceptions.TimeoutException: Message: \nStacktrace:\nSymbols not available. Dumping unresolved backtrace:\n\t0x7ff778747a35\n\t0x7ff778747a90\n\t0x7ff7784c16ad\n\t0x7ff77851a13e\n\t0x7ff77851a44c\n\t0x7ff77856ebe7\n\t0x7ff77856b8fb\n\t0x7ff77850b068\n\t0x7ff77850be93\n\t0x7ff778a029d0\n\t0x7ff7789fce50\n\t0x7ff778a1cc45\n\t0x7ff7787630ce\n\t0x7ff77876adbf\n\t0x7ff778750c14\n\t0x7ff778750dcf\n\t0x7ff778736828\n\t0x7ffce41be8d7\n\t0x7ffce562c53c\n\n","statusTrace":"  File \"C:\\actions-runner\\_tool\\Python\\3.13.9\\x64\\Lib\\site-packages\\behave\\model.py\", line 1991, in run\n    match.run(runner.context)\n    ~~~~~~~~~^^^^^^^^^^^^^^^^\n  File \"C:\\actions-runner\\_tool\\Python\\3.13.9\\x64\\Lib\\site-packages\\behave\\matchers.py\", line 105, in run\n    self.func(context, *args, **kwargs)\n    ~~~~~~~~~^^^^^^^^^^^^^^^^^^^^^^^^^^\n  File \"features\\steps\\parametria.steps.py\", line 12, in step_impl\n    context.page.Listar_parametros(context)\n    ~~~~~~~~~~~~~~~~~~~~~~~~~~~~~~^^^^^^^^^\n  File \"D:\\a\\AndinaCoreTesting\\AndinaCoreTesting\\pages\\parametria_page.py\", line 31, in Listar_parametros\n    WebDriverWait(self.driver, 30).until(\n    ~~~~~~~~~~~~~~~~~~~~~~~~~~~~~~~~~~~~^\n    EC.presence_of_element_located(\n    ^^^^^^^^^^^^^^^^^^^^^^^^^^^^^^^\n        (By.XPATH, \"//table[contains(@class,'q-table')]//tbody/tr\"))\n        ^^^^^^^^^^^^^^^^^^^^^^^^^^^^^^^^^^^^^^^^^^^^^^^^^^^^^^^^^^^^\n    )\n    ^\n  File \"C:\\actions-runner\\_tool\\Python\\3.13.9\\x64\\Lib\\site-packages\\selenium\\webdriver\\support\\wait.py\", line 138, in until\n    raise TimeoutException(message, screen, stacktrace)\n","steps":[],"attachments":[],"parameters":[],"shouldDisplayMessage":true,"attachmentsCount":0,"stepsCount":0,"hasContent":true,"attachmentStep":false},{"name":"Cuando creo vigencias para:","time":{"start":1763608054050,"stop":1763608054050,"duration":0},"status":"skipped","steps":[],"attachments":[{"uid":"21dfb2211dbc5411","name":".table","source":"21dfb2211dbc5411.csv","type":"text/csv","size":139}],"parameters":[],"shouldDisplayMessage":false,"attachmentsCount":1,"stepsCount":0,"hasContent":true,"attachmentStep":false},{"name":"Entonces todas las vigencias quedan creadas","time":{"start":1763608054050,"stop":1763608054050,"duration":0},"status":"skipped","steps":[],"attachments":[],"parameters":[],"shouldDisplayMessage":false,"attachmentsCount":0,"stepsCount":0,"hasContent":false,"attachmentStep":false},{"name":"Y elimino las vigencias creadas","time":{"start":1763608054050,"stop":1763608054050,"duration":0},"status":"skipped","steps":[],"attachments":[],"parameters":[],"shouldDisplayMessage":false,"attachmentsCount":0,"stepsCount":0,"hasContent":false,"attachmentStep":false}],"attachments":[],"parameters":[],"shouldDisplayMessage":false,"attachmentsCount":1,"stepsCount":6,"hasContent":true,"attachmentStep":false},"afterStages":[],"labels":[{"name":"severity","value":"normal"},{"name":"tag","value":"parametros"},{"name":"feature","value":"Edicion de parametros"},{"name":"framework","value":"behave"},{"name":"language","value":"cpython3"},{"name":"resultFormat","value":"allure2"}],"parameters":[],"links":[],"hidden":false,"retry":false,"extra":{"severity":"normal","retries":[],"categories":[{"name":"Test defects","matchedStatuses":[]}],"tags":["parametros"]},"source":"4eee67261a470cf.json","parameterValues":[]}